[ERROR][2014-09-18 09:47:58,730][ExceptionHandlerBase] - [File=[E:\project\hg\/projects/gcu/drawings/f01-08.dwg] is missing. Please contact your system administrator.|4]
[ERROR][2014-09-18 09:47:58,730][ExceptionHandlerBase] - [Request =[POST /archibus/cxf/drawingManagementService HTTP/1.1
Content-Type: multipart/related; type="application/xop+xml";start="<http://tempuri.org/0>";boundary="uuid:277430ca-55e0-48f8-8993-ac631c50acbf+id=581";start-info="text/xml"
Cookie: JSESSIONID=nfv1ki8eb4cm
SOAPAction: ""
Host: 192.168.139.8:8090
Content-Length: 2918128
Expect: 100-continue
Accept-Encoding: gzip, deflate
MIME-Version: 1.0

], session=[nfv1ki8eb4cm]]
[ERROR][2014-09-18 09:48:26,108][ExceptionHandlerBase] - [File=[E:\project\hg\/projects/gcu/drawings/f01-02.dwg] is missing. Please contact your system administrator.|4]
[ERROR][2014-09-18 09:48:26,108][ExceptionHandlerBase] - [Request =[POST /archibus/cxf/drawingManagementService HTTP/1.1
Content-Type: multipart/related; type="application/xop+xml";start="<http://tempuri.org/0>";boundary="uuid:277430ca-55e0-48f8-8993-ac631c50acbf+id=876";start-info="text/xml"
Cookie: JSESSIONID=nfv1ki8eb4cm
SOAPAction: ""
Host: 192.168.139.8:8090
Content-Length: 2020863
Expect: 100-continue
Accept-Encoding: gzip, deflate
MIME-Version: 1.0

], session=[nfv1ki8eb4cm]]
[ERROR][2014-09-18 09:59:40,827][Authenticated] - [View [/login.axvw] is prohibited]
[ERROR][2014-09-18 10:01:06,218][NotAuthenticated] - [View [/ab-blank.axvw] is prohibited]
[ERROR][2014-09-18 10:01:06,218][NotAuthenticated] - [Prohibited view was requested, forwarding to login view]
[ERROR][2014-09-18 10:05:30,311][ExceptionHandlerBase] - [File=[E:\project\hg\/projects/gcu/drawings/f01-08.dwg] is missing. Please contact your system administrator.|4]
[ERROR][2014-09-18 10:05:30,311][ExceptionHandlerBase] - [Request =[POST /archibus/cxf/drawingManagementService HTTP/1.1
Content-Type: multipart/related; type="application/xop+xml";start="<http://tempuri.org/0>";boundary="uuid:efa079b8-32f1-44c7-b180-b18755bc79cb+id=1523";start-info="text/xml"
SOAPAction: ""
Host: 192.168.139.8:8090
Content-Length: 2918131
Expect: 100-continue
Accept-Encoding: gzip, deflate
Cookie: JSESSIONID=w9fb0uzl69an
MIME-Version: 1.0

], session=[w9fb0uzl69an]]
[ERROR][2014-09-18 10:29:16,061][WorkflowRuleImpl] - [com.archibus.app.common.space.service.RoomTransactionDataEventListener
	at com.archibus.jobmanager.EventHandlerAdapter.createEventHandler(EventHandlerAdapter.java:127)
	at com.archibus.jobmanager.EventHandlerAdapter.<init>(EventHandlerAdapter.java:81)
	at com.archibus.jobmanager.WorkflowRuleImpl.verifyEventHandlers(WorkflowRuleImpl.java:653)
	at com.archibus.jobmanager.WorkflowRuleImpl.<init>(WorkflowRuleImpl.java:552)
	at com.archibus.jobmanager.WorkflowRuleImpl.<init>(WorkflowRuleImpl.java:526)
	at com.archibus.jobmanager.WorkflowRulesContainerLoader.loadWorkflowRule(WorkflowRulesContainerLoader.java:381)
	at com.archibus.jobmanager.WorkflowRulesContainerLoader.loadWorkflowRule(WorkflowRulesContainerLoader.java:329)
	at com.archibus.jobmanager.WorkflowRulesContainerLoader.configure(WorkflowRulesContainerLoader.java:244)
	at com.archibus.jobmanager.WorkflowRulesContainerLoader.afterLoad(WorkflowRulesContainerLoader.java:87)
	at com.archibus.config.ClassCreator.load(ClassCreator.java:100)
	at com.archibus.config.ClassCreator.applyParametersAndLoad(ClassCreator.java:133)
	at com.archibus.config.SpringBeanClassCreator.createObject(SpringBeanClassCreator.java:46)
	at com.archibus.config.CacheAccessImpl$ObjectCreatorBaseImpl.createLoaderAndObject(CacheAccessImpl.java:201)
	at com.archibus.config.CacheAccessImpl$CachedObjectCreatorImpl.createObject(CacheAccessImpl.java:272)
	at com.archibus.config.CacheAccessImpl.createCached(CacheAccessImpl.java:153)
	at com.archibus.config.ProjectImpl.loadWorkflowRules(ProjectImpl.java:590)
	at com.archibus.config.ProjectImpl.loadWorkflowRules(ProjectImpl.java:541)
	at com.archibus.config.ProjectImpl.loadWorkflowRules(ProjectImpl.java:498)
	at com.archibus.config.ProjectLoader.openProject(ProjectLoader.java:263)
	at com.archibus.config.ProjectLoader.afterCached(ProjectLoader.java:150)
	at com.archibus.config.CacheAccessImpl$CachedObjectCreatorImpl.createObject(CacheAccessImpl.java:283)
	at com.archibus.config.CacheAccessImpl.createCached(CacheAccessImpl.java:153)
	at com.archibus.config.ProjectsFactory.readProjectConfigs(ProjectsFactory.java:142)
	at com.archibus.config.ProjectsFactory.access$000(ProjectsFactory.java:22)
	at com.archibus.config.ProjectsFactory$1.doWithContext(ProjectsFactory.java:58)
	at com.archibus.context.utility.ContextTemplate.doWithContextWrappedException(ContextTemplate.java:113)
	at com.archibus.config.ProjectsFactory.createProjects(ProjectsFactory.java:55)
	at sun.reflect.NativeMethodAccessorImpl.invoke0(Native Method)
	at sun.reflect.NativeMethodAccessorImpl.invoke(NativeMethodAccessorImpl.java:39)
	at sun.reflect.DelegatingMethodAccessorImpl.invoke(DelegatingMethodAccessorImpl.java:25)
	at java.lang.reflect.Method.invoke(Method.java:597)
	at org.springframework.beans.factory.support.SimpleInstantiationStrategy.instantiate(SimpleInstantiationStrategy.java:115)
	at org.springframework.beans.factory.support.ConstructorResolver.instantiateUsingFactoryMethod(ConstructorResolver.java:435)
	at org.springframework.beans.factory.support.AbstractAutowireCapableBeanFactory.instantiateUsingFactoryMethod(AbstractAutowireCapableBeanFactory.java:903)
	at org.springframework.beans.factory.support.AbstractAutowireCapableBeanFactory.createBeanInstance(AbstractAutowireCapableBeanFactory.java:817)
	at org.springframework.beans.factory.support.AbstractAutowireCapableBeanFactory.doCreateBean(AbstractAutowireCapableBeanFactory.java:440)
	at org.springframework.beans.factory.support.AbstractAutowireCapableBeanFactory$1.run(AbstractAutowireCapableBeanFactory.java:409)
	at java.security.AccessController.doPrivileged(Native Method)
	at org.springframework.beans.factory.support.AbstractAutowireCapableBeanFactory.createBean(AbstractAutowireCapableBeanFactory.java:380)
	at org.springframework.beans.factory.support.AbstractBeanFactory$1.getObject(AbstractBeanFactory.java:264)
	at org.springframework.beans.factory.support.DefaultSingletonBeanRegistry.getSingleton(DefaultSingletonBeanRegistry.java:222)
	at org.springframework.beans.factory.support.AbstractBeanFactory.doGetBean(AbstractBeanFactory.java:261)
	at org.springframework.beans.factory.support.AbstractBeanFactory.getBean(AbstractBeanFactory.java:185)
	at org.springframework.beans.factory.support.AbstractBeanFactory.getBean(AbstractBeanFactory.java:164)
	at org.springframework.beans.factory.support.DefaultListableBeanFactory.preInstantiateSingletons(DefaultListableBeanFactory.java:429)
	at org.springframework.context.support.AbstractApplicationContext.finishBeanFactoryInitialization(AbstractApplicationContext.java:728)
	at org.springframework.context.support.AbstractApplicationContext.refresh(AbstractApplicationContext.java:380)
	at org.springframework.web.context.ContextLoader.createWebApplicationContext(ContextLoader.java:255)
	at org.springframework.web.context.ContextLoader.initWebApplicationContext(ContextLoader.java:199)
	at org.springframework.web.context.ContextLoaderListener.contextInitialized(ContextLoaderListener.java:45)
	at com.archibus.servletx.WebCentralContextLoaderListener.contextInitialized(WebCentralContextLoaderListener.java:60)
	at org.mortbay.jetty.handler.ContextHandler.startContext(ContextHandler.java:547)
	at org.mortbay.jetty.servlet.Context.startContext(Context.java:136)
	at org.mortbay.jetty.webapp.WebAppContext.startContext(WebAppContext.java:1233)
	at org.mortbay.jetty.handler.ContextHandler.doStart(ContextHandler.java:516)
	at org.mortbay.jetty.webapp.WebAppContext.doStart(WebAppContext.java:459)
	at org.mortbay.component.AbstractLifeCycle.start(AbstractLifeCycle.java:42)
	at org.mortbay.jetty.handler.HandlerCollection.doStart(HandlerCollection.java:152)
	at org.mortbay.jetty.handler.ContextHandlerCollection.doStart(ContextHandlerCollection.java:156)
	at org.mortbay.component.AbstractLifeCycle.start(AbstractLifeCycle.java:42)
	at org.mortbay.jetty.handler.HandlerCollection.doStart(HandlerCollection.java:152)
	at org.mortbay.component.AbstractLifeCycle.start(AbstractLifeCycle.java:42)
	at org.mortbay.jetty.handler.HandlerWrapper.doStart(HandlerWrapper.java:130)
	at org.mortbay.jetty.Server.doStart(Server.java:222)
	at org.mortbay.component.AbstractLifeCycle.start(AbstractLifeCycle.java:42)
	at org.mortbay.xml.XmlConfiguration.main(XmlConfiguration.java:985)
	at sun.reflect.NativeMethodAccessorImpl.invoke0(Native Method)
	at sun.reflect.NativeMethodAccessorImpl.invoke(NativeMethodAccessorImpl.java:39)
	at sun.reflect.DelegatingMethodAccessorImpl.invoke(DelegatingMethodAccessorImpl.java:25)
	at java.lang.reflect.Method.invoke(Method.java:597)
	at org.mortbay.start.Main.invokeMain(Main.java:194)
	at org.mortbay.start.Main.start(Main.java:523)
	at org.mortbay.start.Main.main(Main.java:119)
Caused by: java.lang.ClassNotFoundException: com.archibus.app.common.space.service.RoomTransactionDataEventListener
	at java.net.URLClassLoader$1.run(URLClassLoader.java:202)
	... 72 more
]
[ERROR][2014-09-18 10:29:16,062][WorkflowRulesContainerLoader] - [Workflow rule is invalid: [AbSpaceRoomInventoryBAR-RoomTransactionRecorderForDataChangeEvent]]
[ERROR][2014-09-18 10:29:16,697][WorkflowRuleImpl] - [com.archibus.service.school.equipment.EquipmentService
	at com.archibus.jobmanager.EventHandlerAdapter.createEventHandler(EventHandlerAdapter.java:127)
	at com.archibus.jobmanager.EventHandlerAdapter.<init>(EventHandlerAdapter.java:81)
	at com.archibus.jobmanager.WorkflowRuleImpl.verifyEventHandlers(WorkflowRuleImpl.java:653)
	at com.archibus.jobmanager.WorkflowRuleImpl.<init>(WorkflowRuleImpl.java:552)
	at com.archibus.jobmanager.WorkflowRuleImpl.<init>(WorkflowRuleImpl.java:526)
	at com.archibus.jobmanager.WorkflowRulesContainerLoader.loadWorkflowRule(WorkflowRulesContainerLoader.java:381)
	at com.archibus.jobmanager.WorkflowRulesContainerLoader.loadWorkflowRule(WorkflowRulesContainerLoader.java:329)
	at com.archibus.jobmanager.WorkflowRulesContainerLoader.configure(WorkflowRulesContainerLoader.java:244)
	at com.archibus.jobmanager.WorkflowRulesContainerLoader.afterLoad(WorkflowRulesContainerLoader.java:87)
	at com.archibus.config.ClassCreator.load(ClassCreator.java:100)
	at com.archibus.config.ClassCreator.applyParametersAndLoad(ClassCreator.java:133)
	at com.archibus.config.SpringBeanClassCreator.createObject(SpringBeanClassCreator.java:46)
	at com.archibus.config.CacheAccessImpl$ObjectCreatorBaseImpl.createLoaderAndObject(CacheAccessImpl.java:201)
	at com.archibus.config.CacheAccessImpl$CachedObjectCreatorImpl.createObject(CacheAccessImpl.java:272)
	at com.archibus.config.CacheAccessImpl.createCached(CacheAccessImpl.java:153)
	at com.archibus.config.ProjectImpl.loadWorkflowRules(ProjectImpl.java:590)
	at com.archibus.config.ProjectImpl.loadWorkflowRules(ProjectImpl.java:541)
	at com.archibus.config.ProjectImpl.loadWorkflowRules(ProjectImpl.java:498)
	at com.archibus.config.ProjectLoader.openProject(ProjectLoader.java:263)
	at com.archibus.config.ProjectLoader.afterCached(ProjectLoader.java:150)
	at com.archibus.config.CacheAccessImpl$CachedObjectCreatorImpl.createObject(CacheAccessImpl.java:283)
	at com.archibus.config.CacheAccessImpl.createCached(CacheAccessImpl.java:153)
	at com.archibus.config.ProjectsFactory.readProjectConfigs(ProjectsFactory.java:142)
	at com.archibus.config.ProjectsFactory.access$000(ProjectsFactory.java:22)
	at com.archibus.config.ProjectsFactory$1.doWithContext(ProjectsFactory.java:58)
	at com.archibus.context.utility.ContextTemplate.doWithContextWrappedException(ContextTemplate.java:113)
	at com.archibus.config.ProjectsFactory.createProjects(ProjectsFactory.java:55)
	at sun.reflect.NativeMethodAccessorImpl.invoke0(Native Method)
	at sun.reflect.NativeMethodAccessorImpl.invoke(NativeMethodAccessorImpl.java:39)
	at sun.reflect.DelegatingMethodAccessorImpl.invoke(DelegatingMethodAccessorImpl.java:25)
	at java.lang.reflect.Method.invoke(Method.java:597)
	at org.springframework.beans.factory.support.SimpleInstantiationStrategy.instantiate(SimpleInstantiationStrategy.java:115)
	at org.springframework.beans.factory.support.ConstructorResolver.instantiateUsingFactoryMethod(ConstructorResolver.java:435)
	at org.springframework.beans.factory.support.AbstractAutowireCapableBeanFactory.instantiateUsingFactoryMethod(AbstractAutowireCapableBeanFactory.java:903)
	at org.springframework.beans.factory.support.AbstractAutowireCapableBeanFactory.createBeanInstance(AbstractAutowireCapableBeanFactory.java:817)
	at org.springframework.beans.factory.support.AbstractAutowireCapableBeanFactory.doCreateBean(AbstractAutowireCapableBeanFactory.java:440)
	at org.springframework.beans.factory.support.AbstractAutowireCapableBeanFactory$1.run(AbstractAutowireCapableBeanFactory.java:409)
	at java.security.AccessController.doPrivileged(Native Method)
	at org.springframework.beans.factory.support.AbstractAutowireCapableBeanFactory.createBean(AbstractAutowireCapableBeanFactory.java:380)
	at org.springframework.beans.factory.support.AbstractBeanFactory$1.getObject(AbstractBeanFactory.java:264)
	at org.springframework.beans.factory.support.DefaultSingletonBeanRegistry.getSingleton(DefaultSingletonBeanRegistry.java:222)
	at org.springframework.beans.factory.support.AbstractBeanFactory.doGetBean(AbstractBeanFactory.java:261)
	at org.springframework.beans.factory.support.AbstractBeanFactory.getBean(AbstractBeanFactory.java:185)
	at org.springframework.beans.factory.support.AbstractBeanFactory.getBean(AbstractBeanFactory.java:164)
	at org.springframework.beans.factory.support.DefaultListableBeanFactory.preInstantiateSingletons(DefaultListableBeanFactory.java:429)
	at org.springframework.context.support.AbstractApplicationContext.finishBeanFactoryInitialization(AbstractApplicationContext.java:728)
	at org.springframework.context.support.AbstractApplicationContext.refresh(AbstractApplicationContext.java:380)
	at org.springframework.web.context.ContextLoader.createWebApplicationContext(ContextLoader.java:255)
	at org.springframework.web.context.ContextLoader.initWebApplicationContext(ContextLoader.java:199)
	at org.springframework.web.context.ContextLoaderListener.contextInitialized(ContextLoaderListener.java:45)
	at com.archibus.servletx.WebCentralContextLoaderListener.contextInitialized(WebCentralContextLoaderListener.java:60)
	at org.mortbay.jetty.handler.ContextHandler.startContext(ContextHandler.java:547)
	at org.mortbay.jetty.servlet.Context.startContext(Context.java:136)
	at org.mortbay.jetty.webapp.WebAppContext.startContext(WebAppContext.java:1233)
	at org.mortbay.jetty.handler.ContextHandler.doStart(ContextHandler.java:516)
	at org.mortbay.jetty.webapp.WebAppContext.doStart(WebAppContext.java:459)
	at org.mortbay.component.AbstractLifeCycle.start(AbstractLifeCycle.java:42)
	at org.mortbay.jetty.handler.HandlerCollection.doStart(HandlerCollection.java:152)
	at org.mortbay.jetty.handler.ContextHandlerCollection.doStart(ContextHandlerCollection.java:156)
	at org.mortbay.component.AbstractLifeCycle.start(AbstractLifeCycle.java:42)
	at org.mortbay.jetty.handler.HandlerCollection.doStart(HandlerCollection.java:152)
	at org.mortbay.component.AbstractLifeCycle.start(AbstractLifeCycle.java:42)
	at org.mortbay.jetty.handler.HandlerWrapper.doStart(HandlerWrapper.java:130)
	at org.mortbay.jetty.Server.doStart(Server.java:222)
	at org.mortbay.component.AbstractLifeCycle.start(AbstractLifeCycle.java:42)
	at org.mortbay.xml.XmlConfiguration.main(XmlConfiguration.java:985)
	at sun.reflect.NativeMethodAccessorImpl.invoke0(Native Method)
	at sun.reflect.NativeMethodAccessorImpl.invoke(NativeMethodAccessorImpl.java:39)
	at sun.reflect.DelegatingMethodAccessorImpl.invoke(DelegatingMethodAccessorImpl.java:25)
	at java.lang.reflect.Method.invoke(Method.java:597)
	at org.mortbay.start.Main.invokeMain(Main.java:194)
	at org.mortbay.start.Main.start(Main.java:523)
	at org.mortbay.start.Main.main(Main.java:119)
Caused by: java.lang.ClassNotFoundException: com.archibus.service.school.equipment.EquipmentService
	at java.net.URLClassLoader$1.run(URLClassLoader.java:202)
	... 72 more
]
[ERROR][2014-09-18 10:29:16,698][WorkflowRulesContainerLoader] - [Workflow rule is invalid: [AbAssetManagement-EquipmentHandler]]
[ERROR][2014-09-18 10:29:16,756][WorkflowRuleImpl] - [com.archibus.service.school.dorm.ImportStudentService
	at com.archibus.jobmanager.EventHandlerAdapter.createEventHandler(EventHandlerAdapter.java:127)
	at com.archibus.jobmanager.EventHandlerAdapter.<init>(EventHandlerAdapter.java:81)
	at com.archibus.jobmanager.WorkflowRuleImpl.verifyEventHandlers(WorkflowRuleImpl.java:653)
	at com.archibus.jobmanager.WorkflowRuleImpl.<init>(WorkflowRuleImpl.java:552)
	at com.archibus.jobmanager.WorkflowRuleImpl.<init>(WorkflowRuleImpl.java:526)
	at com.archibus.jobmanager.WorkflowRulesContainerLoader.loadWorkflowRule(WorkflowRulesContainerLoader.java:381)
	at com.archibus.jobmanager.WorkflowRulesContainerLoader.loadWorkflowRule(WorkflowRulesContainerLoader.java:329)
	at com.archibus.jobmanager.WorkflowRulesContainerLoader.configure(WorkflowRulesContainerLoader.java:244)
	at com.archibus.jobmanager.WorkflowRulesContainerLoader.afterLoad(WorkflowRulesContainerLoader.java:87)
	at com.archibus.config.ClassCreator.load(ClassCreator.java:100)
	at com.archibus.config.ClassCreator.applyParametersAndLoad(ClassCreator.java:133)
	at com.archibus.config.SpringBeanClassCreator.createObject(SpringBeanClassCreator.java:46)
	at com.archibus.config.CacheAccessImpl$ObjectCreatorBaseImpl.createLoaderAndObject(CacheAccessImpl.java:201)
	at com.archibus.config.CacheAccessImpl$CachedObjectCreatorImpl.createObject(CacheAccessImpl.java:272)
	at com.archibus.config.CacheAccessImpl.createCached(CacheAccessImpl.java:153)
	at com.archibus.config.ProjectImpl.loadWorkflowRules(ProjectImpl.java:590)
	at com.archibus.config.ProjectImpl.loadWorkflowRules(ProjectImpl.java:541)
	at com.archibus.config.ProjectImpl.loadWorkflowRules(ProjectImpl.java:498)
	at com.archibus.config.ProjectLoader.openProject(ProjectLoader.java:263)
	at com.archibus.config.ProjectLoader.afterCached(ProjectLoader.java:150)
	at com.archibus.config.CacheAccessImpl$CachedObjectCreatorImpl.createObject(CacheAccessImpl.java:283)
	at com.archibus.config.CacheAccessImpl.createCached(CacheAccessImpl.java:153)
	at com.archibus.config.ProjectsFactory.readProjectConfigs(ProjectsFactory.java:142)
	at com.archibus.config.ProjectsFactory.access$000(ProjectsFactory.java:22)
	at com.archibus.config.ProjectsFactory$1.doWithContext(ProjectsFactory.java:58)
	at com.archibus.context.utility.ContextTemplate.doWithContextWrappedException(ContextTemplate.java:113)
	at com.archibus.config.ProjectsFactory.createProjects(ProjectsFactory.java:55)
	at sun.reflect.NativeMethodAccessorImpl.invoke0(Native Method)
	at sun.reflect.NativeMethodAccessorImpl.invoke(NativeMethodAccessorImpl.java:39)
	at sun.reflect.DelegatingMethodAccessorImpl.invoke(DelegatingMethodAccessorImpl.java:25)
	at java.lang.reflect.Method.invoke(Method.java:597)
	at org.springframework.beans.factory.support.SimpleInstantiationStrategy.instantiate(SimpleInstantiationStrategy.java:115)
	at org.springframework.beans.factory.support.ConstructorResolver.instantiateUsingFactoryMethod(ConstructorResolver.java:435)
	at org.springframework.beans.factory.support.AbstractAutowireCapableBeanFactory.instantiateUsingFactoryMethod(AbstractAutowireCapableBeanFactory.java:903)
	at org.springframework.beans.factory.support.AbstractAutowireCapableBeanFactory.createBeanInstance(AbstractAutowireCapableBeanFactory.java:817)
	at org.springframework.beans.factory.support.AbstractAutowireCapableBeanFactory.doCreateBean(AbstractAutowireCapableBeanFactory.java:440)
	at org.springframework.beans.factory.support.AbstractAutowireCapableBeanFactory$1.run(AbstractAutowireCapableBeanFactory.java:409)
	at java.security.AccessController.doPrivileged(Native Method)
	at org.springframework.beans.factory.support.AbstractAutowireCapableBeanFactory.createBean(AbstractAutowireCapableBeanFactory.java:380)
	at org.springframework.beans.factory.support.AbstractBeanFactory$1.getObject(AbstractBeanFactory.java:264)
	at org.springframework.beans.factory.support.DefaultSingletonBeanRegistry.getSingleton(DefaultSingletonBeanRegistry.java:222)
	at org.springframework.beans.factory.support.AbstractBeanFactory.doGetBean(AbstractBeanFactory.java:261)
	at org.springframework.beans.factory.support.AbstractBeanFactory.getBean(AbstractBeanFactory.java:185)
	at org.springframework.beans.factory.support.AbstractBeanFactory.getBean(AbstractBeanFactory.java:164)
	at org.springframework.beans.factory.support.DefaultListableBeanFactory.preInstantiateSingletons(DefaultListableBeanFactory.java:429)
	at org.springframework.context.support.AbstractApplicationContext.finishBeanFactoryInitialization(AbstractApplicationContext.java:728)
	at org.springframework.context.support.AbstractApplicationContext.refresh(AbstractApplicationContext.java:380)
	at org.springframework.web.context.ContextLoader.createWebApplicationContext(ContextLoader.java:255)
	at org.springframework.web.context.ContextLoader.initWebApplicationContext(ContextLoader.java:199)
	at org.springframework.web.context.ContextLoaderListener.contextInitialized(ContextLoaderListener.java:45)
	at com.archibus.servletx.WebCentralContextLoaderListener.contextInitialized(WebCentralContextLoaderListener.java:60)
	at org.mortbay.jetty.handler.ContextHandler.startContext(ContextHandler.java:547)
	at org.mortbay.jetty.servlet.Context.startContext(Context.java:136)
	at org.mortbay.jetty.webapp.WebAppContext.startContext(WebAppContext.java:1233)
	at org.mortbay.jetty.handler.ContextHandler.doStart(ContextHandler.java:516)
	at org.mortbay.jetty.webapp.WebAppContext.doStart(WebAppContext.java:459)
	at org.mortbay.component.AbstractLifeCycle.start(AbstractLifeCycle.java:42)
	at org.mortbay.jetty.handler.HandlerCollection.doStart(HandlerCollection.java:152)
	at org.mortbay.jetty.handler.ContextHandlerCollection.doStart(ContextHandlerCollection.java:156)
	at org.mortbay.component.AbstractLifeCycle.start(AbstractLifeCycle.java:42)
	at org.mortbay.jetty.handler.HandlerCollection.doStart(HandlerCollection.java:152)
	at org.mortbay.component.AbstractLifeCycle.start(AbstractLifeCycle.java:42)
	at org.mortbay.jetty.handler.HandlerWrapper.doStart(HandlerWrapper.java:130)
	at org.mortbay.jetty.Server.doStart(Server.java:222)
	at org.mortbay.component.AbstractLifeCycle.start(AbstractLifeCycle.java:42)
	at org.mortbay.xml.XmlConfiguration.main(XmlConfiguration.java:985)
	at sun.reflect.NativeMethodAccessorImpl.invoke0(Native Method)
	at sun.reflect.NativeMethodAccessorImpl.invoke(NativeMethodAccessorImpl.java:39)
	at sun.reflect.DelegatingMethodAccessorImpl.invoke(DelegatingMethodAccessorImpl.java:25)
	at java.lang.reflect.Method.invoke(Method.java:597)
	at org.mortbay.start.Main.invokeMain(Main.java:194)
	at org.mortbay.start.Main.start(Main.java:523)
	at org.mortbay.start.Main.main(Main.java:119)
Caused by: java.lang.ClassNotFoundException: com.archibus.service.school.dorm.ImportStudentService
	at java.net.URLClassLoader$1.run(URLClassLoader.java:202)
	... 72 more
]
[ERROR][2014-09-18 10:29:16,757][WorkflowRulesContainerLoader] - [Workflow rule is invalid: [AbSpaceRoomInventoryBAR-ImportStudentService]]
[ERROR][2014-09-18 10:29:16,759][WorkflowRuleImpl] - [com.archibus.service.school.equipment.EquipmentCheck
	at com.archibus.jobmanager.EventHandlerAdapter.createEventHandler(EventHandlerAdapter.java:127)
	at com.archibus.jobmanager.EventHandlerAdapter.<init>(EventHandlerAdapter.java:81)
	at com.archibus.jobmanager.WorkflowRuleImpl.verifyEventHandlers(WorkflowRuleImpl.java:653)
	at com.archibus.jobmanager.WorkflowRuleImpl.<init>(WorkflowRuleImpl.java:552)
	at com.archibus.jobmanager.WorkflowRuleImpl.<init>(WorkflowRuleImpl.java:526)
	at com.archibus.jobmanager.WorkflowRulesContainerLoader.loadWorkflowRule(WorkflowRulesContainerLoader.java:381)
	at com.archibus.jobmanager.WorkflowRulesContainerLoader.loadWorkflowRule(WorkflowRulesContainerLoader.java:329)
	at com.archibus.jobmanager.WorkflowRulesContainerLoader.configure(WorkflowRulesContainerLoader.java:244)
	at com.archibus.jobmanager.WorkflowRulesContainerLoader.afterLoad(WorkflowRulesContainerLoader.java:87)
	at com.archibus.config.ClassCreator.load(ClassCreator.java:100)
	at com.archibus.config.ClassCreator.applyParametersAndLoad(ClassCreator.java:133)
	at com.archibus.config.SpringBeanClassCreator.createObject(SpringBeanClassCreator.java:46)
	at com.archibus.config.CacheAccessImpl$ObjectCreatorBaseImpl.createLoaderAndObject(CacheAccessImpl.java:201)
	at com.archibus.config.CacheAccessImpl$CachedObjectCreatorImpl.createObject(CacheAccessImpl.java:272)
	at com.archibus.config.CacheAccessImpl.createCached(CacheAccessImpl.java:153)
	at com.archibus.config.ProjectImpl.loadWorkflowRules(ProjectImpl.java:590)
	at com.archibus.config.ProjectImpl.loadWorkflowRules(ProjectImpl.java:541)
	at com.archibus.config.ProjectImpl.loadWorkflowRules(ProjectImpl.java:498)
	at com.archibus.config.ProjectLoader.openProject(ProjectLoader.java:263)
	at com.archibus.config.ProjectLoader.afterCached(ProjectLoader.java:150)
	at com.archibus.config.CacheAccessImpl$CachedObjectCreatorImpl.createObject(CacheAccessImpl.java:283)
	at com.archibus.config.CacheAccessImpl.createCached(CacheAccessImpl.java:153)
	at com.archibus.config.ProjectsFactory.readProjectConfigs(ProjectsFactory.java:142)
	at com.archibus.config.ProjectsFactory.access$000(ProjectsFactory.java:22)
	at com.archibus.config.ProjectsFactory$1.doWithContext(ProjectsFactory.java:58)
	at com.archibus.context.utility.ContextTemplate.doWithContextWrappedException(ContextTemplate.java:113)
	at com.archibus.config.ProjectsFactory.createProjects(ProjectsFactory.java:55)
	at sun.reflect.NativeMethodAccessorImpl.invoke0(Native Method)
	at sun.reflect.NativeMethodAccessorImpl.invoke(NativeMethodAccessorImpl.java:39)
	at sun.reflect.DelegatingMethodAccessorImpl.invoke(DelegatingMethodAccessorImpl.java:25)
	at java.lang.reflect.Method.invoke(Method.java:597)
	at org.springframework.beans.factory.support.SimpleInstantiationStrategy.instantiate(SimpleInstantiationStrategy.java:115)
	at org.springframework.beans.factory.support.ConstructorResolver.instantiateUsingFactoryMethod(ConstructorResolver.java:435)
	at org.springframework.beans.factory.support.AbstractAutowireCapableBeanFactory.instantiateUsingFactoryMethod(AbstractAutowireCapableBeanFactory.java:903)
	at org.springframework.beans.factory.support.AbstractAutowireCapableBeanFactory.createBeanInstance(AbstractAutowireCapableBeanFactory.java:817)
	at org.springframework.beans.factory.support.AbstractAutowireCapableBeanFactory.doCreateBean(AbstractAutowireCapableBeanFactory.java:440)
	at org.springframework.beans.factory.support.AbstractAutowireCapableBeanFactory$1.run(AbstractAutowireCapableBeanFactory.java:409)
	at java.security.AccessController.doPrivileged(Native Method)
	at org.springframework.beans.factory.support.AbstractAutowireCapableBeanFactory.createBean(AbstractAutowireCapableBeanFactory.java:380)
	at org.springframework.beans.factory.support.AbstractBeanFactory$1.getObject(AbstractBeanFactory.java:264)
	at org.springframework.beans.factory.support.DefaultSingletonBeanRegistry.getSingleton(DefaultSingletonBeanRegistry.java:222)
	at org.springframework.beans.factory.support.AbstractBeanFactory.doGetBean(AbstractBeanFactory.java:261)
	at org.springframework.beans.factory.support.AbstractBeanFactory.getBean(AbstractBeanFactory.java:185)
	at org.springframework.beans.factory.support.AbstractBeanFactory.getBean(AbstractBeanFactory.java:164)
	at org.springframework.beans.factory.support.DefaultListableBeanFactory.preInstantiateSingletons(DefaultListableBeanFactory.java:429)
	at org.springframework.context.support.AbstractApplicationContext.finishBeanFactoryInitialization(AbstractApplicationContext.java:728)
	at org.springframework.context.support.AbstractApplicationContext.refresh(AbstractApplicationContext.java:380)
	at org.springframework.web.context.ContextLoader.createWebApplicationContext(ContextLoader.java:255)
	at org.springframework.web.context.ContextLoader.initWebApplicationContext(ContextLoader.java:199)
	at org.springframework.web.context.ContextLoaderListener.contextInitialized(ContextLoaderListener.java:45)
	at com.archibus.servletx.WebCentralContextLoaderListener.contextInitialized(WebCentralContextLoaderListener.java:60)
	at org.mortbay.jetty.handler.ContextHandler.startContext(ContextHandler.java:547)
	at org.mortbay.jetty.servlet.Context.startContext(Context.java:136)
	at org.mortbay.jetty.webapp.WebAppContext.startContext(WebAppContext.java:1233)
	at org.mortbay.jetty.handler.ContextHandler.doStart(ContextHandler.java:516)
	at org.mortbay.jetty.webapp.WebAppContext.doStart(WebAppContext.java:459)
	at org.mortbay.component.AbstractLifeCycle.start(AbstractLifeCycle.java:42)
	at org.mortbay.jetty.handler.HandlerCollection.doStart(HandlerCollection.java:152)
	at org.mortbay.jetty.handler.ContextHandlerCollection.doStart(ContextHandlerCollection.java:156)
	at org.mortbay.component.AbstractLifeCycle.start(AbstractLifeCycle.java:42)
	at org.mortbay.jetty.handler.HandlerCollection.doStart(HandlerCollection.java:152)
	at org.mortbay.component.AbstractLifeCycle.start(AbstractLifeCycle.java:42)
	at org.mortbay.jetty.handler.HandlerWrapper.doStart(HandlerWrapper.java:130)
	at org.mortbay.jetty.Server.doStart(Server.java:222)
	at org.mortbay.component.AbstractLifeCycle.start(AbstractLifeCycle.java:42)
	at org.mortbay.xml.XmlConfiguration.main(XmlConfiguration.java:985)
	at sun.reflect.NativeMethodAccessorImpl.invoke0(Native Method)
	at sun.reflect.NativeMethodAccessorImpl.invoke(NativeMethodAccessorImpl.java:39)
	at sun.reflect.DelegatingMethodAccessorImpl.invoke(DelegatingMethodAccessorImpl.java:25)
	at java.lang.reflect.Method.invoke(Method.java:597)
	at org.mortbay.start.Main.invokeMain(Main.java:194)
	at org.mortbay.start.Main.start(Main.java:523)
	at org.mortbay.start.Main.main(Main.java:119)
Caused by: java.lang.ClassNotFoundException: com.archibus.service.school.equipment.EquipmentCheck
	at java.net.URLClassLoader$1.run(URLClassLoader.java:202)
	... 72 more
]
[ERROR][2014-09-18 10:29:16,760][WorkflowRulesContainerLoader] - [Workflow rule is invalid: [AbAssetManagement-EquipmentCheck]]
[ERROR][2014-09-18 10:29:16,763][WorkflowRuleImpl] - [com.archibus.service.school.dorm.DispStudent
	at com.archibus.jobmanager.EventHandlerAdapter.createEventHandler(EventHandlerAdapter.java:127)
	at com.archibus.jobmanager.EventHandlerAdapter.<init>(EventHandlerAdapter.java:81)
	at com.archibus.jobmanager.WorkflowRuleImpl.verifyEventHandlers(WorkflowRuleImpl.java:653)
	at com.archibus.jobmanager.WorkflowRuleImpl.<init>(WorkflowRuleImpl.java:552)
	at com.archibus.jobmanager.WorkflowRuleImpl.<init>(WorkflowRuleImpl.java:526)
	at com.archibus.jobmanager.WorkflowRulesContainerLoader.loadWorkflowRule(WorkflowRulesContainerLoader.java:381)
	at com.archibus.jobmanager.WorkflowRulesContainerLoader.loadWorkflowRule(WorkflowRulesContainerLoader.java:329)
	at com.archibus.jobmanager.WorkflowRulesContainerLoader.configure(WorkflowRulesContainerLoader.java:244)
	at com.archibus.jobmanager.WorkflowRulesContainerLoader.afterLoad(WorkflowRulesContainerLoader.java:87)
	at com.archibus.config.ClassCreator.load(ClassCreator.java:100)
	at com.archibus.config.ClassCreator.applyParametersAndLoad(ClassCreator.java:133)
	at com.archibus.config.SpringBeanClassCreator.createObject(SpringBeanClassCreator.java:46)
	at com.archibus.config.CacheAccessImpl$ObjectCreatorBaseImpl.createLoaderAndObject(CacheAccessImpl.java:201)
	at com.archibus.config.CacheAccessImpl$CachedObjectCreatorImpl.createObject(CacheAccessImpl.java:272)
	at com.archibus.config.CacheAccessImpl.createCached(CacheAccessImpl.java:153)
	at com.archibus.config.ProjectImpl.loadWorkflowRules(ProjectImpl.java:590)
	at com.archibus.config.ProjectImpl.loadWorkflowRules(ProjectImpl.java:541)
	at com.archibus.config.ProjectImpl.loadWorkflowRules(ProjectImpl.java:498)
	at com.archibus.config.ProjectLoader.openProject(ProjectLoader.java:263)
	at com.archibus.config.ProjectLoader.afterCached(ProjectLoader.java:150)
	at com.archibus.config.CacheAccessImpl$CachedObjectCreatorImpl.createObject(CacheAccessImpl.java:283)
	at com.archibus.config.CacheAccessImpl.createCached(CacheAccessImpl.java:153)
	at com.archibus.config.ProjectsFactory.readProjectConfigs(ProjectsFactory.java:142)
	at com.archibus.config.ProjectsFactory.access$000(ProjectsFactory.java:22)
	at com.archibus.config.ProjectsFactory$1.doWithContext(ProjectsFactory.java:58)
	at com.archibus.context.utility.ContextTemplate.doWithContextWrappedException(ContextTemplate.java:113)
	at com.archibus.config.ProjectsFactory.createProjects(ProjectsFactory.java:55)
	at sun.reflect.NativeMethodAccessorImpl.invoke0(Native Method)
	at sun.reflect.NativeMethodAccessorImpl.invoke(NativeMethodAccessorImpl.java:39)
	at sun.reflect.DelegatingMethodAccessorImpl.invoke(DelegatingMethodAccessorImpl.java:25)
	at java.lang.reflect.Method.invoke(Method.java:597)
	at org.springframework.beans.factory.support.SimpleInstantiationStrategy.instantiate(SimpleInstantiationStrategy.java:115)
	at org.springframework.beans.factory.support.ConstructorResolver.instantiateUsingFactoryMethod(ConstructorResolver.java:435)
	at org.springframework.beans.factory.support.AbstractAutowireCapableBeanFactory.instantiateUsingFactoryMethod(AbstractAutowireCapableBeanFactory.java:903)
	at org.springframework.beans.factory.support.AbstractAutowireCapableBeanFactory.createBeanInstance(AbstractAutowireCapableBeanFactory.java:817)
	at org.springframework.beans.factory.support.AbstractAutowireCapableBeanFactory.doCreateBean(AbstractAutowireCapableBeanFactory.java:440)
	at org.springframework.beans.factory.support.AbstractAutowireCapableBeanFactory$1.run(AbstractAutowireCapableBeanFactory.java:409)
	at java.security.AccessController.doPrivileged(Native Method)
	at org.springframework.beans.factory.support.AbstractAutowireCapableBeanFactory.createBean(AbstractAutowireCapableBeanFactory.java:380)
	at org.springframework.beans.factory.support.AbstractBeanFactory$1.getObject(AbstractBeanFactory.java:264)
	at org.springframework.beans.factory.support.DefaultSingletonBeanRegistry.getSingleton(DefaultSingletonBeanRegistry.java:222)
	at org.springframework.beans.factory.support.AbstractBeanFactory.doGetBean(AbstractBeanFactory.java:261)
	at org.springframework.beans.factory.support.AbstractBeanFactory.getBean(AbstractBeanFactory.java:185)
	at org.springframework.beans.factory.support.AbstractBeanFactory.getBean(AbstractBeanFactory.java:164)
	at org.springframework.beans.factory.support.DefaultListableBeanFactory.preInstantiateSingletons(DefaultListableBeanFactory.java:429)
	at org.springframework.context.support.AbstractApplicationContext.finishBeanFactoryInitialization(AbstractApplicationContext.java:728)
	at org.springframework.context.support.AbstractApplicationContext.refresh(AbstractApplicationContext.java:380)
	at org.springframework.web.context.ContextLoader.createWebApplicationContext(ContextLoader.java:255)
	at org.springframework.web.context.ContextLoader.initWebApplicationContext(ContextLoader.java:199)
	at org.springframework.web.context.ContextLoaderListener.contextInitialized(ContextLoaderListener.java:45)
	at com.archibus.servletx.WebCentralContextLoaderListener.contextInitialized(WebCentralContextLoaderListener.java:60)
	at org.mortbay.jetty.handler.ContextHandler.startContext(ContextHandler.java:547)
	at org.mortbay.jetty.servlet.Context.startContext(Context.java:136)
	at org.mortbay.jetty.webapp.WebAppContext.startContext(WebAppContext.java:1233)
	at org.mortbay.jetty.handler.ContextHandler.doStart(ContextHandler.java:516)
	at org.mortbay.jetty.webapp.WebAppContext.doStart(WebAppContext.java:459)
	at org.mortbay.component.AbstractLifeCycle.start(AbstractLifeCycle.java:42)
	at org.mortbay.jetty.handler.HandlerCollection.doStart(HandlerCollection.java:152)
	at org.mortbay.jetty.handler.ContextHandlerCollection.doStart(ContextHandlerCollection.java:156)
	at org.mortbay.component.AbstractLifeCycle.start(AbstractLifeCycle.java:42)
	at org.mortbay.jetty.handler.HandlerCollection.doStart(HandlerCollection.java:152)
	at org.mortbay.component.AbstractLifeCycle.start(AbstractLifeCycle.java:42)
	at org.mortbay.jetty.handler.HandlerWrapper.doStart(HandlerWrapper.java:130)
	at org.mortbay.jetty.Server.doStart(Server.java:222)
	at org.mortbay.component.AbstractLifeCycle.start(AbstractLifeCycle.java:42)
	at org.mortbay.xml.XmlConfiguration.main(XmlConfiguration.java:985)
	at sun.reflect.NativeMethodAccessorImpl.invoke0(Native Method)
	at sun.reflect.NativeMethodAccessorImpl.invoke(NativeMethodAccessorImpl.java:39)
	at sun.reflect.DelegatingMethodAccessorImpl.invoke(DelegatingMethodAccessorImpl.java:25)
	at java.lang.reflect.Method.invoke(Method.java:597)
	at org.mortbay.start.Main.invokeMain(Main.java:194)
	at org.mortbay.start.Main.start(Main.java:523)
	at org.mortbay.start.Main.main(Main.java:119)
Caused by: java.lang.ClassNotFoundException: com.archibus.service.school.dorm.DispStudent
	at java.net.URLClassLoader$1.run(URLClassLoader.java:202)
	... 72 more
]
[ERROR][2014-09-18 10:29:16,763][WorkflowRulesContainerLoader] - [Workflow rule is invalid: [AbSpaceRoomInventoryBAR-DispStudentHandler]]
[ERROR][2014-09-18 10:29:16,766][WorkflowRuleImpl] - [com.archibus.service.school.dorm.PropertyService
	at com.archibus.jobmanager.EventHandlerAdapter.createEventHandler(EventHandlerAdapter.java:127)
	at com.archibus.jobmanager.EventHandlerAdapter.<init>(EventHandlerAdapter.java:81)
	at com.archibus.jobmanager.WorkflowRuleImpl.verifyEventHandlers(WorkflowRuleImpl.java:653)
	at com.archibus.jobmanager.WorkflowRuleImpl.<init>(WorkflowRuleImpl.java:552)
	at com.archibus.jobmanager.WorkflowRuleImpl.<init>(WorkflowRuleImpl.java:526)
	at com.archibus.jobmanager.WorkflowRulesContainerLoader.loadWorkflowRule(WorkflowRulesContainerLoader.java:381)
	at com.archibus.jobmanager.WorkflowRulesContainerLoader.loadWorkflowRule(WorkflowRulesContainerLoader.java:329)
	at com.archibus.jobmanager.WorkflowRulesContainerLoader.configure(WorkflowRulesContainerLoader.java:244)
	at com.archibus.jobmanager.WorkflowRulesContainerLoader.afterLoad(WorkflowRulesContainerLoader.java:87)
	at com.archibus.config.ClassCreator.load(ClassCreator.java:100)
	at com.archibus.config.ClassCreator.applyParametersAndLoad(ClassCreator.java:133)
	at com.archibus.config.SpringBeanClassCreator.createObject(SpringBeanClassCreator.java:46)
	at com.archibus.config.CacheAccessImpl$ObjectCreatorBaseImpl.createLoaderAndObject(CacheAccessImpl.java:201)
	at com.archibus.config.CacheAccessImpl$CachedObjectCreatorImpl.createObject(CacheAccessImpl.java:272)
	at com.archibus.config.CacheAccessImpl.createCached(CacheAccessImpl.java:153)
	at com.archibus.config.ProjectImpl.loadWorkflowRules(ProjectImpl.java:590)
	at com.archibus.config.ProjectImpl.loadWorkflowRules(ProjectImpl.java:541)
	at com.archibus.config.ProjectImpl.loadWorkflowRules(ProjectImpl.java:498)
	at com.archibus.config.ProjectLoader.openProject(ProjectLoader.java:263)
	at com.archibus.config.ProjectLoader.afterCached(ProjectLoader.java:150)
	at com.archibus.config.CacheAccessImpl$CachedObjectCreatorImpl.createObject(CacheAccessImpl.java:283)
	at com.archibus.config.CacheAccessImpl.createCached(CacheAccessImpl.java:153)
	at com.archibus.config.ProjectsFactory.readProjectConfigs(ProjectsFactory.java:142)
	at com.archibus.config.ProjectsFactory.access$000(ProjectsFactory.java:22)
	at com.archibus.config.ProjectsFactory$1.doWithContext(ProjectsFactory.java:58)
	at com.archibus.context.utility.ContextTemplate.doWithContextWrappedException(ContextTemplate.java:113)
	at com.archibus.config.ProjectsFactory.createProjects(ProjectsFactory.java:55)
	at sun.reflect.NativeMethodAccessorImpl.invoke0(Native Method)
	at sun.reflect.NativeMethodAccessorImpl.invoke(NativeMethodAccessorImpl.java:39)
	at sun.reflect.DelegatingMethodAccessorImpl.invoke(DelegatingMethodAccessorImpl.java:25)
	at java.lang.reflect.Method.invoke(Method.java:597)
	at org.springframework.beans.factory.support.SimpleInstantiationStrategy.instantiate(SimpleInstantiationStrategy.java:115)
	at org.springframework.beans.factory.support.ConstructorResolver.instantiateUsingFactoryMethod(ConstructorResolver.java:435)
	at org.springframework.beans.factory.support.AbstractAutowireCapableBeanFactory.instantiateUsingFactoryMethod(AbstractAutowireCapableBeanFactory.java:903)
	at org.springframework.beans.factory.support.AbstractAutowireCapableBeanFactory.createBeanInstance(AbstractAutowireCapableBeanFactory.java:817)
	at org.springframework.beans.factory.support.AbstractAutowireCapableBeanFactory.doCreateBean(AbstractAutowireCapableBeanFactory.java:440)
	at org.springframework.beans.factory.support.AbstractAutowireCapableBeanFactory$1.run(AbstractAutowireCapableBeanFactory.java:409)
	at java.security.AccessController.doPrivileged(Native Method)
	at org.springframework.beans.factory.support.AbstractAutowireCapableBeanFactory.createBean(AbstractAutowireCapableBeanFactory.java:380)
	at org.springframework.beans.factory.support.AbstractBeanFactory$1.getObject(AbstractBeanFactory.java:264)
	at org.springframework.beans.factory.support.DefaultSingletonBeanRegistry.getSingleton(DefaultSingletonBeanRegistry.java:222)
	at org.springframework.beans.factory.support.AbstractBeanFactory.doGetBean(AbstractBeanFactory.java:261)
	at org.springframework.beans.factory.support.AbstractBeanFactory.getBean(AbstractBeanFactory.java:185)
	at org.springframework.beans.factory.support.AbstractBeanFactory.getBean(AbstractBeanFactory.java:164)
	at org.springframework.beans.factory.support.DefaultListableBeanFactory.preInstantiateSingletons(DefaultListableBeanFactory.java:429)
	at org.springframework.context.support.AbstractApplicationContext.finishBeanFactoryInitialization(AbstractApplicationContext.java:728)
	at org.springframework.context.support.AbstractApplicationContext.refresh(AbstractApplicationContext.java:380)
	at org.springframework.web.context.ContextLoader.createWebApplicationContext(ContextLoader.java:255)
	at org.springframework.web.context.ContextLoader.initWebApplicationContext(ContextLoader.java:199)
	at org.springframework.web.context.ContextLoaderListener.contextInitialized(ContextLoaderListener.java:45)
	at com.archibus.servletx.WebCentralContextLoaderListener.contextInitialized(WebCentralContextLoaderListener.java:60)
	at org.mortbay.jetty.handler.ContextHandler.startContext(ContextHandler.java:547)
	at org.mortbay.jetty.servlet.Context.startContext(Context.java:136)
	at org.mortbay.jetty.webapp.WebAppContext.startContext(WebAppContext.java:1233)
	at org.mortbay.jetty.handler.ContextHandler.doStart(ContextHandler.java:516)
	at org.mortbay.jetty.webapp.WebAppContext.doStart(WebAppContext.java:459)
	at org.mortbay.component.AbstractLifeCycle.start(AbstractLifeCycle.java:42)
	at org.mortbay.jetty.handler.HandlerCollection.doStart(HandlerCollection.java:152)
	at org.mortbay.jetty.handler.ContextHandlerCollection.doStart(ContextHandlerCollection.java:156)
	at org.mortbay.component.AbstractLifeCycle.start(AbstractLifeCycle.java:42)
	at org.mortbay.jetty.handler.HandlerCollection.doStart(HandlerCollection.java:152)
	at org.mortbay.component.AbstractLifeCycle.start(AbstractLifeCycle.java:42)
	at org.mortbay.jetty.handler.HandlerWrapper.doStart(HandlerWrapper.java:130)
	at org.mortbay.jetty.Server.doStart(Server.java:222)
	at org.mortbay.component.AbstractLifeCycle.start(AbstractLifeCycle.java:42)
	at org.mortbay.xml.XmlConfiguration.main(XmlConfiguration.java:985)
	at sun.reflect.NativeMethodAccessorImpl.invoke0(Native Method)
	at sun.reflect.NativeMethodAccessorImpl.invoke(NativeMethodAccessorImpl.java:39)
	at sun.reflect.DelegatingMethodAccessorImpl.invoke(DelegatingMethodAccessorImpl.java:25)
	at java.lang.reflect.Method.invoke(Method.java:597)
	at org.mortbay.start.Main.invokeMain(Main.java:194)
	at org.mortbay.start.Main.start(Main.java:523)
	at org.mortbay.start.Main.main(Main.java:119)
Caused by: java.lang.ClassNotFoundException: com.archibus.service.school.dorm.PropertyService
	at java.net.URLClassLoader$1.run(URLClassLoader.java:202)
	... 72 more
]
[ERROR][2014-09-18 10:29:16,766][WorkflowRulesContainerLoader] - [Workflow rule is invalid: [AbSpaceRoomInventoryBAR-PropertyService]]
[ERROR][2014-09-18 10:29:16,769][WorkflowRuleImpl] - [com.archibus.service.school.lc.StepHandler
	at com.archibus.jobmanager.EventHandlerAdapter.createEventHandler(EventHandlerAdapter.java:127)
	at com.archibus.jobmanager.EventHandlerAdapter.<init>(EventHandlerAdapter.java:81)
	at com.archibus.jobmanager.WorkflowRuleImpl.verifyEventHandlers(WorkflowRuleImpl.java:653)
	at com.archibus.jobmanager.WorkflowRuleImpl.<init>(WorkflowRuleImpl.java:552)
	at com.archibus.jobmanager.WorkflowRuleImpl.<init>(WorkflowRuleImpl.java:526)
	at com.archibus.jobmanager.WorkflowRulesContainerLoader.loadWorkflowRule(WorkflowRulesContainerLoader.java:381)
	at com.archibus.jobmanager.WorkflowRulesContainerLoader.loadWorkflowRule(WorkflowRulesContainerLoader.java:329)
	at com.archibus.jobmanager.WorkflowRulesContainerLoader.configure(WorkflowRulesContainerLoader.java:244)
	at com.archibus.jobmanager.WorkflowRulesContainerLoader.afterLoad(WorkflowRulesContainerLoader.java:87)
	at com.archibus.config.ClassCreator.load(ClassCreator.java:100)
	at com.archibus.config.ClassCreator.applyParametersAndLoad(ClassCreator.java:133)
	at com.archibus.config.SpringBeanClassCreator.createObject(SpringBeanClassCreator.java:46)
	at com.archibus.config.CacheAccessImpl$ObjectCreatorBaseImpl.createLoaderAndObject(CacheAccessImpl.java:201)
	at com.archibus.config.CacheAccessImpl$CachedObjectCreatorImpl.createObject(CacheAccessImpl.java:272)
	at com.archibus.config.CacheAccessImpl.createCached(CacheAccessImpl.java:153)
	at com.archibus.config.ProjectImpl.loadWorkflowRules(ProjectImpl.java:590)
	at com.archibus.config.ProjectImpl.loadWorkflowRules(ProjectImpl.java:541)
	at com.archibus.config.ProjectImpl.loadWorkflowRules(ProjectImpl.java:498)
	at com.archibus.config.ProjectLoader.openProject(ProjectLoader.java:263)
	at com.archibus.config.ProjectLoader.afterCached(ProjectLoader.java:150)
	at com.archibus.config.CacheAccessImpl$CachedObjectCreatorImpl.createObject(CacheAccessImpl.java:283)
	at com.archibus.config.CacheAccessImpl.createCached(CacheAccessImpl.java:153)
	at com.archibus.config.ProjectsFactory.readProjectConfigs(ProjectsFactory.java:142)
	at com.archibus.config.ProjectsFactory.access$000(ProjectsFactory.java:22)
	at com.archibus.config.ProjectsFactory$1.doWithContext(ProjectsFactory.java:58)
	at com.archibus.context.utility.ContextTemplate.doWithContextWrappedException(ContextTemplate.java:113)
	at com.archibus.config.ProjectsFactory.createProjects(ProjectsFactory.java:55)
	at sun.reflect.NativeMethodAccessorImpl.invoke0(Native Method)
	at sun.reflect.NativeMethodAccessorImpl.invoke(NativeMethodAccessorImpl.java:39)
	at sun.reflect.DelegatingMethodAccessorImpl.invoke(DelegatingMethodAccessorImpl.java:25)
	at java.lang.reflect.Method.invoke(Method.java:597)
	at org.springframework.beans.factory.support.SimpleInstantiationStrategy.instantiate(SimpleInstantiationStrategy.java:115)
	at org.springframework.beans.factory.support.ConstructorResolver.instantiateUsingFactoryMethod(ConstructorResolver.java:435)
	at org.springframework.beans.factory.support.AbstractAutowireCapableBeanFactory.instantiateUsingFactoryMethod(AbstractAutowireCapableBeanFactory.java:903)
	at org.springframework.beans.factory.support.AbstractAutowireCapableBeanFactory.createBeanInstance(AbstractAutowireCapableBeanFactory.java:817)
	at org.springframework.beans.factory.support.AbstractAutowireCapableBeanFactory.doCreateBean(AbstractAutowireCapableBeanFactory.java:440)
	at org.springframework.beans.factory.support.AbstractAutowireCapableBeanFactory$1.run(AbstractAutowireCapableBeanFactory.java:409)
	at java.security.AccessController.doPrivileged(Native Method)
	at org.springframework.beans.factory.support.AbstractAutowireCapableBeanFactory.createBean(AbstractAutowireCapableBeanFactory.java:380)
	at org.springframework.beans.factory.support.AbstractBeanFactory$1.getObject(AbstractBeanFactory.java:264)
	at org.springframework.beans.factory.support.DefaultSingletonBeanRegistry.getSingleton(DefaultSingletonBeanRegistry.java:222)
	at org.springframework.beans.factory.support.AbstractBeanFactory.doGetBean(AbstractBeanFactory.java:261)
	at org.springframework.beans.factory.support.AbstractBeanFactory.getBean(AbstractBeanFactory.java:185)
	at org.springframework.beans.factory.support.AbstractBeanFactory.getBean(AbstractBeanFactory.java:164)
	at org.springframework.beans.factory.support.DefaultListableBeanFactory.preInstantiateSingletons(DefaultListableBeanFactory.java:429)
	at org.springframework.context.support.AbstractApplicationContext.finishBeanFactoryInitialization(AbstractApplicationContext.java:728)
	at org.springframework.context.support.AbstractApplicationContext.refresh(AbstractApplicationContext.java:380)
	at org.springframework.web.context.ContextLoader.createWebApplicationContext(ContextLoader.java:255)
	at org.springframework.web.context.ContextLoader.initWebApplicationContext(ContextLoader.java:199)
	at org.springframework.web.context.ContextLoaderListener.contextInitialized(ContextLoaderListener.java:45)
	at com.archibus.servletx.WebCentralContextLoaderListener.contextInitialized(WebCentralContextLoaderListener.java:60)
	at org.mortbay.jetty.handler.ContextHandler.startContext(ContextHandler.java:547)
	at org.mortbay.jetty.servlet.Context.startContext(Context.java:136)
	at org.mortbay.jetty.webapp.WebAppContext.startContext(WebAppContext.java:1233)
	at org.mortbay.jetty.handler.ContextHandler.doStart(ContextHandler.java:516)
	at org.mortbay.jetty.webapp.WebAppContext.doStart(WebAppContext.java:459)
	at org.mortbay.component.AbstractLifeCycle.start(AbstractLifeCycle.java:42)
	at org.mortbay.jetty.handler.HandlerCollection.doStart(HandlerCollection.java:152)
	at org.mortbay.jetty.handler.ContextHandlerCollection.doStart(ContextHandlerCollection.java:156)
	at org.mortbay.component.AbstractLifeCycle.start(AbstractLifeCycle.java:42)
	at org.mortbay.jetty.handler.HandlerCollection.doStart(HandlerCollection.java:152)
	at org.mortbay.component.AbstractLifeCycle.start(AbstractLifeCycle.java:42)
	at org.mortbay.jetty.handler.HandlerWrapper.doStart(HandlerWrapper.java:130)
	at org.mortbay.jetty.Server.doStart(Server.java:222)
	at org.mortbay.component.AbstractLifeCycle.start(AbstractLifeCycle.java:42)
	at org.mortbay.xml.XmlConfiguration.main(XmlConfiguration.java:985)
	at sun.reflect.NativeMethodAccessorImpl.invoke0(Native Method)
	at sun.reflect.NativeMethodAccessorImpl.invoke(NativeMethodAccessorImpl.java:39)
	at sun.reflect.DelegatingMethodAccessorImpl.invoke(DelegatingMethodAccessorImpl.java:25)
	at java.lang.reflect.Method.invoke(Method.java:597)
	at org.mortbay.start.Main.invokeMain(Main.java:194)
	at org.mortbay.start.Main.start(Main.java:523)
	at org.mortbay.start.Main.main(Main.java:119)
Caused by: java.lang.ClassNotFoundException: com.archibus.service.school.lc.StepHandler
	at java.net.URLClassLoader$1.run(URLClassLoader.java:202)
	... 72 more
]
[ERROR][2014-09-18 10:29:16,769][WorkflowRulesContainerLoader] - [Workflow rule is invalid: [AbSpaceRoomInventoryBAR-StepHandler]]
[ERROR][2014-09-18 10:32:57,784][NotAuthenticated] - [View [/ab-blank.axvw] is prohibited]
[ERROR][2014-09-18 10:32:57,785][NotAuthenticated] - [Prohibited view was requested, forwarding to login view]
[ERROR][2014-09-18 11:01:05,572][ExceptionHandlerBase] - [File=[E:\project\hg\/projects/gcu/drawings/f01-08.dwg] is missing. Please contact your system administrator.|4]
[ERROR][2014-09-18 11:01:05,572][ExceptionHandlerBase] - [Request =[POST /archibus/cxf/drawingManagementService HTTP/1.1
Content-Type: multipart/related; type="application/xop+xml";start="<http://tempuri.org/0>";boundary="uuid:4188e2ea-0e20-4ffe-aac4-31ab1052528f+id=296";start-info="text/xml"
SOAPAction: ""
Host: 192.168.139.8:8090
Content-Length: 2918128
Expect: 100-continue
Accept-Encoding: gzip, deflate
Cookie: JSESSIONID=10e7l58fiq4ag
MIME-Version: 1.0

], session=[10e7l58fiq4ag]]
[ERROR][2014-09-18 11:07:35,556][WorkflowRuleImpl] - [com.archibus.app.common.space.service.RoomTransactionDataEventListener
	at com.archibus.jobmanager.EventHandlerAdapter.createEventHandler(EventHandlerAdapter.java:127)
	at com.archibus.jobmanager.EventHandlerAdapter.<init>(EventHandlerAdapter.java:81)
	at com.archibus.jobmanager.WorkflowRuleImpl.verifyEventHandlers(WorkflowRuleImpl.java:653)
	at com.archibus.jobmanager.WorkflowRuleImpl.<init>(WorkflowRuleImpl.java:552)
	at com.archibus.jobmanager.WorkflowRuleImpl.<init>(WorkflowRuleImpl.java:526)
	at com.archibus.jobmanager.WorkflowRulesContainerLoader.loadWorkflowRule(WorkflowRulesContainerLoader.java:381)
	at com.archibus.jobmanager.WorkflowRulesContainerLoader.loadWorkflowRule(WorkflowRulesContainerLoader.java:329)
	at com.archibus.jobmanager.WorkflowRulesContainerLoader.configure(WorkflowRulesContainerLoader.java:244)
	at com.archibus.jobmanager.WorkflowRulesContainerLoader.afterLoad(WorkflowRulesContainerLoader.java:87)
	at com.archibus.config.ClassCreator.load(ClassCreator.java:100)
	at com.archibus.config.ClassCreator.applyParametersAndLoad(ClassCreator.java:133)
	at com.archibus.config.SpringBeanClassCreator.createObject(SpringBeanClassCreator.java:46)
	at com.archibus.config.CacheAccessImpl$ObjectCreatorBaseImpl.createLoaderAndObject(CacheAccessImpl.java:201)
	at com.archibus.config.CacheAccessImpl$CachedObjectCreatorImpl.createObject(CacheAccessImpl.java:272)
	at com.archibus.config.CacheAccessImpl.createCached(CacheAccessImpl.java:153)
	at com.archibus.config.ProjectImpl.loadWorkflowRules(ProjectImpl.java:590)
	at com.archibus.config.ProjectImpl.loadWorkflowRules(ProjectImpl.java:541)
	at com.archibus.config.ProjectImpl.loadWorkflowRules(ProjectImpl.java:498)
	at com.archibus.config.ProjectLoader.openProject(ProjectLoader.java:263)
	at com.archibus.config.ProjectLoader.afterCached(ProjectLoader.java:150)
	at com.archibus.config.CacheAccessImpl$CachedObjectCreatorImpl.createObject(CacheAccessImpl.java:283)
	at com.archibus.config.CacheAccessImpl.createCached(CacheAccessImpl.java:153)
	at com.archibus.config.ProjectsFactory.readProjectConfigs(ProjectsFactory.java:142)
	at com.archibus.config.ProjectsFactory.access$000(ProjectsFactory.java:22)
	at com.archibus.config.ProjectsFactory$1.doWithContext(ProjectsFactory.java:58)
	at com.archibus.context.utility.ContextTemplate.doWithContextWrappedException(ContextTemplate.java:113)
	at com.archibus.config.ProjectsFactory.createProjects(ProjectsFactory.java:55)
	at sun.reflect.NativeMethodAccessorImpl.invoke0(Native Method)
	at sun.reflect.NativeMethodAccessorImpl.invoke(NativeMethodAccessorImpl.java:39)
	at sun.reflect.DelegatingMethodAccessorImpl.invoke(DelegatingMethodAccessorImpl.java:25)
	at java.lang.reflect.Method.invoke(Method.java:597)
	at org.springframework.beans.factory.support.SimpleInstantiationStrategy.instantiate(SimpleInstantiationStrategy.java:115)
	at org.springframework.beans.factory.support.ConstructorResolver.instantiateUsingFactoryMethod(ConstructorResolver.java:435)
	at org.springframework.beans.factory.support.AbstractAutowireCapableBeanFactory.instantiateUsingFactoryMethod(AbstractAutowireCapableBeanFactory.java:903)
	at org.springframework.beans.factory.support.AbstractAutowireCapableBeanFactory.createBeanInstance(AbstractAutowireCapableBeanFactory.java:817)
	at org.springframework.beans.factory.support.AbstractAutowireCapableBeanFactory.doCreateBean(AbstractAutowireCapableBeanFactory.java:440)
	at org.springframework.beans.factory.support.AbstractAutowireCapableBeanFactory$1.run(AbstractAutowireCapableBeanFactory.java:409)
	at java.security.AccessController.doPrivileged(Native Method)
	at org.springframework.beans.factory.support.AbstractAutowireCapableBeanFactory.createBean(AbstractAutowireCapableBeanFactory.java:380)
	at org.springframework.beans.factory.support.AbstractBeanFactory$1.getObject(AbstractBeanFactory.java:264)
	at org.springframework.beans.factory.support.DefaultSingletonBeanRegistry.getSingleton(DefaultSingletonBeanRegistry.java:222)
	at org.springframework.beans.factory.support.AbstractBeanFactory.doGetBean(AbstractBeanFactory.java:261)
	at org.springframework.beans.factory.support.AbstractBeanFactory.getBean(AbstractBeanFactory.java:185)
	at org.springframework.beans.factory.support.AbstractBeanFactory.getBean(AbstractBeanFactory.java:164)
	at org.springframework.beans.factory.support.DefaultListableBeanFactory.preInstantiateSingletons(DefaultListableBeanFactory.java:429)
	at org.springframework.context.support.AbstractApplicationContext.finishBeanFactoryInitialization(AbstractApplicationContext.java:728)
	at org.springframework.context.support.AbstractApplicationContext.refresh(AbstractApplicationContext.java:380)
	at org.springframework.web.context.ContextLoader.createWebApplicationContext(ContextLoader.java:255)
	at org.springframework.web.context.ContextLoader.initWebApplicationContext(ContextLoader.java:199)
	at org.springframework.web.context.ContextLoaderListener.contextInitialized(ContextLoaderListener.java:45)
	at com.archibus.servletx.WebCentralContextLoaderListener.contextInitialized(WebCentralContextLoaderListener.java:60)
	at org.mortbay.jetty.handler.ContextHandler.startContext(ContextHandler.java:547)
	at org.mortbay.jetty.servlet.Context.startContext(Context.java:136)
	at org.mortbay.jetty.webapp.WebAppContext.startContext(WebAppContext.java:1233)
	at org.mortbay.jetty.handler.ContextHandler.doStart(ContextHandler.java:516)
	at org.mortbay.jetty.webapp.WebAppContext.doStart(WebAppContext.java:459)
	at org.mortbay.component.AbstractLifeCycle.start(AbstractLifeCycle.java:42)
	at org.mortbay.jetty.handler.HandlerCollection.doStart(HandlerCollection.java:152)
	at org.mortbay.jetty.handler.ContextHandlerCollection.doStart(ContextHandlerCollection.java:156)
	at org.mortbay.component.AbstractLifeCycle.start(AbstractLifeCycle.java:42)
	at org.mortbay.jetty.handler.HandlerCollection.doStart(HandlerCollection.java:152)
	at org.mortbay.component.AbstractLifeCycle.start(AbstractLifeCycle.java:42)
	at org.mortbay.jetty.handler.HandlerWrapper.doStart(HandlerWrapper.java:130)
	at org.mortbay.jetty.Server.doStart(Server.java:222)
	at org.mortbay.component.AbstractLifeCycle.start(AbstractLifeCycle.java:42)
	at org.mortbay.xml.XmlConfiguration.main(XmlConfiguration.java:985)
	at sun.reflect.NativeMethodAccessorImpl.invoke0(Native Method)
	at sun.reflect.NativeMethodAccessorImpl.invoke(NativeMethodAccessorImpl.java:39)
	at sun.reflect.DelegatingMethodAccessorImpl.invoke(DelegatingMethodAccessorImpl.java:25)
	at java.lang.reflect.Method.invoke(Method.java:597)
	at org.mortbay.start.Main.invokeMain(Main.java:194)
	at org.mortbay.start.Main.start(Main.java:523)
	at org.mortbay.start.Main.main(Main.java:119)
Caused by: java.lang.ClassNotFoundException: com.archibus.app.common.space.service.RoomTransactionDataEventListener
	at java.net.URLClassLoader$1.run(URLClassLoader.java:202)
	... 72 more
]
[ERROR][2014-09-18 11:07:35,557][WorkflowRulesContainerLoader] - [Workflow rule is invalid: [AbSpaceRoomInventoryBAR-RoomTransactionRecorderForDataChangeEvent]]
