[ERROR][2014-04-29 10:08:39,350][WorkflowRuleExecutorImpl] - [Rule=[AbCommonResources:ApplyIndexesService:executor_2] failed, elapsed time 9,721 ms, exception=[Database error while processing request.
Operation failed: Set Transaction Isolation Level=[2] for database=[data]
	at com.archibus.db.DbConnectionImpl.setConnectionParameters(DbConnectionImpl.java:165)
	at com.archibus.db.DbConnectionImpl.connect(DbConnectionImpl.java:129)
	at com.archibus.db.PooledDbDriverImpl.getConnection(PooledDbDriverImpl.java:267)
	at com.archibus.context.utility.TransactionTemplate.handleNewConnection(TransactionTemplate.java:277)
	at com.archibus.context.utility.TransactionTemplate.prepareTemporaryContext(TransactionTemplate.java:220)
	at com.archibus.context.utility.TransactionTemplate.doWithContext(TransactionTemplate.java:163)
	at com.archibus.jobmanager.WorkflowRuleExecutorImpl.start(WorkflowRuleExecutorImpl.java:256)
	at com.archibus.jobmanager.WorkflowRuleExecutorAsyncImpl.start(WorkflowRuleExecutorAsyncImpl.java:34)
	at com.archibus.jobmanager.WorkflowRulesContainerImpl$1$1.doWithContext(WorkflowRulesContainerImpl.java:400)
	at com.archibus.context.utility.ContextTemplate.doWithContextWrappedException(ContextTemplate.java:113)
	at com.archibus.jobmanager.WorkflowRulesContainerImpl$1.run(WorkflowRulesContainerImpl.java:396)
	at EDU.oswego.cs.dl.util.concurrent.PooledExecutor$Worker.run(PooledExecutor.java:743)
	at java.lang.Thread.run(Thread.java:662)
Caused by: java.sql.SQLException: Io “Ï≥£: Software caused connection abort: recv failed
	at oracle.jdbc.driver.DatabaseError.throwSqlException(DatabaseError.java:124)
	... 12 more
]]
[ERROR][2014-04-29 11:31:26,419][NotAuthenticated] - [View [/schema/ab-core/views/process-navigator/navigator-details.axvw] is prohibited]
[ERROR][2014-04-29 11:31:26,515][NotAuthenticated] - [Prohibited view was requested, forwarding to login view]
[ERROR][2014-04-29 11:31:29,347][ExceptionHandlerBase] - [Database error while processing request.
Operation failed: Set Transaction Isolation Level=[2] for database=[security]
	at com.archibus.db.DbConnectionImpl.setConnectionParameters(DbConnectionImpl.java:165)
	at com.archibus.db.DbConnectionImpl.connect(DbConnectionImpl.java:129)
	at com.archibus.db.PooledDbDriverImpl.getConnection(PooledDbDriverImpl.java:267)
	at com.archibus.context.utility.TransactionTemplate.handleNewConnection(TransactionTemplate.java:277)
	at com.archibus.context.utility.TransactionTemplate.prepareTemporaryContext(TransactionTemplate.java:220)
	at com.archibus.context.utility.TransactionTemplate.doWithContext(TransactionTemplate.java:163)
	at com.archibus.service.remoting.SecurityServiceImpl.loadTableDef(SecurityServiceImpl.java:494)
	at com.archibus.service.remoting.SecurityServiceImpl.isUsernameUppercase(SecurityServiceImpl.java:442)
	at sun.reflect.NativeMethodAccessorImpl.invoke0(Native Method)
	at sun.reflect.NativeMethodAccessorImpl.invoke(NativeMethodAccessorImpl.java:39)
	at sun.reflect.DelegatingMethodAccessorImpl.invoke(DelegatingMethodAccessorImpl.java:25)
	at java.lang.reflect.Method.invoke(Method.java:597)
	at org.springframework.aop.support.AopUtils.invokeJoinpointUsingReflection(AopUtils.java:307)
	at org.springframework.aop.framework.ReflectiveMethodInvocation.invokeJoinpoint(ReflectiveMethodInvocation.java:182)
	at org.springframework.aop.framework.ReflectiveMethodInvocation.proceed(ReflectiveMethodInvocation.java:149)
	at com.archibus.service.interceptor.ExceptionHandlingInterceptor.invoke(ExceptionHandlingInterceptor.java:48)
	at org.springframework.aop.framework.ReflectiveMethodInvocation.proceed(ReflectiveMethodInvocation.java:171)
	at com.archibus.service.interceptor.SecurityInterceptor.invoke(SecurityInterceptor.java:43)
	at org.springframework.aop.framework.ReflectiveMethodInvocation.proceed(ReflectiveMethodInvocation.java:171)
	at org.springframework.aop.framework.JdkDynamicAopProxy.invoke(JdkDynamicAopProxy.java:204)
	at com.sun.proxy.$Proxy16.isUsernameUppercase(Unknown Source)
	at sun.reflect.NativeMethodAccessorImpl.invoke0(Native Method)
	at sun.reflect.NativeMethodAccessorImpl.invoke(NativeMethodAccessorImpl.java:39)
	at sun.reflect.DelegatingMethodAccessorImpl.invoke(DelegatingMethodAccessorImpl.java:25)
	at java.lang.reflect.Method.invoke(Method.java:597)
	at org.directwebremoting.impl.DefaultRemoter$1.doFilter(DefaultRemoter.java:753)
	at org.directwebremoting.impl.DefaultRemoter.execute(DefaultRemoter.java:759)
	at org.directwebremoting.impl.DefaultRemoter.execute(DefaultRemoter.java:592)
	at org.directwebremoting.dwrp.BaseCallHandler.handle(BaseCallHandler.java:91)
	at org.directwebremoting.servlet.UrlProcessor.handle(UrlProcessor.java:120)
	at org.directwebremoting.servlet.DwrServlet.doPost(DwrServlet.java:141)
	at javax.servlet.http.HttpServlet.service(HttpServlet.java:727)
	at javax.servlet.http.HttpServlet.service(HttpServlet.java:820)
	at org.mortbay.jetty.servlet.ServletHolder.handle(ServletHolder.java:502)
	at org.mortbay.jetty.servlet.ServletHandler$CachedChain.doFilter(ServletHandler.java:1124)
	at org.springframework.security.util.FilterChainProxy$VirtualFilterChain.doFilter(FilterChainProxy.java:378)
	at com.archibus.servletx.SecurityFilter.doWithContext(SecurityFilter.java:70)
	at com.archibus.servletx.SecurityFilter.doFilterInternal(SecurityFilter.java:32)
	at com.archibus.servletx.FilterBeanBase.doFilter(FilterBeanBase.java:42)
	at sun.reflect.GeneratedMethodAccessor34.invoke(Unknown Source)
	at sun.reflect.DelegatingMethodAccessorImpl.invoke(DelegatingMethodAccessorImpl.java:25)
	at java.lang.reflect.Method.invoke(Method.java:597)
	at org.springframework.aop.support.AopUtils.invokeJoinpointUsingReflection(AopUtils.java:307)
	at org.springframework.aop.framework.ReflectiveMethodInvocation.invokeJoinpoint(ReflectiveMethodInvocation.java:182)
	at org.springframework.aop.framework.ReflectiveMethodInvocation.proceed(ReflectiveMethodInvocation.java:149)
	at com.archibus.service.interceptor.SecurityControllerInterceptor$1.doWithContext(SecurityControllerInterceptor.java:65)
	at com.archibus.context.utility.SecurityControllerTemplate.doWithContext(SecurityControllerTemplate.java:128)
	at com.archibus.service.interceptor.SecurityControllerInterceptor.invoke(SecurityControllerInterceptor.java:62)
	at org.springframework.aop.framework.ReflectiveMethodInvocation.proceed(ReflectiveMethodInvocation.java:171)
	at org.springframework.aop.framework.JdkDynamicAopProxy.invoke(JdkDynamicAopProxy.java:204)
	at com.sun.proxy.$Proxy13.doFilter(Unknown Source)
	at org.springframework.security.util.FilterChainProxy$VirtualFilterChain.doFilter(FilterChainProxy.java:390)
	at com.archibus.servletx.ContextFilter.doFilterInternal(ContextFilter.java:68)
	at com.archibus.servletx.FilterBeanBase.doFilter(FilterBeanBase.java:42)
	at sun.reflect.GeneratedMethodAccessor34.invoke(Unknown Source)
	at sun.reflect.DelegatingMethodAccessorImpl.invoke(DelegatingMethodAccessorImpl.java:25)
	at java.lang.reflect.Method.invoke(Method.java:597)
	at org.springframework.aop.support.AopUtils.invokeJoinpointUsingReflection(AopUtils.java:307)
	at org.springframework.aop.framework.JdkDynamicAopProxy.invoke(JdkDynamicAopProxy.java:198)
	at com.sun.proxy.$Proxy13.doFilter(Unknown Source)
	at org.springframework.security.util.FilterChainProxy$VirtualFilterChain.doFilter(FilterChainProxy.java:390)
	at org.springframework.security.context.HttpSessionContextIntegrationFilter.doFilterHttp(HttpSessionContextIntegrationFilter.java:235)
	at org.springframework.security.ui.SpringSecurityFilter.doFilter(SpringSecurityFilter.java:53)
	at sun.reflect.GeneratedMethodAccessor34.invoke(Unknown Source)
	at sun.reflect.DelegatingMethodAccessorImpl.invoke(DelegatingMethodAccessorImpl.java:25)
	at java.lang.reflect.Method.invoke(Method.java:597)
	at org.springframework.aop.support.AopUtils.invokeJoinpointUsingReflection(AopUtils.java:307)
	at org.springframework.aop.framework.ReflectiveMethodInvocation.invokeJoinpoint(ReflectiveMethodInvocation.java:182)
	at org.springframework.aop.framework.ReflectiveMethodInvocation.proceed(ReflectiveMethodInvocation.java:149)
	at com.archibus.service.interceptor.ExceptionHandlingInterceptor.invoke(ExceptionHandlingInterceptor.java:48)
	at org.springframework.aop.framework.ReflectiveMethodInvocation.proceed(ReflectiveMethodInvocation.java:171)
	at com.archibus.service.interceptor.ContextInterceptor$1.doWithContext(ContextInterceptor.java:57)
	at com.archibus.context.utility.ContextTemplate.doWithContext(ContextTemplate.java:97)
	at com.archibus.service.interceptor.ContextInterceptor.invoke(ContextInterceptor.java:54)
	at org.springframework.aop.framework.ReflectiveMethodInvocation.proceed(ReflectiveMethodInvocation.java:171)
	at org.springframework.aop.framework.JdkDynamicAopProxy.invoke(JdkDynamicAopProxy.java:204)
	at com.sun.proxy.$Proxy13.doFilter(Unknown Source)
	at org.springframework.security.util.FilterChainProxy$VirtualFilterChain.doFilter(FilterChainProxy.java:390)
	at org.springframework.security.util.FilterChainProxy.doFilter(FilterChainProxy.java:175)
	at org.springframework.web.filter.DelegatingFilterProxy.invokeDelegate(DelegatingFilterProxy.java:236)
	at org.springframework.web.filter.DelegatingFilterProxy.doFilter(DelegatingFilterProxy.java:167)
	at org.mortbay.jetty.servlet.ServletHandler$CachedChain.doFilter(ServletHandler.java:1115)
	at org.mortbay.jetty.servlet.ServletHandler.handle(ServletHandler.java:361)
	at org.mortbay.jetty.security.SecurityHandler.handle(SecurityHandler.java:216)
	at org.mortbay.jetty.servlet.SessionHandler.handle(SessionHandler.java:181)
	at org.mortbay.jetty.handler.ContextHandler.handle(ContextHandler.java:757)
	at org.mortbay.jetty.webapp.WebAppContext.handle(WebAppContext.java:416)
	at org.mortbay.jetty.handler.ContextHandlerCollection.handle(ContextHandlerCollection.java:206)
	at org.mortbay.jetty.handler.HandlerCollection.handle(HandlerCollection.java:114)
	at org.mortbay.jetty.handler.HandlerWrapper.handle(HandlerWrapper.java:152)
	at org.mortbay.jetty.Server.handle(Server.java:324)
	at org.mortbay.jetty.HttpConnection.handleRequest(HttpConnection.java:502)
	at org.mortbay.jetty.HttpConnection$RequestHandler.content(HttpConnection.java:840)
	at org.mortbay.jetty.HttpParser.parseNext(HttpParser.java:657)
	at org.mortbay.jetty.HttpParser.parseAvailable(HttpParser.java:211)
	at org.mortbay.jetty.HttpConnection.handle(HttpConnection.java:377)
	at org.mortbay.io.nio.SelectChannelEndPoint.run(SelectChannelEndPoint.java:409)
	at org.mortbay.thread.QueuedThreadPool$PoolThread.run(QueuedThreadPool.java:497)
Caused by: java.sql.SQLException: Io “Ï≥£: Software caused connection abort: recv failed
	at oracle.jdbc.driver.DatabaseError.throwSqlException(DatabaseError.java:124)
	... 97 more
]
[ERROR][2014-04-29 11:31:29,388][ExceptionHandlerBase] - [Request =[POST /archibus/dwr/call/plaincall/SecurityService.isUsernameUppercase.dwr HTTP/1.1
Host: 127.0.0.1:30000
User-Agent: Mozilla/5.0 (Windows NT 6.1; WOW64; rv:28.0) Gecko/20100101 Firefox/28.0
Accept: text/html,application/xhtml+xml,application/xml;q=0.9,*/*;q=0.8
Accept-Language: zh-cn,zh;q=0.8,en-us;q=0.5,en;q=0.3
Accept-Encoding: gzip, deflate
Cookie: JSESSIONID=u2a4qwt2qaxx
Connection: keep-alive
Referer: http://127.0.0.1:30000/archibus/schema/ab-core/views/process-navigator/navigator-details.axvw
Content-Type: text/plain; charset=UTF-8
Content-Length: 320
Pragma: no-cache
Cache-Control: no-cache

], session=[u2a4qwt2qaxx]]
