[ERROR][2014-07-22 10:51:43,193][WorkflowRuleImpl] - [com.archibus.app.common.space.service.RoomTransactionDataEventListener
	at com.archibus.jobmanager.EventHandlerAdapter.createEventHandler(EventHandlerAdapter.java:127)
	at com.archibus.jobmanager.EventHandlerAdapter.<init>(EventHandlerAdapter.java:81)
	at com.archibus.jobmanager.WorkflowRuleImpl.verifyEventHandlers(WorkflowRuleImpl.java:653)
	at com.archibus.jobmanager.WorkflowRuleImpl.<init>(WorkflowRuleImpl.java:552)
	at com.archibus.jobmanager.WorkflowRuleImpl.<init>(WorkflowRuleImpl.java:526)
	at com.archibus.jobmanager.WorkflowRulesContainerLoader.loadWorkflowRule(WorkflowRulesContainerLoader.java:381)
	at com.archibus.jobmanager.WorkflowRulesContainerLoader.loadWorkflowRule(WorkflowRulesContainerLoader.java:329)
	at com.archibus.jobmanager.WorkflowRulesContainerLoader.configure(WorkflowRulesContainerLoader.java:244)
	at com.archibus.jobmanager.WorkflowRulesContainerLoader.afterLoad(WorkflowRulesContainerLoader.java:87)
	at com.archibus.config.ClassCreator.load(ClassCreator.java:100)
	at com.archibus.config.ClassCreator.applyParametersAndLoad(ClassCreator.java:133)
	at com.archibus.config.SpringBeanClassCreator.createObject(SpringBeanClassCreator.java:46)
	at com.archibus.config.CacheAccessImpl$ObjectCreatorBaseImpl.createLoaderAndObject(CacheAccessImpl.java:201)
	at com.archibus.config.CacheAccessImpl$CachedObjectCreatorImpl.createObject(CacheAccessImpl.java:272)
	at com.archibus.config.CacheAccessImpl.createCached(CacheAccessImpl.java:153)
	at com.archibus.config.ProjectImpl.loadWorkflowRules(ProjectImpl.java:590)
	at com.archibus.config.ProjectImpl.loadWorkflowRules(ProjectImpl.java:541)
	at com.archibus.config.ProjectImpl.loadWorkflowRules(ProjectImpl.java:498)
	at com.archibus.config.ProjectLoader.openProject(ProjectLoader.java:263)
	at com.archibus.config.ProjectLoader.afterCached(ProjectLoader.java:150)
	at com.archibus.config.CacheAccessImpl$CachedObjectCreatorImpl.createObject(CacheAccessImpl.java:283)
	at com.archibus.config.CacheAccessImpl.createCached(CacheAccessImpl.java:153)
	at com.archibus.config.ProjectsFactory.readProjectConfigs(ProjectsFactory.java:142)
	at com.archibus.config.ProjectsFactory.access$000(ProjectsFactory.java:22)
	at com.archibus.config.ProjectsFactory$1.doWithContext(ProjectsFactory.java:58)
	at com.archibus.context.utility.ContextTemplate.doWithContextWrappedException(ContextTemplate.java:113)
	at com.archibus.config.ProjectsFactory.createProjects(ProjectsFactory.java:55)
	at sun.reflect.NativeMethodAccessorImpl.invoke0(Native Method)
	at sun.reflect.NativeMethodAccessorImpl.invoke(NativeMethodAccessorImpl.java:39)
	at sun.reflect.DelegatingMethodAccessorImpl.invoke(DelegatingMethodAccessorImpl.java:25)
	at java.lang.reflect.Method.invoke(Method.java:597)
	at org.springframework.beans.factory.support.SimpleInstantiationStrategy.instantiate(SimpleInstantiationStrategy.java:115)
	at org.springframework.beans.factory.support.ConstructorResolver.instantiateUsingFactoryMethod(ConstructorResolver.java:435)
	at org.springframework.beans.factory.support.AbstractAutowireCapableBeanFactory.instantiateUsingFactoryMethod(AbstractAutowireCapableBeanFactory.java:903)
	at org.springframework.beans.factory.support.AbstractAutowireCapableBeanFactory.createBeanInstance(AbstractAutowireCapableBeanFactory.java:817)
	at org.springframework.beans.factory.support.AbstractAutowireCapableBeanFactory.doCreateBean(AbstractAutowireCapableBeanFactory.java:440)
	at org.springframework.beans.factory.support.AbstractAutowireCapableBeanFactory$1.run(AbstractAutowireCapableBeanFactory.java:409)
	at java.security.AccessController.doPrivileged(Native Method)
	at org.springframework.beans.factory.support.AbstractAutowireCapableBeanFactory.createBean(AbstractAutowireCapableBeanFactory.java:380)
	at org.springframework.beans.factory.support.AbstractBeanFactory$1.getObject(AbstractBeanFactory.java:264)
	at org.springframework.beans.factory.support.DefaultSingletonBeanRegistry.getSingleton(DefaultSingletonBeanRegistry.java:222)
	at org.springframework.beans.factory.support.AbstractBeanFactory.doGetBean(AbstractBeanFactory.java:261)
	at org.springframework.beans.factory.support.AbstractBeanFactory.getBean(AbstractBeanFactory.java:185)
	at org.springframework.beans.factory.support.AbstractBeanFactory.getBean(AbstractBeanFactory.java:164)
	at org.springframework.beans.factory.support.DefaultListableBeanFactory.preInstantiateSingletons(DefaultListableBeanFactory.java:429)
	at org.springframework.context.support.AbstractApplicationContext.finishBeanFactoryInitialization(AbstractApplicationContext.java:728)
	at org.springframework.context.support.AbstractApplicationContext.refresh(AbstractApplicationContext.java:380)
	at org.springframework.web.context.ContextLoader.createWebApplicationContext(ContextLoader.java:255)
	at org.springframework.web.context.ContextLoader.initWebApplicationContext(ContextLoader.java:199)
	at org.springframework.web.context.ContextLoaderListener.contextInitialized(ContextLoaderListener.java:45)
	at com.archibus.servletx.WebCentralContextLoaderListener.contextInitialized(WebCentralContextLoaderListener.java:60)
	at org.mortbay.jetty.handler.ContextHandler.startContext(ContextHandler.java:547)
	at org.mortbay.jetty.servlet.Context.startContext(Context.java:136)
	at org.mortbay.jetty.webapp.WebAppContext.startContext(WebAppContext.java:1233)
	at org.mortbay.jetty.handler.ContextHandler.doStart(ContextHandler.java:516)
	at org.mortbay.jetty.webapp.WebAppContext.doStart(WebAppContext.java:459)
	at org.mortbay.component.AbstractLifeCycle.start(AbstractLifeCycle.java:42)
	at org.mortbay.jetty.handler.HandlerCollection.doStart(HandlerCollection.java:152)
	at org.mortbay.jetty.handler.ContextHandlerCollection.doStart(ContextHandlerCollection.java:156)
	at org.mortbay.component.AbstractLifeCycle.start(AbstractLifeCycle.java:42)
	at org.mortbay.jetty.handler.HandlerCollection.doStart(HandlerCollection.java:152)
	at org.mortbay.component.AbstractLifeCycle.start(AbstractLifeCycle.java:42)
	at org.mortbay.jetty.handler.HandlerWrapper.doStart(HandlerWrapper.java:130)
	at org.mortbay.jetty.Server.doStart(Server.java:222)
	at org.mortbay.component.AbstractLifeCycle.start(AbstractLifeCycle.java:42)
	at org.mortbay.xml.XmlConfiguration.main(XmlConfiguration.java:985)
	at sun.reflect.NativeMethodAccessorImpl.invoke0(Native Method)
	at sun.reflect.NativeMethodAccessorImpl.invoke(NativeMethodAccessorImpl.java:39)
	at sun.reflect.DelegatingMethodAccessorImpl.invoke(DelegatingMethodAccessorImpl.java:25)
	at java.lang.reflect.Method.invoke(Method.java:597)
	at org.mortbay.start.Main.invokeMain(Main.java:194)
	at org.mortbay.start.Main.start(Main.java:523)
	at org.mortbay.start.Main.main(Main.java:119)
Caused by: java.lang.ClassNotFoundException: com.archibus.app.common.space.service.RoomTransactionDataEventListener
	at java.net.URLClassLoader$1.run(URLClassLoader.java:202)
	... 72 more
]
[ERROR][2014-07-22 10:51:43,197][WorkflowRulesContainerLoader] - [Workflow rule is invalid: [AbSpaceRoomInventoryBAR-RoomTransactionRecorderForDataChangeEvent]]
[ERROR][2014-07-22 10:51:46,053][WorkflowRuleExecutorImpl] - [Rule=[AbSpaceRoomInventoryBAR:archiveRmpctRecords:null] failed, elapsed time 260 ms, exception=[Database error while processing request.
Unable to execute statement: INSERT into hrmpct (area_comn,area_comn_ocup,status,rm_cat,from_bl_id,date_created,rm_id,day_part,resources,em_id,area_comn_rm,primary_em,user_name,pct_time,date_start,change_type,org_id,fl_id,activity_log_id,date_deleted,mo_id,dp_id,area_comn_serv,pct_space,from_fl_id,ac_id,area_comn_nocup,from_rm_id,pct_id,area_rm,visitor_id,bl_id,rm_type,del_user_name,dv_id,prorate,parent_pct_id,primary_rm,cost,date_end,area_chargable) (SELECT area_comn,area_comn_ocup,status,rm_cat,from_bl_id,date_created,rm_id,day_part,resources,em_id,area_comn_rm,primary_em,user_name,pct_time,date_start,change_type,org_id,fl_id,activity_log_id,date_deleted,mo_id,dp_id,area_comn_serv,pct_space,from_fl_id,ac_id,area_comn_nocup,from_rm_id,pct_id,area_rm,visitor_id,bl_id,rm_type,del_user_name,dv_id,prorate,parent_pct_id,primary_rm,cost,date_end,area_chargable FROM  rmpct WHERE  rmpct.date_end<=TO_DATE('2013-07-22 00:00:00', 'YYYY-MM-DD HH24:MI:SS') AND rmpct.status = 1), database=[data]
	at com.archibus.db.DbConnectionImpl.executeUpdate(DbConnectionImpl.java:345)
	at com.archibus.db.RecordPersistenceImpl$UpdatePerform.doInTransaction(RecordPersistenceImpl.java:120)
	at com.archibus.db.RecordPersistenceImpl$3.doWithContext(RecordPersistenceImpl.java:1675)
	at com.archibus.context.utility.TransactionTemplate.doWithContext(TransactionTemplate.java:176)
	at com.archibus.db.RecordPersistenceImpl.performUpdateCommands(RecordPersistenceImpl.java:1672)
	at com.archibus.db.RecordPersistenceImpl.executeSql(RecordPersistenceImpl.java:871)
	at com.archibus.db.RecordPersistenceImpl.executeSql(RecordPersistenceImpl.java:830)
	at com.archibus.db.RecordPersistenceImpl.executeSql(RecordPersistenceImpl.java:808)
	at com.archibus.eventhandler.EventHandlerBase.executeDbSql(EventHandlerBase.java:527)
	at com.archibus.datasource.DataSourceImpl.executeUpdate(DataSourceImpl.java:2497)
	at com.archibus.service.space.SpaceTransactionHandler.archiveRmpctRecords(SpaceTransactionHandler.java:99)
	at sun.reflect.NativeMethodAccessorImpl.invoke0(Native Method)
	at sun.reflect.NativeMethodAccessorImpl.invoke(NativeMethodAccessorImpl.java:39)
	at sun.reflect.DelegatingMethodAccessorImpl.invoke(DelegatingMethodAccessorImpl.java:25)
	at java.lang.reflect.Method.invoke(Method.java:597)
	at com.archibus.jobmanager.EventHandlerAdapter.invokeMethod(EventHandlerAdapter.java:473)
	at com.archibus.jobmanager.EventHandlerAdapter.handle(EventHandlerAdapter.java:225)
	at com.archibus.jobmanager.WorkflowRuleExecutorImpl$1$1.doWithContext(WorkflowRuleExecutorImpl.java:265)
	at com.archibus.context.utility.EventHandlerContextTemplate.doWithContext(EventHandlerContextTemplate.java:71)
	at com.archibus.jobmanager.WorkflowRuleExecutorImpl$1.doWithContext(WorkflowRuleExecutorImpl.java:261)
	at com.archibus.context.utility.TransactionTemplate.doWithContext(TransactionTemplate.java:176)
	at com.archibus.jobmanager.WorkflowRuleExecutorImpl.start(WorkflowRuleExecutorImpl.java:256)
	at com.archibus.jobmanager.WorkflowRuleExecutorSyncImpl.start(WorkflowRuleExecutorSyncImpl.java:18)
	at com.archibus.jobmanager.WorkflowRulesContainerImpl.startRule(WorkflowRulesContainerImpl.java:418)
	at com.archibus.jobmanager.WorkflowRulesContainerImpl.runRule(WorkflowRulesContainerImpl.java:246)
	at com.archibus.jobmanager.WorkflowRulesContainerImpl.runRulesOnStartup(WorkflowRulesContainerImpl.java:842)
	at com.archibus.jobmanager.WorkflowRulesContainerImpl.startScheduler(WorkflowRulesContainerImpl.java:594)
	at sun.reflect.NativeMethodAccessorImpl.invoke0(Native Method)
	at sun.reflect.NativeMethodAccessorImpl.invoke(NativeMethodAccessorImpl.java:39)
	at sun.reflect.DelegatingMethodAccessorImpl.invoke(DelegatingMethodAccessorImpl.java:25)
	at java.lang.reflect.Method.invoke(Method.java:597)
	at org.springframework.aop.support.AopUtils.invokeJoinpointUsingReflection(AopUtils.java:307)
	at org.springframework.aop.framework.JdkDynamicAopProxy.invoke(JdkDynamicAopProxy.java:198)
	at com.sun.proxy.$Proxy11.startScheduler(Unknown Source)
	at com.archibus.config.ConfigManagerImpl.afterAddProjects(ConfigManagerImpl.java:360)
	at com.archibus.config.ProjectsFactory.readProjectConfigs(ProjectsFactory.java:175)
	at com.archibus.config.ProjectsFactory.access$000(ProjectsFactory.java:22)
	at com.archibus.config.ProjectsFactory$1.doWithContext(ProjectsFactory.java:58)
	at com.archibus.context.utility.ContextTemplate.doWithContextWrappedException(ContextTemplate.java:113)
	at com.archibus.config.ProjectsFactory.createProjects(ProjectsFactory.java:55)
	at sun.reflect.NativeMethodAccessorImpl.invoke0(Native Method)
	at sun.reflect.NativeMethodAccessorImpl.invoke(NativeMethodAccessorImpl.java:39)
	at sun.reflect.DelegatingMethodAccessorImpl.invoke(DelegatingMethodAccessorImpl.java:25)
	at java.lang.reflect.Method.invoke(Method.java:597)
	at org.springframework.beans.factory.support.SimpleInstantiationStrategy.instantiate(SimpleInstantiationStrategy.java:115)
	at org.springframework.beans.factory.support.ConstructorResolver.instantiateUsingFactoryMethod(ConstructorResolver.java:435)
	at org.springframework.beans.factory.support.AbstractAutowireCapableBeanFactory.instantiateUsingFactoryMethod(AbstractAutowireCapableBeanFactory.java:903)
	at org.springframework.beans.factory.support.AbstractAutowireCapableBeanFactory.createBeanInstance(AbstractAutowireCapableBeanFactory.java:817)
	at org.springframework.beans.factory.support.AbstractAutowireCapableBeanFactory.doCreateBean(AbstractAutowireCapableBeanFactory.java:440)
	at org.springframework.beans.factory.support.AbstractAutowireCapableBeanFactory$1.run(AbstractAutowireCapableBeanFactory.java:409)
	at java.security.AccessController.doPrivileged(Native Method)
	at org.springframework.beans.factory.support.AbstractAutowireCapableBeanFactory.createBean(AbstractAutowireCapableBeanFactory.java:380)
	at org.springframework.beans.factory.support.AbstractBeanFactory$1.getObject(AbstractBeanFactory.java:264)
	at org.springframework.beans.factory.support.DefaultSingletonBeanRegistry.getSingleton(DefaultSingletonBeanRegistry.java:222)
	at org.springframework.beans.factory.support.AbstractBeanFactory.doGetBean(AbstractBeanFactory.java:261)
	at org.springframework.beans.factory.support.AbstractBeanFactory.getBean(AbstractBeanFactory.java:185)
	at org.springframework.beans.factory.support.AbstractBeanFactory.getBean(AbstractBeanFactory.java:164)
	at org.springframework.beans.factory.support.DefaultListableBeanFactory.preInstantiateSingletons(DefaultListableBeanFactory.java:429)
	at org.springframework.context.support.AbstractApplicationContext.finishBeanFactoryInitialization(AbstractApplicationContext.java:728)
	at org.springframework.context.support.AbstractApplicationContext.refresh(AbstractApplicationContext.java:380)
	at org.springframework.web.context.ContextLoader.createWebApplicationContext(ContextLoader.java:255)
	at org.springframework.web.context.ContextLoader.initWebApplicationContext(ContextLoader.java:199)
	at org.springframework.web.context.ContextLoaderListener.contextInitialized(ContextLoaderListener.java:45)
	at com.archibus.servletx.WebCentralContextLoaderListener.contextInitialized(WebCentralContextLoaderListener.java:60)
	at org.mortbay.jetty.handler.ContextHandler.startContext(ContextHandler.java:547)
	at org.mortbay.jetty.servlet.Context.startContext(Context.java:136)
	at org.mortbay.jetty.webapp.WebAppContext.startContext(WebAppContext.java:1233)
	at org.mortbay.jetty.handler.ContextHandler.doStart(ContextHandler.java:516)
	at org.mortbay.jetty.webapp.WebAppContext.doStart(WebAppContext.java:459)
	at org.mortbay.component.AbstractLifeCycle.start(AbstractLifeCycle.java:42)
	at org.mortbay.jetty.handler.HandlerCollection.doStart(HandlerCollection.java:152)
	at org.mortbay.jetty.handler.ContextHandlerCollection.doStart(ContextHandlerCollection.java:156)
	at org.mortbay.component.AbstractLifeCycle.start(AbstractLifeCycle.java:42)
	at org.mortbay.jetty.handler.HandlerCollection.doStart(HandlerCollection.java:152)
	at org.mortbay.component.AbstractLifeCycle.start(AbstractLifeCycle.java:42)
	at org.mortbay.jetty.handler.HandlerWrapper.doStart(HandlerWrapper.java:130)
	at org.mortbay.jetty.Server.doStart(Server.java:222)
	at org.mortbay.component.AbstractLifeCycle.start(AbstractLifeCycle.java:42)
	at org.mortbay.xml.XmlConfiguration.main(XmlConfiguration.java:985)
	at sun.reflect.NativeMethodAccessorImpl.invoke0(Native Method)
	at sun.reflect.NativeMethodAccessorImpl.invoke(NativeMethodAccessorImpl.java:39)
	at sun.reflect.DelegatingMethodAccessorImpl.invoke(DelegatingMethodAccessorImpl.java:25)
	at java.lang.reflect.Method.invoke(Method.java:597)
	at org.mortbay.start.Main.invokeMain(Main.java:194)
	at org.mortbay.start.Main.start(Main.java:523)
	at org.mortbay.start.Main.main(Main.java:119)
Caused by: java.sql.SQLException: ORA-00904: "CHANGE_TYPE": 标识符无效

	at oracle.jdbc.driver.DatabaseError.throwSqlException(DatabaseError.java:124)
	... 85 more
]]
[ERROR][2014-07-22 10:51:46,073][ExceptionHandlerBase] - [Database error while processing request.
Unable to execute statement: INSERT into hrmpct (area_comn,area_comn_ocup,status,rm_cat,from_bl_id,date_created,rm_id,day_part,resources,em_id,area_comn_rm,primary_em,user_name,pct_time,date_start,change_type,org_id,fl_id,activity_log_id,date_deleted,mo_id,dp_id,area_comn_serv,pct_space,from_fl_id,ac_id,area_comn_nocup,from_rm_id,pct_id,area_rm,visitor_id,bl_id,rm_type,del_user_name,dv_id,prorate,parent_pct_id,primary_rm,cost,date_end,area_chargable) (SELECT area_comn,area_comn_ocup,status,rm_cat,from_bl_id,date_created,rm_id,day_part,resources,em_id,area_comn_rm,primary_em,user_name,pct_time,date_start,change_type,org_id,fl_id,activity_log_id,date_deleted,mo_id,dp_id,area_comn_serv,pct_space,from_fl_id,ac_id,area_comn_nocup,from_rm_id,pct_id,area_rm,visitor_id,bl_id,rm_type,del_user_name,dv_id,prorate,parent_pct_id,primary_rm,cost,date_end,area_chargable FROM  rmpct WHERE  rmpct.date_end<=TO_DATE('2013-07-22 00:00:00', 'YYYY-MM-DD HH24:MI:SS') AND rmpct.status = 1), database=[data]
	at com.archibus.db.DbConnectionImpl.executeUpdate(DbConnectionImpl.java:345)
	at com.archibus.db.RecordPersistenceImpl$UpdatePerform.doInTransaction(RecordPersistenceImpl.java:120)
	at com.archibus.db.RecordPersistenceImpl$3.doWithContext(RecordPersistenceImpl.java:1675)
	at com.archibus.context.utility.TransactionTemplate.doWithContext(TransactionTemplate.java:176)
	at com.archibus.db.RecordPersistenceImpl.performUpdateCommands(RecordPersistenceImpl.java:1672)
	at com.archibus.db.RecordPersistenceImpl.executeSql(RecordPersistenceImpl.java:871)
	at com.archibus.db.RecordPersistenceImpl.executeSql(RecordPersistenceImpl.java:830)
	at com.archibus.db.RecordPersistenceImpl.executeSql(RecordPersistenceImpl.java:808)
	at com.archibus.eventhandler.EventHandlerBase.executeDbSql(EventHandlerBase.java:527)
	at com.archibus.datasource.DataSourceImpl.executeUpdate(DataSourceImpl.java:2497)
	at com.archibus.service.space.SpaceTransactionHandler.archiveRmpctRecords(SpaceTransactionHandler.java:99)
	at sun.reflect.NativeMethodAccessorImpl.invoke0(Native Method)
	at sun.reflect.NativeMethodAccessorImpl.invoke(NativeMethodAccessorImpl.java:39)
	at sun.reflect.DelegatingMethodAccessorImpl.invoke(DelegatingMethodAccessorImpl.java:25)
	at java.lang.reflect.Method.invoke(Method.java:597)
	at com.archibus.jobmanager.EventHandlerAdapter.invokeMethod(EventHandlerAdapter.java:473)
	at com.archibus.jobmanager.EventHandlerAdapter.handle(EventHandlerAdapter.java:225)
	at com.archibus.jobmanager.WorkflowRuleExecutorImpl$1$1.doWithContext(WorkflowRuleExecutorImpl.java:265)
	at com.archibus.context.utility.EventHandlerContextTemplate.doWithContext(EventHandlerContextTemplate.java:71)
	at com.archibus.jobmanager.WorkflowRuleExecutorImpl$1.doWithContext(WorkflowRuleExecutorImpl.java:261)
	at com.archibus.context.utility.TransactionTemplate.doWithContext(TransactionTemplate.java:176)
	at com.archibus.jobmanager.WorkflowRuleExecutorImpl.start(WorkflowRuleExecutorImpl.java:256)
	at com.archibus.jobmanager.WorkflowRuleExecutorSyncImpl.start(WorkflowRuleExecutorSyncImpl.java:18)
	at com.archibus.jobmanager.WorkflowRulesContainerImpl.startRule(WorkflowRulesContainerImpl.java:418)
	at com.archibus.jobmanager.WorkflowRulesContainerImpl.runRule(WorkflowRulesContainerImpl.java:246)
	at com.archibus.jobmanager.WorkflowRulesContainerImpl.runRulesOnStartup(WorkflowRulesContainerImpl.java:842)
	at com.archibus.jobmanager.WorkflowRulesContainerImpl.startScheduler(WorkflowRulesContainerImpl.java:594)
	at sun.reflect.NativeMethodAccessorImpl.invoke0(Native Method)
	at sun.reflect.NativeMethodAccessorImpl.invoke(NativeMethodAccessorImpl.java:39)
	at sun.reflect.DelegatingMethodAccessorImpl.invoke(DelegatingMethodAccessorImpl.java:25)
	at java.lang.reflect.Method.invoke(Method.java:597)
	at org.springframework.aop.support.AopUtils.invokeJoinpointUsingReflection(AopUtils.java:307)
	at org.springframework.aop.framework.JdkDynamicAopProxy.invoke(JdkDynamicAopProxy.java:198)
	at com.sun.proxy.$Proxy11.startScheduler(Unknown Source)
	at com.archibus.config.ConfigManagerImpl.afterAddProjects(ConfigManagerImpl.java:360)
	at com.archibus.config.ProjectsFactory.readProjectConfigs(ProjectsFactory.java:175)
	at com.archibus.config.ProjectsFactory.access$000(ProjectsFactory.java:22)
	at com.archibus.config.ProjectsFactory$1.doWithContext(ProjectsFactory.java:58)
	at com.archibus.context.utility.ContextTemplate.doWithContextWrappedException(ContextTemplate.java:113)
	at com.archibus.config.ProjectsFactory.createProjects(ProjectsFactory.java:55)
	at sun.reflect.NativeMethodAccessorImpl.invoke0(Native Method)
	at sun.reflect.NativeMethodAccessorImpl.invoke(NativeMethodAccessorImpl.java:39)
	at sun.reflect.DelegatingMethodAccessorImpl.invoke(DelegatingMethodAccessorImpl.java:25)
	at java.lang.reflect.Method.invoke(Method.java:597)
	at org.springframework.beans.factory.support.SimpleInstantiationStrategy.instantiate(SimpleInstantiationStrategy.java:115)
	at org.springframework.beans.factory.support.ConstructorResolver.instantiateUsingFactoryMethod(ConstructorResolver.java:435)
	at org.springframework.beans.factory.support.AbstractAutowireCapableBeanFactory.instantiateUsingFactoryMethod(AbstractAutowireCapableBeanFactory.java:903)
	at org.springframework.beans.factory.support.AbstractAutowireCapableBeanFactory.createBeanInstance(AbstractAutowireCapableBeanFactory.java:817)
	at org.springframework.beans.factory.support.AbstractAutowireCapableBeanFactory.doCreateBean(AbstractAutowireCapableBeanFactory.java:440)
	at org.springframework.beans.factory.support.AbstractAutowireCapableBeanFactory$1.run(AbstractAutowireCapableBeanFactory.java:409)
	at java.security.AccessController.doPrivileged(Native Method)
	at org.springframework.beans.factory.support.AbstractAutowireCapableBeanFactory.createBean(AbstractAutowireCapableBeanFactory.java:380)
	at org.springframework.beans.factory.support.AbstractBeanFactory$1.getObject(AbstractBeanFactory.java:264)
	at org.springframework.beans.factory.support.DefaultSingletonBeanRegistry.getSingleton(DefaultSingletonBeanRegistry.java:222)
	at org.springframework.beans.factory.support.AbstractBeanFactory.doGetBean(AbstractBeanFactory.java:261)
	at org.springframework.beans.factory.support.AbstractBeanFactory.getBean(AbstractBeanFactory.java:185)
	at org.springframework.beans.factory.support.AbstractBeanFactory.getBean(AbstractBeanFactory.java:164)
	at org.springframework.beans.factory.support.DefaultListableBeanFactory.preInstantiateSingletons(DefaultListableBeanFactory.java:429)
	at org.springframework.context.support.AbstractApplicationContext.finishBeanFactoryInitialization(AbstractApplicationContext.java:728)
	at org.springframework.context.support.AbstractApplicationContext.refresh(AbstractApplicationContext.java:380)
	at org.springframework.web.context.ContextLoader.createWebApplicationContext(ContextLoader.java:255)
	at org.springframework.web.context.ContextLoader.initWebApplicationContext(ContextLoader.java:199)
	at org.springframework.web.context.ContextLoaderListener.contextInitialized(ContextLoaderListener.java:45)
	at com.archibus.servletx.WebCentralContextLoaderListener.contextInitialized(WebCentralContextLoaderListener.java:60)
	at org.mortbay.jetty.handler.ContextHandler.startContext(ContextHandler.java:547)
	at org.mortbay.jetty.servlet.Context.startContext(Context.java:136)
	at org.mortbay.jetty.webapp.WebAppContext.startContext(WebAppContext.java:1233)
	at org.mortbay.jetty.handler.ContextHandler.doStart(ContextHandler.java:516)
	at org.mortbay.jetty.webapp.WebAppContext.doStart(WebAppContext.java:459)
	at org.mortbay.component.AbstractLifeCycle.start(AbstractLifeCycle.java:42)
	at org.mortbay.jetty.handler.HandlerCollection.doStart(HandlerCollection.java:152)
	at org.mortbay.jetty.handler.ContextHandlerCollection.doStart(ContextHandlerCollection.java:156)
	at org.mortbay.component.AbstractLifeCycle.start(AbstractLifeCycle.java:42)
	at org.mortbay.jetty.handler.HandlerCollection.doStart(HandlerCollection.java:152)
	at org.mortbay.component.AbstractLifeCycle.start(AbstractLifeCycle.java:42)
	at org.mortbay.jetty.handler.HandlerWrapper.doStart(HandlerWrapper.java:130)
	at org.mortbay.jetty.Server.doStart(Server.java:222)
	at org.mortbay.component.AbstractLifeCycle.start(AbstractLifeCycle.java:42)
	at org.mortbay.xml.XmlConfiguration.main(XmlConfiguration.java:985)
	at sun.reflect.NativeMethodAccessorImpl.invoke0(Native Method)
	at sun.reflect.NativeMethodAccessorImpl.invoke(NativeMethodAccessorImpl.java:39)
	at sun.reflect.DelegatingMethodAccessorImpl.invoke(DelegatingMethodAccessorImpl.java:25)
	at java.lang.reflect.Method.invoke(Method.java:597)
	at org.mortbay.start.Main.invokeMain(Main.java:194)
	at org.mortbay.start.Main.start(Main.java:523)
	at org.mortbay.start.Main.main(Main.java:119)
Caused by: java.sql.SQLException: ORA-00904: "CHANGE_TYPE": 标识符无效

	at oracle.jdbc.driver.DatabaseError.throwSqlException(DatabaseError.java:124)
	... 85 more
]
[ERROR][2014-07-22 11:19:34,424][ExceptionHandlerBase] - [Database error while processing request.
Operation failed: Set Transaction Isolation Level=[2] for database=[security]
	at com.archibus.db.DbConnectionImpl.setConnectionParameters(DbConnectionImpl.java:165)
	at com.archibus.db.DbConnectionImpl.connect(DbConnectionImpl.java:129)
	at com.archibus.db.PooledDbDriverImpl.getConnection(PooledDbDriverImpl.java:267)
	at com.archibus.context.utility.TransactionTemplate.handleNewConnection(TransactionTemplate.java:277)
	at com.archibus.context.utility.TransactionTemplate.prepareTemporaryContext(TransactionTemplate.java:220)
	at com.archibus.context.utility.TransactionTemplate.doWithContext(TransactionTemplate.java:163)
	at com.archibus.service.remoting.SecurityServiceImpl.loadTableDef(SecurityServiceImpl.java:494)
	at com.archibus.service.remoting.SecurityServiceImpl.isUsernameUppercase(SecurityServiceImpl.java:442)
	at sun.reflect.NativeMethodAccessorImpl.invoke0(Native Method)
	at sun.reflect.NativeMethodAccessorImpl.invoke(NativeMethodAccessorImpl.java:39)
	at sun.reflect.DelegatingMethodAccessorImpl.invoke(DelegatingMethodAccessorImpl.java:25)
	at java.lang.reflect.Method.invoke(Method.java:597)
	at org.springframework.aop.support.AopUtils.invokeJoinpointUsingReflection(AopUtils.java:307)
	at org.springframework.aop.framework.ReflectiveMethodInvocation.invokeJoinpoint(ReflectiveMethodInvocation.java:182)
	at org.springframework.aop.framework.ReflectiveMethodInvocation.proceed(ReflectiveMethodInvocation.java:149)
	at com.archibus.service.interceptor.ExceptionHandlingInterceptor.invoke(ExceptionHandlingInterceptor.java:48)
	at org.springframework.aop.framework.ReflectiveMethodInvocation.proceed(ReflectiveMethodInvocation.java:171)
	at com.archibus.service.interceptor.SecurityInterceptor.invoke(SecurityInterceptor.java:43)
	at org.springframework.aop.framework.ReflectiveMethodInvocation.proceed(ReflectiveMethodInvocation.java:171)
	at org.springframework.aop.framework.JdkDynamicAopProxy.invoke(JdkDynamicAopProxy.java:204)
	at com.sun.proxy.$Proxy15.isUsernameUppercase(Unknown Source)
	at sun.reflect.NativeMethodAccessorImpl.invoke0(Native Method)
	at sun.reflect.NativeMethodAccessorImpl.invoke(NativeMethodAccessorImpl.java:39)
	at sun.reflect.DelegatingMethodAccessorImpl.invoke(DelegatingMethodAccessorImpl.java:25)
	at java.lang.reflect.Method.invoke(Method.java:597)
	at org.directwebremoting.impl.DefaultRemoter$1.doFilter(DefaultRemoter.java:753)
	at org.directwebremoting.impl.DefaultRemoter.execute(DefaultRemoter.java:759)
	at org.directwebremoting.impl.DefaultRemoter.execute(DefaultRemoter.java:592)
	at org.directwebremoting.dwrp.BaseCallHandler.handle(BaseCallHandler.java:91)
	at org.directwebremoting.servlet.UrlProcessor.handle(UrlProcessor.java:120)
	at org.directwebremoting.servlet.DwrServlet.doPost(DwrServlet.java:141)
	at javax.servlet.http.HttpServlet.service(HttpServlet.java:727)
	at javax.servlet.http.HttpServlet.service(HttpServlet.java:820)
	at org.mortbay.jetty.servlet.ServletHolder.handle(ServletHolder.java:502)
	at org.mortbay.jetty.servlet.ServletHandler$CachedChain.doFilter(ServletHandler.java:1124)
	at org.springframework.security.util.FilterChainProxy$VirtualFilterChain.doFilter(FilterChainProxy.java:378)
	at com.archibus.servletx.SecurityFilter.doWithContext(SecurityFilter.java:70)
	at com.archibus.servletx.SecurityFilter.doFilterInternal(SecurityFilter.java:32)
	at com.archibus.servletx.FilterBeanBase.doFilter(FilterBeanBase.java:42)
	at sun.reflect.GeneratedMethodAccessor34.invoke(Unknown Source)
	at sun.reflect.DelegatingMethodAccessorImpl.invoke(DelegatingMethodAccessorImpl.java:25)
	at java.lang.reflect.Method.invoke(Method.java:597)
	at org.springframework.aop.support.AopUtils.invokeJoinpointUsingReflection(AopUtils.java:307)
	at org.springframework.aop.framework.ReflectiveMethodInvocation.invokeJoinpoint(ReflectiveMethodInvocation.java:182)
	at org.springframework.aop.framework.ReflectiveMethodInvocation.proceed(ReflectiveMethodInvocation.java:149)
	at com.archibus.service.interceptor.SecurityControllerInterceptor$1.doWithContext(SecurityControllerInterceptor.java:65)
	at com.archibus.context.utility.SecurityControllerTemplate.doWithContext(SecurityControllerTemplate.java:128)
	at com.archibus.service.interceptor.SecurityControllerInterceptor.invoke(SecurityControllerInterceptor.java:62)
	at org.springframework.aop.framework.ReflectiveMethodInvocation.proceed(ReflectiveMethodInvocation.java:171)
	at org.springframework.aop.framework.JdkDynamicAopProxy.invoke(JdkDynamicAopProxy.java:204)
	at com.sun.proxy.$Proxy12.doFilter(Unknown Source)
	at org.springframework.security.util.FilterChainProxy$VirtualFilterChain.doFilter(FilterChainProxy.java:390)
	at com.archibus.servletx.ContextFilter.doFilterInternal(ContextFilter.java:68)
	at com.archibus.servletx.FilterBeanBase.doFilter(FilterBeanBase.java:42)
	at sun.reflect.GeneratedMethodAccessor34.invoke(Unknown Source)
	at sun.reflect.DelegatingMethodAccessorImpl.invoke(DelegatingMethodAccessorImpl.java:25)
	at java.lang.reflect.Method.invoke(Method.java:597)
	at org.springframework.aop.support.AopUtils.invokeJoinpointUsingReflection(AopUtils.java:307)
	at org.springframework.aop.framework.JdkDynamicAopProxy.invoke(JdkDynamicAopProxy.java:198)
	at com.sun.proxy.$Proxy12.doFilter(Unknown Source)
	at org.springframework.security.util.FilterChainProxy$VirtualFilterChain.doFilter(FilterChainProxy.java:390)
	at org.springframework.security.context.HttpSessionContextIntegrationFilter.doFilterHttp(HttpSessionContextIntegrationFilter.java:235)
	at org.springframework.security.ui.SpringSecurityFilter.doFilter(SpringSecurityFilter.java:53)
	at sun.reflect.GeneratedMethodAccessor34.invoke(Unknown Source)
	at sun.reflect.DelegatingMethodAccessorImpl.invoke(DelegatingMethodAccessorImpl.java:25)
	at java.lang.reflect.Method.invoke(Method.java:597)
	at org.springframework.aop.support.AopUtils.invokeJoinpointUsingReflection(AopUtils.java:307)
	at org.springframework.aop.framework.ReflectiveMethodInvocation.invokeJoinpoint(ReflectiveMethodInvocation.java:182)
	at org.springframework.aop.framework.ReflectiveMethodInvocation.proceed(ReflectiveMethodInvocation.java:149)
	at com.archibus.service.interceptor.ExceptionHandlingInterceptor.invoke(ExceptionHandlingInterceptor.java:48)
	at org.springframework.aop.framework.ReflectiveMethodInvocation.proceed(ReflectiveMethodInvocation.java:171)
	at com.archibus.service.interceptor.ContextInterceptor$1.doWithContext(ContextInterceptor.java:57)
	at com.archibus.context.utility.ContextTemplate.doWithContext(ContextTemplate.java:97)
	at com.archibus.service.interceptor.ContextInterceptor.invoke(ContextInterceptor.java:54)
	at org.springframework.aop.framework.ReflectiveMethodInvocation.proceed(ReflectiveMethodInvocation.java:171)
	at org.springframework.aop.framework.JdkDynamicAopProxy.invoke(JdkDynamicAopProxy.java:204)
	at com.sun.proxy.$Proxy12.doFilter(Unknown Source)
	at org.springframework.security.util.FilterChainProxy$VirtualFilterChain.doFilter(FilterChainProxy.java:390)
	at org.springframework.security.util.FilterChainProxy.doFilter(FilterChainProxy.java:175)
	at org.springframework.web.filter.DelegatingFilterProxy.invokeDelegate(DelegatingFilterProxy.java:236)
	at org.springframework.web.filter.DelegatingFilterProxy.doFilter(DelegatingFilterProxy.java:167)
	at org.mortbay.jetty.servlet.ServletHandler$CachedChain.doFilter(ServletHandler.java:1115)
	at org.mortbay.jetty.servlet.ServletHandler.handle(ServletHandler.java:361)
	at org.mortbay.jetty.security.SecurityHandler.handle(SecurityHandler.java:216)
	at org.mortbay.jetty.servlet.SessionHandler.handle(SessionHandler.java:181)
	at org.mortbay.jetty.handler.ContextHandler.handle(ContextHandler.java:757)
	at org.mortbay.jetty.webapp.WebAppContext.handle(WebAppContext.java:416)
	at org.mortbay.jetty.handler.ContextHandlerCollection.handle(ContextHandlerCollection.java:206)
	at org.mortbay.jetty.handler.HandlerCollection.handle(HandlerCollection.java:114)
	at org.mortbay.jetty.handler.HandlerWrapper.handle(HandlerWrapper.java:152)
	at org.mortbay.jetty.Server.handle(Server.java:324)
	at org.mortbay.jetty.HttpConnection.handleRequest(HttpConnection.java:502)
	at org.mortbay.jetty.HttpConnection$RequestHandler.content(HttpConnection.java:840)
	at org.mortbay.jetty.HttpParser.parseNext(HttpParser.java:657)
	at org.mortbay.jetty.HttpParser.parseAvailable(HttpParser.java:211)
	at org.mortbay.jetty.HttpConnection.handle(HttpConnection.java:377)
	at org.mortbay.io.nio.SelectChannelEndPoint.run(SelectChannelEndPoint.java:409)
	at org.mortbay.thread.QueuedThreadPool$PoolThread.run(QueuedThreadPool.java:497)
Caused by: java.sql.SQLException: Io 异常: Connection reset by peer: socket write error
	at oracle.jdbc.driver.DatabaseError.throwSqlException(DatabaseError.java:124)
	... 97 more
]
[ERROR][2014-07-22 11:19:34,425][ExceptionHandlerBase] - [Request =[POST /archibus/dwr/call/plaincall/SecurityService.isUsernameUppercase.dwr HTTP/1.1
Host: localhost:30000
User-Agent: Mozilla/5.0 (Windows NT 6.1; WOW64; rv:30.0) Gecko/20100101 Firefox/30.0
Accept: text/html,application/xhtml+xml,application/xml;q=0.9,*/*;q=0.8
Accept-Language: zh-cn,zh;q=0.8,en-us;q=0.5,en;q=0.3
Accept-Encoding: gzip, deflate
Referer: http://localhost:30000/archibus/login.axvw
Cookie: JSESSIONID=xvx3tf4psanu
Connection: keep-alive
Content-Type: text/plain; charset=UTF-8
Content-Length: 261
Pragma: no-cache
Cache-Control: no-cache

], session=[xvx3tf4psanu]]
[ERROR][2014-07-22 11:20:14,839][UserAccountDao] - [Throwing Spring exception, cause: Database error while processing request.
Operation failed: Connecting to database: url=[jdbc:apache:commons:dbcp:Thread-17], userId=[afm_secure]
	at com.archibus.db.DbConnectionImpl.createConnection(DbConnectionImpl.java:551)
	at com.archibus.db.DbConnectionImpl.connect(DbConnectionImpl.java:122)
	at com.archibus.db.PooledDbDriverImpl.getConnection(PooledDbDriverImpl.java:267)
	at com.archibus.context.utility.TransactionTemplate.handleNewConnection(TransactionTemplate.java:277)
	at com.archibus.context.utility.TransactionTemplate.prepareTemporaryContext(TransactionTemplate.java:220)
	at com.archibus.context.utility.TransactionTemplate.doWithContext(TransactionTemplate.java:163)
	at com.archibus.db.RecordPersistenceImpl.doRetrieve(RecordPersistenceImpl.java:1511)
	at com.archibus.db.RecordPersistenceImpl.doRetrieve(RecordPersistenceImpl.java:1435)
	at com.archibus.db.RecordPersistenceImpl.retrieve(RecordPersistenceImpl.java:1020)
	at com.archibus.security.SecurityLoaderBase.retrieveRecord(SecurityLoaderBase.java:430)
	at com.archibus.security.UserAccountLoader.applyParametersAndLoad(UserAccountLoader.java:66)
	at com.archibus.config.ClassCreator.createObject(ClassCreator.java:61)
	at com.archibus.config.CacheAccessImpl$ObjectCreatorBaseImpl.createLoaderAndObject(CacheAccessImpl.java:201)
	at com.archibus.config.CacheAccessImpl$CachedObjectCreatorImpl.createObject(CacheAccessImpl.java:272)
	at com.archibus.config.CacheAccessImpl.createCached(CacheAccessImpl.java:153)
	at com.archibus.config.CacheAccessImpl.findCachedOrCreate(CacheAccessImpl.java:79)
	at com.archibus.config.ProjectImpl.loadUserAccount(ProjectImpl.java:919)
	at com.archibus.app.solution.common.security.providers.dao.UserAccountDao.loadUserByUsername(UserAccountDao.java:116)
	at org.springframework.security.providers.dao.DaoAuthenticationProvider.retrieveUser(DaoAuthenticationProvider.java:83)
	at org.springframework.security.providers.dao.AbstractUserDetailsAuthenticationProvider.authenticate(AbstractUserDetailsAuthenticationProvider.java:121)
	at sun.reflect.NativeMethodAccessorImpl.invoke0(Native Method)
	at sun.reflect.NativeMethodAccessorImpl.invoke(NativeMethodAccessorImpl.java:39)
	at sun.reflect.DelegatingMethodAccessorImpl.invoke(DelegatingMethodAccessorImpl.java:25)
	at java.lang.reflect.Method.invoke(Method.java:597)
	at org.springframework.aop.support.AopUtils.invokeJoinpointUsingReflection(AopUtils.java:307)
	at org.springframework.aop.framework.ReflectiveMethodInvocation.invokeJoinpoint(ReflectiveMethodInvocation.java:182)
	at org.springframework.aop.framework.ReflectiveMethodInvocation.proceed(ReflectiveMethodInvocation.java:149)
	at com.archibus.service.interceptor.AuthenticationInterceptor.invoke(AuthenticationInterceptor.java:37)
	at org.springframework.aop.framework.ReflectiveMethodInvocation.proceed(ReflectiveMethodInvocation.java:171)
	at org.springframework.aop.framework.JdkDynamicAopProxy.invoke(JdkDynamicAopProxy.java:204)
	at com.sun.proxy.$Proxy14.authenticate(Unknown Source)
	at org.springframework.security.providers.ProviderManager.doAuthentication(ProviderManager.java:188)
	at org.springframework.security.AbstractAuthenticationManager.authenticate(AbstractAuthenticationManager.java:46)
	at com.archibus.service.remoting.SecurityServiceImpl.loginDo(SecurityServiceImpl.java:221)
	at com.archibus.service.remoting.SecurityServiceImpl.login(SecurityServiceImpl.java:188)
	at sun.reflect.NativeMethodAccessorImpl.invoke0(Native Method)
	at sun.reflect.NativeMethodAccessorImpl.invoke(NativeMethodAccessorImpl.java:39)
	at sun.reflect.DelegatingMethodAccessorImpl.invoke(DelegatingMethodAccessorImpl.java:25)
	at java.lang.reflect.Method.invoke(Method.java:597)
	at org.springframework.aop.support.AopUtils.invokeJoinpointUsingReflection(AopUtils.java:307)
	at org.springframework.aop.framework.ReflectiveMethodInvocation.invokeJoinpoint(ReflectiveMethodInvocation.java:182)
	at org.springframework.aop.framework.ReflectiveMethodInvocation.proceed(ReflectiveMethodInvocation.java:149)
	at com.archibus.service.interceptor.ExceptionHandlingInterceptor.invoke(ExceptionHandlingInterceptor.java:48)
	at org.springframework.aop.framework.ReflectiveMethodInvocation.proceed(ReflectiveMethodInvocation.java:171)
	at com.archibus.service.interceptor.SecurityInterceptor.invoke(SecurityInterceptor.java:43)
	at org.springframework.aop.framework.ReflectiveMethodInvocation.proceed(ReflectiveMethodInvocation.java:171)
	at org.springframework.aop.framework.JdkDynamicAopProxy.invoke(JdkDynamicAopProxy.java:204)
	at com.sun.proxy.$Proxy15.login(Unknown Source)
	at sun.reflect.NativeMethodAccessorImpl.invoke0(Native Method)
	at sun.reflect.NativeMethodAccessorImpl.invoke(NativeMethodAccessorImpl.java:39)
	at sun.reflect.DelegatingMethodAccessorImpl.invoke(DelegatingMethodAccessorImpl.java:25)
	at java.lang.reflect.Method.invoke(Method.java:597)
	at org.directwebremoting.impl.DefaultRemoter$1.doFilter(DefaultRemoter.java:753)
	at org.directwebremoting.impl.DefaultRemoter.execute(DefaultRemoter.java:759)
	at org.directwebremoting.impl.DefaultRemoter.execute(DefaultRemoter.java:592)
	at org.directwebremoting.dwrp.BaseCallHandler.handle(BaseCallHandler.java:91)
	at org.directwebremoting.servlet.UrlProcessor.handle(UrlProcessor.java:120)
	at org.directwebremoting.servlet.DwrServlet.doPost(DwrServlet.java:141)
	at javax.servlet.http.HttpServlet.service(HttpServlet.java:727)
	at javax.servlet.http.HttpServlet.service(HttpServlet.java:820)
	at org.mortbay.jetty.servlet.ServletHolder.handle(ServletHolder.java:502)
	at org.mortbay.jetty.servlet.ServletHandler$CachedChain.doFilter(ServletHandler.java:1124)
	at org.springframework.security.util.FilterChainProxy$VirtualFilterChain.doFilter(FilterChainProxy.java:378)
	at com.archibus.servletx.SecurityFilter.doWithContext(SecurityFilter.java:70)
	at com.archibus.servletx.SecurityFilter.doFilterInternal(SecurityFilter.java:32)
	at com.archibus.servletx.FilterBeanBase.doFilter(FilterBeanBase.java:42)
	at sun.reflect.GeneratedMethodAccessor34.invoke(Unknown Source)
	at sun.reflect.DelegatingMethodAccessorImpl.invoke(DelegatingMethodAccessorImpl.java:25)
	at java.lang.reflect.Method.invoke(Method.java:597)
	at org.springframework.aop.support.AopUtils.invokeJoinpointUsingReflection(AopUtils.java:307)
	at org.springframework.aop.framework.ReflectiveMethodInvocation.invokeJoinpoint(ReflectiveMethodInvocation.java:182)
	at org.springframework.aop.framework.ReflectiveMethodInvocation.proceed(ReflectiveMethodInvocation.java:149)
	at com.archibus.service.interceptor.SecurityControllerInterceptor$1.doWithContext(SecurityControllerInterceptor.java:65)
	at com.archibus.context.utility.SecurityControllerTemplate.doWithContext(SecurityControllerTemplate.java:128)
	at com.archibus.service.interceptor.SecurityControllerInterceptor.invoke(SecurityControllerInterceptor.java:62)
	at org.springframework.aop.framework.ReflectiveMethodInvocation.proceed(ReflectiveMethodInvocation.java:171)
	at org.springframework.aop.framework.JdkDynamicAopProxy.invoke(JdkDynamicAopProxy.java:204)
	at com.sun.proxy.$Proxy12.doFilter(Unknown Source)
	at org.springframework.security.util.FilterChainProxy$VirtualFilterChain.doFilter(FilterChainProxy.java:390)
	at com.archibus.servletx.ContextFilter.doFilterInternal(ContextFilter.java:68)
	at com.archibus.servletx.FilterBeanBase.doFilter(FilterBeanBase.java:42)
	at sun.reflect.GeneratedMethodAccessor34.invoke(Unknown Source)
	at sun.reflect.DelegatingMethodAccessorImpl.invoke(DelegatingMethodAccessorImpl.java:25)
	at java.lang.reflect.Method.invoke(Method.java:597)
	at org.springframework.aop.support.AopUtils.invokeJoinpointUsingReflection(AopUtils.java:307)
	at org.springframework.aop.framework.JdkDynamicAopProxy.invoke(JdkDynamicAopProxy.java:198)
	at com.sun.proxy.$Proxy12.doFilter(Unknown Source)
	at org.springframework.security.util.FilterChainProxy$VirtualFilterChain.doFilter(FilterChainProxy.java:390)
	at org.springframework.security.context.HttpSessionContextIntegrationFilter.doFilterHttp(HttpSessionContextIntegrationFilter.java:235)
	at org.springframework.security.ui.SpringSecurityFilter.doFilter(SpringSecurityFilter.java:53)
	at sun.reflect.GeneratedMethodAccessor34.invoke(Unknown Source)
	at sun.reflect.DelegatingMethodAccessorImpl.invoke(DelegatingMethodAccessorImpl.java:25)
	at java.lang.reflect.Method.invoke(Method.java:597)
	at org.springframework.aop.support.AopUtils.invokeJoinpointUsingReflection(AopUtils.java:307)
	at org.springframework.aop.framework.ReflectiveMethodInvocation.invokeJoinpoint(ReflectiveMethodInvocation.java:182)
	at org.springframework.aop.framework.ReflectiveMethodInvocation.proceed(ReflectiveMethodInvocation.java:149)
	at com.archibus.service.interceptor.ExceptionHandlingInterceptor.invoke(ExceptionHandlingInterceptor.java:48)
	at org.springframework.aop.framework.ReflectiveMethodInvocation.proceed(ReflectiveMethodInvocation.java:171)
	at com.archibus.service.interceptor.ContextInterceptor$1.doWithContext(ContextInterceptor.java:57)
	at com.archibus.context.utility.ContextTemplate.doWithContext(ContextTemplate.java:97)
	at com.archibus.service.interceptor.ContextInterceptor.invoke(ContextInterceptor.java:54)
	at org.springframework.aop.framework.ReflectiveMethodInvocation.proceed(ReflectiveMethodInvocation.java:171)
	at org.springframework.aop.framework.JdkDynamicAopProxy.invoke(JdkDynamicAopProxy.java:204)
	at com.sun.proxy.$Proxy12.doFilter(Unknown Source)
	at org.springframework.security.util.FilterChainProxy$VirtualFilterChain.doFilter(FilterChainProxy.java:390)
	at org.springframework.security.util.FilterChainProxy.doFilter(FilterChainProxy.java:175)
	at org.springframework.web.filter.DelegatingFilterProxy.invokeDelegate(DelegatingFilterProxy.java:236)
	at org.springframework.web.filter.DelegatingFilterProxy.doFilter(DelegatingFilterProxy.java:167)
	at org.mortbay.jetty.servlet.ServletHandler$CachedChain.doFilter(ServletHandler.java:1115)
	at org.mortbay.jetty.servlet.ServletHandler.handle(ServletHandler.java:361)
	at org.mortbay.jetty.security.SecurityHandler.handle(SecurityHandler.java:216)
	at org.mortbay.jetty.servlet.SessionHandler.handle(SessionHandler.java:181)
	at org.mortbay.jetty.handler.ContextHandler.handle(ContextHandler.java:757)
	at org.mortbay.jetty.webapp.WebAppContext.handle(WebAppContext.java:416)
	at org.mortbay.jetty.handler.ContextHandlerCollection.handle(ContextHandlerCollection.java:206)
	at org.mortbay.jetty.handler.HandlerCollection.handle(HandlerCollection.java:114)
	at org.mortbay.jetty.handler.HandlerWrapper.handle(HandlerWrapper.java:152)
	at org.mortbay.jetty.Server.handle(Server.java:324)
	at org.mortbay.jetty.HttpConnection.handleRequest(HttpConnection.java:502)
	at org.mortbay.jetty.HttpConnection$RequestHandler.content(HttpConnection.java:840)
	at org.mortbay.jetty.HttpParser.parseNext(HttpParser.java:657)
	at org.mortbay.jetty.HttpParser.parseAvailable(HttpParser.java:211)
	at org.mortbay.jetty.HttpConnection.handle(HttpConnection.java:377)
	at org.mortbay.io.nio.SelectChannelEndPoint.run(SelectChannelEndPoint.java:409)
	at org.mortbay.thread.QueuedThreadPool$PoolThread.run(QueuedThreadPool.java:497)
Caused by: java.sql.SQLException: Io 异常: The Network Adapter could not establish the connection
	at oracle.jdbc.driver.DatabaseError.throwSqlException(DatabaseError.java:124)
	... 124 more
]
[ERROR][2014-07-22 11:20:14,846][ExceptionHandlerBase] - [org.springframework.security.AuthenticationServiceException: nested exception is ; nested exception is org.springframework.dao.DataRetrievalFailureException: nested exception is 
	at org.springframework.security.providers.dao.DaoAuthenticationProvider.retrieveUser(DaoAuthenticationProvider.java:86)
	at org.springframework.security.providers.dao.AbstractUserDetailsAuthenticationProvider.authenticate(AbstractUserDetailsAuthenticationProvider.java:121)
	at sun.reflect.NativeMethodAccessorImpl.invoke0(Native Method)
	at sun.reflect.NativeMethodAccessorImpl.invoke(NativeMethodAccessorImpl.java:39)
	at sun.reflect.DelegatingMethodAccessorImpl.invoke(DelegatingMethodAccessorImpl.java:25)
	at java.lang.reflect.Method.invoke(Method.java:597)
	at org.springframework.aop.support.AopUtils.invokeJoinpointUsingReflection(AopUtils.java:307)
	at org.springframework.aop.framework.ReflectiveMethodInvocation.invokeJoinpoint(ReflectiveMethodInvocation.java:182)
	at org.springframework.aop.framework.ReflectiveMethodInvocation.proceed(ReflectiveMethodInvocation.java:149)
	at com.archibus.service.interceptor.AuthenticationInterceptor.invoke(AuthenticationInterceptor.java:37)
	at org.springframework.aop.framework.ReflectiveMethodInvocation.proceed(ReflectiveMethodInvocation.java:171)
	at org.springframework.aop.framework.JdkDynamicAopProxy.invoke(JdkDynamicAopProxy.java:204)
	at com.sun.proxy.$Proxy14.authenticate(Unknown Source)
	at org.springframework.security.providers.ProviderManager.doAuthentication(ProviderManager.java:188)
	at org.springframework.security.AbstractAuthenticationManager.authenticate(AbstractAuthenticationManager.java:46)
	at com.archibus.service.remoting.SecurityServiceImpl.loginDo(SecurityServiceImpl.java:221)
	at com.archibus.service.remoting.SecurityServiceImpl.login(SecurityServiceImpl.java:188)
	at sun.reflect.NativeMethodAccessorImpl.invoke0(Native Method)
	at sun.reflect.NativeMethodAccessorImpl.invoke(NativeMethodAccessorImpl.java:39)
	at sun.reflect.DelegatingMethodAccessorImpl.invoke(DelegatingMethodAccessorImpl.java:25)
	at java.lang.reflect.Method.invoke(Method.java:597)
	at org.springframework.aop.support.AopUtils.invokeJoinpointUsingReflection(AopUtils.java:307)
	at org.springframework.aop.framework.ReflectiveMethodInvocation.invokeJoinpoint(ReflectiveMethodInvocation.java:182)
	at org.springframework.aop.framework.ReflectiveMethodInvocation.proceed(ReflectiveMethodInvocation.java:149)
	at com.archibus.service.interceptor.ExceptionHandlingInterceptor.invoke(ExceptionHandlingInterceptor.java:48)
	at org.springframework.aop.framework.ReflectiveMethodInvocation.proceed(ReflectiveMethodInvocation.java:171)
	at com.archibus.service.interceptor.SecurityInterceptor.invoke(SecurityInterceptor.java:43)
	at org.springframework.aop.framework.ReflectiveMethodInvocation.proceed(ReflectiveMethodInvocation.java:171)
	at org.springframework.aop.framework.JdkDynamicAopProxy.invoke(JdkDynamicAopProxy.java:204)
	at com.sun.proxy.$Proxy15.login(Unknown Source)
	at sun.reflect.NativeMethodAccessorImpl.invoke0(Native Method)
	at sun.reflect.NativeMethodAccessorImpl.invoke(NativeMethodAccessorImpl.java:39)
	at sun.reflect.DelegatingMethodAccessorImpl.invoke(DelegatingMethodAccessorImpl.java:25)
	at java.lang.reflect.Method.invoke(Method.java:597)
	at org.directwebremoting.impl.DefaultRemoter$1.doFilter(DefaultRemoter.java:753)
	at org.directwebremoting.impl.DefaultRemoter.execute(DefaultRemoter.java:759)
	at org.directwebremoting.impl.DefaultRemoter.execute(DefaultRemoter.java:592)
	at org.directwebremoting.dwrp.BaseCallHandler.handle(BaseCallHandler.java:91)
	at org.directwebremoting.servlet.UrlProcessor.handle(UrlProcessor.java:120)
	at org.directwebremoting.servlet.DwrServlet.doPost(DwrServlet.java:141)
	at javax.servlet.http.HttpServlet.service(HttpServlet.java:727)
	at javax.servlet.http.HttpServlet.service(HttpServlet.java:820)
	at org.mortbay.jetty.servlet.ServletHolder.handle(ServletHolder.java:502)
	at org.mortbay.jetty.servlet.ServletHandler$CachedChain.doFilter(ServletHandler.java:1124)
	at org.springframework.security.util.FilterChainProxy$VirtualFilterChain.doFilter(FilterChainProxy.java:378)
	at com.archibus.servletx.SecurityFilter.doWithContext(SecurityFilter.java:70)
	at com.archibus.servletx.SecurityFilter.doFilterInternal(SecurityFilter.java:32)
	at com.archibus.servletx.FilterBeanBase.doFilter(FilterBeanBase.java:42)
	at sun.reflect.GeneratedMethodAccessor34.invoke(Unknown Source)
	at sun.reflect.DelegatingMethodAccessorImpl.invoke(DelegatingMethodAccessorImpl.java:25)
	at java.lang.reflect.Method.invoke(Method.java:597)
	at org.springframework.aop.support.AopUtils.invokeJoinpointUsingReflection(AopUtils.java:307)
	at org.springframework.aop.framework.ReflectiveMethodInvocation.invokeJoinpoint(ReflectiveMethodInvocation.java:182)
	at org.springframework.aop.framework.ReflectiveMethodInvocation.proceed(ReflectiveMethodInvocation.java:149)
	at com.archibus.service.interceptor.SecurityControllerInterceptor$1.doWithContext(SecurityControllerInterceptor.java:65)
	at com.archibus.context.utility.SecurityControllerTemplate.doWithContext(SecurityControllerTemplate.java:128)
	at com.archibus.service.interceptor.SecurityControllerInterceptor.invoke(SecurityControllerInterceptor.java:62)
	at org.springframework.aop.framework.ReflectiveMethodInvocation.proceed(ReflectiveMethodInvocation.java:171)
	at org.springframework.aop.framework.JdkDynamicAopProxy.invoke(JdkDynamicAopProxy.java:204)
	at com.sun.proxy.$Proxy12.doFilter(Unknown Source)
	at org.springframework.security.util.FilterChainProxy$VirtualFilterChain.doFilter(FilterChainProxy.java:390)
	at com.archibus.servletx.ContextFilter.doFilterInternal(ContextFilter.java:68)
	at com.archibus.servletx.FilterBeanBase.doFilter(FilterBeanBase.java:42)
	at sun.reflect.GeneratedMethodAccessor34.invoke(Unknown Source)
	at sun.reflect.DelegatingMethodAccessorImpl.invoke(DelegatingMethodAccessorImpl.java:25)
	at java.lang.reflect.Method.invoke(Method.java:597)
	at org.springframework.aop.support.AopUtils.invokeJoinpointUsingReflection(AopUtils.java:307)
	at org.springframework.aop.framework.JdkDynamicAopProxy.invoke(JdkDynamicAopProxy.java:198)
	at com.sun.proxy.$Proxy12.doFilter(Unknown Source)
	at org.springframework.security.util.FilterChainProxy$VirtualFilterChain.doFilter(FilterChainProxy.java:390)
	at org.springframework.security.context.HttpSessionContextIntegrationFilter.doFilterHttp(HttpSessionContextIntegrationFilter.java:235)
	at org.springframework.security.ui.SpringSecurityFilter.doFilter(SpringSecurityFilter.java:53)
	at sun.reflect.GeneratedMethodAccessor34.invoke(Unknown Source)
	at sun.reflect.DelegatingMethodAccessorImpl.invoke(DelegatingMethodAccessorImpl.java:25)
	at java.lang.reflect.Method.invoke(Method.java:597)
	at org.springframework.aop.support.AopUtils.invokeJoinpointUsingReflection(AopUtils.java:307)
	at org.springframework.aop.framework.ReflectiveMethodInvocation.invokeJoinpoint(ReflectiveMethodInvocation.java:182)
	at org.springframework.aop.framework.ReflectiveMethodInvocation.proceed(ReflectiveMethodInvocation.java:149)
	at com.archibus.service.interceptor.ExceptionHandlingInterceptor.invoke(ExceptionHandlingInterceptor.java:48)
	at org.springframework.aop.framework.ReflectiveMethodInvocation.proceed(ReflectiveMethodInvocation.java:171)
	at com.archibus.service.interceptor.ContextInterceptor$1.doWithContext(ContextInterceptor.java:57)
	at com.archibus.context.utility.ContextTemplate.doWithContext(ContextTemplate.java:97)
	at com.archibus.service.interceptor.ContextInterceptor.invoke(ContextInterceptor.java:54)
	at org.springframework.aop.framework.ReflectiveMethodInvocation.proceed(ReflectiveMethodInvocation.java:171)
	at org.springframework.aop.framework.JdkDynamicAopProxy.invoke(JdkDynamicAopProxy.java:204)
	at com.sun.proxy.$Proxy12.doFilter(Unknown Source)
	at org.springframework.security.util.FilterChainProxy$VirtualFilterChain.doFilter(FilterChainProxy.java:390)
	at org.springframework.security.util.FilterChainProxy.doFilter(FilterChainProxy.java:175)
	at org.springframework.web.filter.DelegatingFilterProxy.invokeDelegate(DelegatingFilterProxy.java:236)
	at org.springframework.web.filter.DelegatingFilterProxy.doFilter(DelegatingFilterProxy.java:167)
	at org.mortbay.jetty.servlet.ServletHandler$CachedChain.doFilter(ServletHandler.java:1115)
	at org.mortbay.jetty.servlet.ServletHandler.handle(ServletHandler.java:361)
	at org.mortbay.jetty.security.SecurityHandler.handle(SecurityHandler.java:216)
	at org.mortbay.jetty.servlet.SessionHandler.handle(SessionHandler.java:181)
	at org.mortbay.jetty.handler.ContextHandler.handle(ContextHandler.java:757)
	at org.mortbay.jetty.webapp.WebAppContext.handle(WebAppContext.java:416)
	at org.mortbay.jetty.handler.ContextHandlerCollection.handle(ContextHandlerCollection.java:206)
	at org.mortbay.jetty.handler.HandlerCollection.handle(HandlerCollection.java:114)
	at org.mortbay.jetty.handler.HandlerWrapper.handle(HandlerWrapper.java:152)
	at org.mortbay.jetty.Server.handle(Server.java:324)
	at org.mortbay.jetty.HttpConnection.handleRequest(HttpConnection.java:502)
	at org.mortbay.jetty.HttpConnection$RequestHandler.content(HttpConnection.java:840)
	at org.mortbay.jetty.HttpParser.parseNext(HttpParser.java:657)
	at org.mortbay.jetty.HttpParser.parseAvailable(HttpParser.java:211)
	at org.mortbay.jetty.HttpConnection.handle(HttpConnection.java:377)
	at org.mortbay.io.nio.SelectChannelEndPoint.run(SelectChannelEndPoint.java:409)
	at org.mortbay.thread.QueuedThreadPool$PoolThread.run(QueuedThreadPool.java:497)
Caused by: org.springframework.dao.DataRetrievalFailureException: nested exception is 
	at com.archibus.app.solution.common.security.providers.dao.UserAccountDao.loadUserByUsername(UserAccountDao.java:151)
	... 106 more
Caused by: 
	at com.archibus.db.HandlerSqlException.handleSQLException(HandlerSqlException.java:113)
	... 107 more
]
[ERROR][2014-07-22 11:20:14,847][ExceptionHandlerBase] - [Request =[POST /archibus/dwr/call/plaincall/SecurityService.login.dwr HTTP/1.1
Host: localhost:30000
User-Agent: Mozilla/5.0 (Windows NT 6.1; WOW64; rv:30.0) Gecko/20100101 Firefox/30.0
Accept: text/html,application/xhtml+xml,application/xml;q=0.9,*/*;q=0.8
Accept-Language: zh-cn,zh;q=0.8,en-us;q=0.5,en;q=0.3
Accept-Encoding: gzip, deflate
Referer: http://localhost:30000/archibus/login.axvw
Cookie: JSESSIONID=xvx3tf4psanu
Connection: keep-alive
Content-Type: text/plain; charset=UTF-8
Content-Length: 378
Pragma: no-cache
Cache-Control: no-cache

], session=[xvx3tf4psanu]]
[ERROR][2014-07-22 11:47:43,203][WorkflowRuleImpl] - [com.archibus.app.common.space.service.RoomTransactionDataEventListener
	at com.archibus.jobmanager.EventHandlerAdapter.createEventHandler(EventHandlerAdapter.java:127)
	at com.archibus.jobmanager.EventHandlerAdapter.<init>(EventHandlerAdapter.java:81)
	at com.archibus.jobmanager.WorkflowRuleImpl.verifyEventHandlers(WorkflowRuleImpl.java:653)
	at com.archibus.jobmanager.WorkflowRuleImpl.<init>(WorkflowRuleImpl.java:552)
	at com.archibus.jobmanager.WorkflowRuleImpl.<init>(WorkflowRuleImpl.java:526)
	at com.archibus.jobmanager.WorkflowRulesContainerLoader.loadWorkflowRule(WorkflowRulesContainerLoader.java:381)
	at com.archibus.jobmanager.WorkflowRulesContainerLoader.loadWorkflowRule(WorkflowRulesContainerLoader.java:329)
	at com.archibus.jobmanager.WorkflowRulesContainerLoader.configure(WorkflowRulesContainerLoader.java:244)
	at com.archibus.jobmanager.WorkflowRulesContainerLoader.afterLoad(WorkflowRulesContainerLoader.java:87)
	at com.archibus.config.ClassCreator.load(ClassCreator.java:100)
	at com.archibus.config.ClassCreator.applyParametersAndLoad(ClassCreator.java:133)
	at com.archibus.config.SpringBeanClassCreator.createObject(SpringBeanClassCreator.java:46)
	at com.archibus.config.CacheAccessImpl$ObjectCreatorBaseImpl.createLoaderAndObject(CacheAccessImpl.java:201)
	at com.archibus.config.CacheAccessImpl$CachedObjectCreatorImpl.createObject(CacheAccessImpl.java:272)
	at com.archibus.config.CacheAccessImpl.createCached(CacheAccessImpl.java:153)
	at com.archibus.config.ProjectImpl.loadWorkflowRules(ProjectImpl.java:590)
	at com.archibus.config.ProjectImpl.loadWorkflowRules(ProjectImpl.java:541)
	at com.archibus.config.ProjectImpl.loadWorkflowRules(ProjectImpl.java:498)
	at com.archibus.config.ProjectLoader.openProject(ProjectLoader.java:263)
	at com.archibus.config.ProjectLoader.afterCached(ProjectLoader.java:150)
	at com.archibus.config.CacheAccessImpl$CachedObjectCreatorImpl.createObject(CacheAccessImpl.java:283)
	at com.archibus.config.CacheAccessImpl.createCached(CacheAccessImpl.java:153)
	at com.archibus.config.ProjectsFactory.readProjectConfigs(ProjectsFactory.java:142)
	at com.archibus.config.ProjectsFactory.access$000(ProjectsFactory.java:22)
	at com.archibus.config.ProjectsFactory$1.doWithContext(ProjectsFactory.java:58)
	at com.archibus.context.utility.ContextTemplate.doWithContextWrappedException(ContextTemplate.java:113)
	at com.archibus.config.ProjectsFactory.createProjects(ProjectsFactory.java:55)
	at sun.reflect.NativeMethodAccessorImpl.invoke0(Native Method)
	at sun.reflect.NativeMethodAccessorImpl.invoke(NativeMethodAccessorImpl.java:39)
	at sun.reflect.DelegatingMethodAccessorImpl.invoke(DelegatingMethodAccessorImpl.java:25)
	at java.lang.reflect.Method.invoke(Method.java:597)
	at org.springframework.beans.factory.support.SimpleInstantiationStrategy.instantiate(SimpleInstantiationStrategy.java:115)
	at org.springframework.beans.factory.support.ConstructorResolver.instantiateUsingFactoryMethod(ConstructorResolver.java:435)
	at org.springframework.beans.factory.support.AbstractAutowireCapableBeanFactory.instantiateUsingFactoryMethod(AbstractAutowireCapableBeanFactory.java:903)
	at org.springframework.beans.factory.support.AbstractAutowireCapableBeanFactory.createBeanInstance(AbstractAutowireCapableBeanFactory.java:817)
	at org.springframework.beans.factory.support.AbstractAutowireCapableBeanFactory.doCreateBean(AbstractAutowireCapableBeanFactory.java:440)
	at org.springframework.beans.factory.support.AbstractAutowireCapableBeanFactory$1.run(AbstractAutowireCapableBeanFactory.java:409)
	at java.security.AccessController.doPrivileged(Native Method)
	at org.springframework.beans.factory.support.AbstractAutowireCapableBeanFactory.createBean(AbstractAutowireCapableBeanFactory.java:380)
	at org.springframework.beans.factory.support.AbstractBeanFactory$1.getObject(AbstractBeanFactory.java:264)
	at org.springframework.beans.factory.support.DefaultSingletonBeanRegistry.getSingleton(DefaultSingletonBeanRegistry.java:222)
	at org.springframework.beans.factory.support.AbstractBeanFactory.doGetBean(AbstractBeanFactory.java:261)
	at org.springframework.beans.factory.support.AbstractBeanFactory.getBean(AbstractBeanFactory.java:185)
	at org.springframework.beans.factory.support.AbstractBeanFactory.getBean(AbstractBeanFactory.java:164)
	at org.springframework.beans.factory.support.DefaultListableBeanFactory.preInstantiateSingletons(DefaultListableBeanFactory.java:429)
	at org.springframework.context.support.AbstractApplicationContext.finishBeanFactoryInitialization(AbstractApplicationContext.java:728)
	at org.springframework.context.support.AbstractApplicationContext.refresh(AbstractApplicationContext.java:380)
	at org.springframework.web.context.ContextLoader.createWebApplicationContext(ContextLoader.java:255)
	at org.springframework.web.context.ContextLoader.initWebApplicationContext(ContextLoader.java:199)
	at org.springframework.web.context.ContextLoaderListener.contextInitialized(ContextLoaderListener.java:45)
	at com.archibus.servletx.WebCentralContextLoaderListener.contextInitialized(WebCentralContextLoaderListener.java:60)
	at org.mortbay.jetty.handler.ContextHandler.startContext(ContextHandler.java:547)
	at org.mortbay.jetty.servlet.Context.startContext(Context.java:136)
	at org.mortbay.jetty.webapp.WebAppContext.startContext(WebAppContext.java:1233)
	at org.mortbay.jetty.handler.ContextHandler.doStart(ContextHandler.java:516)
	at org.mortbay.jetty.webapp.WebAppContext.doStart(WebAppContext.java:459)
	at org.mortbay.component.AbstractLifeCycle.start(AbstractLifeCycle.java:42)
	at org.mortbay.jetty.handler.HandlerCollection.doStart(HandlerCollection.java:152)
	at org.mortbay.jetty.handler.ContextHandlerCollection.doStart(ContextHandlerCollection.java:156)
	at org.mortbay.component.AbstractLifeCycle.start(AbstractLifeCycle.java:42)
	at org.mortbay.jetty.handler.HandlerCollection.doStart(HandlerCollection.java:152)
	at org.mortbay.component.AbstractLifeCycle.start(AbstractLifeCycle.java:42)
	at org.mortbay.jetty.handler.HandlerWrapper.doStart(HandlerWrapper.java:130)
	at org.mortbay.jetty.Server.doStart(Server.java:222)
	at org.mortbay.component.AbstractLifeCycle.start(AbstractLifeCycle.java:42)
	at org.mortbay.xml.XmlConfiguration.main(XmlConfiguration.java:985)
	at sun.reflect.NativeMethodAccessorImpl.invoke0(Native Method)
	at sun.reflect.NativeMethodAccessorImpl.invoke(NativeMethodAccessorImpl.java:39)
	at sun.reflect.DelegatingMethodAccessorImpl.invoke(DelegatingMethodAccessorImpl.java:25)
	at java.lang.reflect.Method.invoke(Method.java:597)
	at org.mortbay.start.Main.invokeMain(Main.java:194)
	at org.mortbay.start.Main.start(Main.java:523)
	at org.mortbay.start.Main.main(Main.java:119)
Caused by: java.lang.ClassNotFoundException: com.archibus.app.common.space.service.RoomTransactionDataEventListener
	at java.net.URLClassLoader$1.run(URLClassLoader.java:202)
	... 72 more
]
[ERROR][2014-07-22 11:47:43,205][WorkflowRulesContainerLoader] - [Workflow rule is invalid: [AbSpaceRoomInventoryBAR-RoomTransactionRecorderForDataChangeEvent]]
[ERROR][2014-07-22 11:47:45,255][WorkflowRuleExecutorImpl] - [Rule=[AbSpaceRoomInventoryBAR:archiveRmpctRecords:null] failed, elapsed time 508 ms, exception=[Database error while processing request.
Unable to execute statement: INSERT into hrmpct (area_comn,area_comn_ocup,status,rm_cat,from_bl_id,date_created,rm_id,day_part,resources,em_id,area_comn_rm,primary_em,user_name,pct_time,date_start,change_type,org_id,fl_id,activity_log_id,date_deleted,mo_id,dp_id,area_comn_serv,pct_space,from_fl_id,ac_id,area_comn_nocup,from_rm_id,pct_id,area_rm,visitor_id,bl_id,rm_type,del_user_name,dv_id,prorate,parent_pct_id,primary_rm,cost,date_end,area_chargable) (SELECT area_comn,area_comn_ocup,status,rm_cat,from_bl_id,date_created,rm_id,day_part,resources,em_id,area_comn_rm,primary_em,user_name,pct_time,date_start,change_type,org_id,fl_id,activity_log_id,date_deleted,mo_id,dp_id,area_comn_serv,pct_space,from_fl_id,ac_id,area_comn_nocup,from_rm_id,pct_id,area_rm,visitor_id,bl_id,rm_type,del_user_name,dv_id,prorate,parent_pct_id,primary_rm,cost,date_end,area_chargable FROM  rmpct WHERE  rmpct.date_end<=TO_DATE('2013-07-22 00:00:00', 'YYYY-MM-DD HH24:MI:SS') AND rmpct.status = 1), database=[data]
	at com.archibus.db.DbConnectionImpl.executeUpdate(DbConnectionImpl.java:345)
	at com.archibus.db.RecordPersistenceImpl$UpdatePerform.doInTransaction(RecordPersistenceImpl.java:120)
	at com.archibus.db.RecordPersistenceImpl$3.doWithContext(RecordPersistenceImpl.java:1675)
	at com.archibus.context.utility.TransactionTemplate.doWithContext(TransactionTemplate.java:176)
	at com.archibus.db.RecordPersistenceImpl.performUpdateCommands(RecordPersistenceImpl.java:1672)
	at com.archibus.db.RecordPersistenceImpl.executeSql(RecordPersistenceImpl.java:871)
	at com.archibus.db.RecordPersistenceImpl.executeSql(RecordPersistenceImpl.java:830)
	at com.archibus.db.RecordPersistenceImpl.executeSql(RecordPersistenceImpl.java:808)
	at com.archibus.eventhandler.EventHandlerBase.executeDbSql(EventHandlerBase.java:527)
	at com.archibus.datasource.DataSourceImpl.executeUpdate(DataSourceImpl.java:2497)
	at com.archibus.service.space.SpaceTransactionHandler.archiveRmpctRecords(SpaceTransactionHandler.java:99)
	at sun.reflect.NativeMethodAccessorImpl.invoke0(Native Method)
	at sun.reflect.NativeMethodAccessorImpl.invoke(NativeMethodAccessorImpl.java:39)
	at sun.reflect.DelegatingMethodAccessorImpl.invoke(DelegatingMethodAccessorImpl.java:25)
	at java.lang.reflect.Method.invoke(Method.java:597)
	at com.archibus.jobmanager.EventHandlerAdapter.invokeMethod(EventHandlerAdapter.java:473)
	at com.archibus.jobmanager.EventHandlerAdapter.handle(EventHandlerAdapter.java:225)
	at com.archibus.jobmanager.WorkflowRuleExecutorImpl$1$1.doWithContext(WorkflowRuleExecutorImpl.java:265)
	at com.archibus.context.utility.EventHandlerContextTemplate.doWithContext(EventHandlerContextTemplate.java:71)
	at com.archibus.jobmanager.WorkflowRuleExecutorImpl$1.doWithContext(WorkflowRuleExecutorImpl.java:261)
	at com.archibus.context.utility.TransactionTemplate.doWithContext(TransactionTemplate.java:176)
	at com.archibus.jobmanager.WorkflowRuleExecutorImpl.start(WorkflowRuleExecutorImpl.java:256)
	at com.archibus.jobmanager.WorkflowRuleExecutorSyncImpl.start(WorkflowRuleExecutorSyncImpl.java:18)
	at com.archibus.jobmanager.WorkflowRulesContainerImpl.startRule(WorkflowRulesContainerImpl.java:418)
	at com.archibus.jobmanager.WorkflowRulesContainerImpl.runRule(WorkflowRulesContainerImpl.java:246)
	at com.archibus.jobmanager.WorkflowRulesContainerImpl.runRulesOnStartup(WorkflowRulesContainerImpl.java:842)
	at com.archibus.jobmanager.WorkflowRulesContainerImpl.startScheduler(WorkflowRulesContainerImpl.java:594)
	at sun.reflect.NativeMethodAccessorImpl.invoke0(Native Method)
	at sun.reflect.NativeMethodAccessorImpl.invoke(NativeMethodAccessorImpl.java:39)
	at sun.reflect.DelegatingMethodAccessorImpl.invoke(DelegatingMethodAccessorImpl.java:25)
	at java.lang.reflect.Method.invoke(Method.java:597)
	at org.springframework.aop.support.AopUtils.invokeJoinpointUsingReflection(AopUtils.java:307)
	at org.springframework.aop.framework.JdkDynamicAopProxy.invoke(JdkDynamicAopProxy.java:198)
	at com.sun.proxy.$Proxy11.startScheduler(Unknown Source)
	at com.archibus.config.ConfigManagerImpl.afterAddProjects(ConfigManagerImpl.java:360)
	at com.archibus.config.ProjectsFactory.readProjectConfigs(ProjectsFactory.java:175)
	at com.archibus.config.ProjectsFactory.access$000(ProjectsFactory.java:22)
	at com.archibus.config.ProjectsFactory$1.doWithContext(ProjectsFactory.java:58)
	at com.archibus.context.utility.ContextTemplate.doWithContextWrappedException(ContextTemplate.java:113)
	at com.archibus.config.ProjectsFactory.createProjects(ProjectsFactory.java:55)
	at sun.reflect.NativeMethodAccessorImpl.invoke0(Native Method)
	at sun.reflect.NativeMethodAccessorImpl.invoke(NativeMethodAccessorImpl.java:39)
	at sun.reflect.DelegatingMethodAccessorImpl.invoke(DelegatingMethodAccessorImpl.java:25)
	at java.lang.reflect.Method.invoke(Method.java:597)
	at org.springframework.beans.factory.support.SimpleInstantiationStrategy.instantiate(SimpleInstantiationStrategy.java:115)
	at org.springframework.beans.factory.support.ConstructorResolver.instantiateUsingFactoryMethod(ConstructorResolver.java:435)
	at org.springframework.beans.factory.support.AbstractAutowireCapableBeanFactory.instantiateUsingFactoryMethod(AbstractAutowireCapableBeanFactory.java:903)
	at org.springframework.beans.factory.support.AbstractAutowireCapableBeanFactory.createBeanInstance(AbstractAutowireCapableBeanFactory.java:817)
	at org.springframework.beans.factory.support.AbstractAutowireCapableBeanFactory.doCreateBean(AbstractAutowireCapableBeanFactory.java:440)
	at org.springframework.beans.factory.support.AbstractAutowireCapableBeanFactory$1.run(AbstractAutowireCapableBeanFactory.java:409)
	at java.security.AccessController.doPrivileged(Native Method)
	at org.springframework.beans.factory.support.AbstractAutowireCapableBeanFactory.createBean(AbstractAutowireCapableBeanFactory.java:380)
	at org.springframework.beans.factory.support.AbstractBeanFactory$1.getObject(AbstractBeanFactory.java:264)
	at org.springframework.beans.factory.support.DefaultSingletonBeanRegistry.getSingleton(DefaultSingletonBeanRegistry.java:222)
	at org.springframework.beans.factory.support.AbstractBeanFactory.doGetBean(AbstractBeanFactory.java:261)
	at org.springframework.beans.factory.support.AbstractBeanFactory.getBean(AbstractBeanFactory.java:185)
	at org.springframework.beans.factory.support.AbstractBeanFactory.getBean(AbstractBeanFactory.java:164)
	at org.springframework.beans.factory.support.DefaultListableBeanFactory.preInstantiateSingletons(DefaultListableBeanFactory.java:429)
	at org.springframework.context.support.AbstractApplicationContext.finishBeanFactoryInitialization(AbstractApplicationContext.java:728)
	at org.springframework.context.support.AbstractApplicationContext.refresh(AbstractApplicationContext.java:380)
	at org.springframework.web.context.ContextLoader.createWebApplicationContext(ContextLoader.java:255)
	at org.springframework.web.context.ContextLoader.initWebApplicationContext(ContextLoader.java:199)
	at org.springframework.web.context.ContextLoaderListener.contextInitialized(ContextLoaderListener.java:45)
	at com.archibus.servletx.WebCentralContextLoaderListener.contextInitialized(WebCentralContextLoaderListener.java:60)
	at org.mortbay.jetty.handler.ContextHandler.startContext(ContextHandler.java:547)
	at org.mortbay.jetty.servlet.Context.startContext(Context.java:136)
	at org.mortbay.jetty.webapp.WebAppContext.startContext(WebAppContext.java:1233)
	at org.mortbay.jetty.handler.ContextHandler.doStart(ContextHandler.java:516)
	at org.mortbay.jetty.webapp.WebAppContext.doStart(WebAppContext.java:459)
	at org.mortbay.component.AbstractLifeCycle.start(AbstractLifeCycle.java:42)
	at org.mortbay.jetty.handler.HandlerCollection.doStart(HandlerCollection.java:152)
	at org.mortbay.jetty.handler.ContextHandlerCollection.doStart(ContextHandlerCollection.java:156)
	at org.mortbay.component.AbstractLifeCycle.start(AbstractLifeCycle.java:42)
	at org.mortbay.jetty.handler.HandlerCollection.doStart(HandlerCollection.java:152)
	at org.mortbay.component.AbstractLifeCycle.start(AbstractLifeCycle.java:42)
	at org.mortbay.jetty.handler.HandlerWrapper.doStart(HandlerWrapper.java:130)
	at org.mortbay.jetty.Server.doStart(Server.java:222)
	at org.mortbay.component.AbstractLifeCycle.start(AbstractLifeCycle.java:42)
	at org.mortbay.xml.XmlConfiguration.main(XmlConfiguration.java:985)
	at sun.reflect.NativeMethodAccessorImpl.invoke0(Native Method)
	at sun.reflect.NativeMethodAccessorImpl.invoke(NativeMethodAccessorImpl.java:39)
	at sun.reflect.DelegatingMethodAccessorImpl.invoke(DelegatingMethodAccessorImpl.java:25)
	at java.lang.reflect.Method.invoke(Method.java:597)
	at org.mortbay.start.Main.invokeMain(Main.java:194)
	at org.mortbay.start.Main.start(Main.java:523)
	at org.mortbay.start.Main.main(Main.java:119)
Caused by: java.sql.SQLException: ORA-00904: "CHANGE_TYPE": 标识符无效

	at oracle.jdbc.driver.DatabaseError.throwSqlException(DatabaseError.java:124)
	... 85 more
]]
[ERROR][2014-07-22 11:47:45,262][ExceptionHandlerBase] - [Database error while processing request.
Unable to execute statement: INSERT into hrmpct (area_comn,area_comn_ocup,status,rm_cat,from_bl_id,date_created,rm_id,day_part,resources,em_id,area_comn_rm,primary_em,user_name,pct_time,date_start,change_type,org_id,fl_id,activity_log_id,date_deleted,mo_id,dp_id,area_comn_serv,pct_space,from_fl_id,ac_id,area_comn_nocup,from_rm_id,pct_id,area_rm,visitor_id,bl_id,rm_type,del_user_name,dv_id,prorate,parent_pct_id,primary_rm,cost,date_end,area_chargable) (SELECT area_comn,area_comn_ocup,status,rm_cat,from_bl_id,date_created,rm_id,day_part,resources,em_id,area_comn_rm,primary_em,user_name,pct_time,date_start,change_type,org_id,fl_id,activity_log_id,date_deleted,mo_id,dp_id,area_comn_serv,pct_space,from_fl_id,ac_id,area_comn_nocup,from_rm_id,pct_id,area_rm,visitor_id,bl_id,rm_type,del_user_name,dv_id,prorate,parent_pct_id,primary_rm,cost,date_end,area_chargable FROM  rmpct WHERE  rmpct.date_end<=TO_DATE('2013-07-22 00:00:00', 'YYYY-MM-DD HH24:MI:SS') AND rmpct.status = 1), database=[data]
	at com.archibus.db.DbConnectionImpl.executeUpdate(DbConnectionImpl.java:345)
	at com.archibus.db.RecordPersistenceImpl$UpdatePerform.doInTransaction(RecordPersistenceImpl.java:120)
	at com.archibus.db.RecordPersistenceImpl$3.doWithContext(RecordPersistenceImpl.java:1675)
	at com.archibus.context.utility.TransactionTemplate.doWithContext(TransactionTemplate.java:176)
	at com.archibus.db.RecordPersistenceImpl.performUpdateCommands(RecordPersistenceImpl.java:1672)
	at com.archibus.db.RecordPersistenceImpl.executeSql(RecordPersistenceImpl.java:871)
	at com.archibus.db.RecordPersistenceImpl.executeSql(RecordPersistenceImpl.java:830)
	at com.archibus.db.RecordPersistenceImpl.executeSql(RecordPersistenceImpl.java:808)
	at com.archibus.eventhandler.EventHandlerBase.executeDbSql(EventHandlerBase.java:527)
	at com.archibus.datasource.DataSourceImpl.executeUpdate(DataSourceImpl.java:2497)
	at com.archibus.service.space.SpaceTransactionHandler.archiveRmpctRecords(SpaceTransactionHandler.java:99)
	at sun.reflect.NativeMethodAccessorImpl.invoke0(Native Method)
	at sun.reflect.NativeMethodAccessorImpl.invoke(NativeMethodAccessorImpl.java:39)
	at sun.reflect.DelegatingMethodAccessorImpl.invoke(DelegatingMethodAccessorImpl.java:25)
	at java.lang.reflect.Method.invoke(Method.java:597)
	at com.archibus.jobmanager.EventHandlerAdapter.invokeMethod(EventHandlerAdapter.java:473)
	at com.archibus.jobmanager.EventHandlerAdapter.handle(EventHandlerAdapter.java:225)
	at com.archibus.jobmanager.WorkflowRuleExecutorImpl$1$1.doWithContext(WorkflowRuleExecutorImpl.java:265)
	at com.archibus.context.utility.EventHandlerContextTemplate.doWithContext(EventHandlerContextTemplate.java:71)
	at com.archibus.jobmanager.WorkflowRuleExecutorImpl$1.doWithContext(WorkflowRuleExecutorImpl.java:261)
	at com.archibus.context.utility.TransactionTemplate.doWithContext(TransactionTemplate.java:176)
	at com.archibus.jobmanager.WorkflowRuleExecutorImpl.start(WorkflowRuleExecutorImpl.java:256)
	at com.archibus.jobmanager.WorkflowRuleExecutorSyncImpl.start(WorkflowRuleExecutorSyncImpl.java:18)
	at com.archibus.jobmanager.WorkflowRulesContainerImpl.startRule(WorkflowRulesContainerImpl.java:418)
	at com.archibus.jobmanager.WorkflowRulesContainerImpl.runRule(WorkflowRulesContainerImpl.java:246)
	at com.archibus.jobmanager.WorkflowRulesContainerImpl.runRulesOnStartup(WorkflowRulesContainerImpl.java:842)
	at com.archibus.jobmanager.WorkflowRulesContainerImpl.startScheduler(WorkflowRulesContainerImpl.java:594)
	at sun.reflect.NativeMethodAccessorImpl.invoke0(Native Method)
	at sun.reflect.NativeMethodAccessorImpl.invoke(NativeMethodAccessorImpl.java:39)
	at sun.reflect.DelegatingMethodAccessorImpl.invoke(DelegatingMethodAccessorImpl.java:25)
	at java.lang.reflect.Method.invoke(Method.java:597)
	at org.springframework.aop.support.AopUtils.invokeJoinpointUsingReflection(AopUtils.java:307)
	at org.springframework.aop.framework.JdkDynamicAopProxy.invoke(JdkDynamicAopProxy.java:198)
	at com.sun.proxy.$Proxy11.startScheduler(Unknown Source)
	at com.archibus.config.ConfigManagerImpl.afterAddProjects(ConfigManagerImpl.java:360)
	at com.archibus.config.ProjectsFactory.readProjectConfigs(ProjectsFactory.java:175)
	at com.archibus.config.ProjectsFactory.access$000(ProjectsFactory.java:22)
	at com.archibus.config.ProjectsFactory$1.doWithContext(ProjectsFactory.java:58)
	at com.archibus.context.utility.ContextTemplate.doWithContextWrappedException(ContextTemplate.java:113)
	at com.archibus.config.ProjectsFactory.createProjects(ProjectsFactory.java:55)
	at sun.reflect.NativeMethodAccessorImpl.invoke0(Native Method)
	at sun.reflect.NativeMethodAccessorImpl.invoke(NativeMethodAccessorImpl.java:39)
	at sun.reflect.DelegatingMethodAccessorImpl.invoke(DelegatingMethodAccessorImpl.java:25)
	at java.lang.reflect.Method.invoke(Method.java:597)
	at org.springframework.beans.factory.support.SimpleInstantiationStrategy.instantiate(SimpleInstantiationStrategy.java:115)
	at org.springframework.beans.factory.support.ConstructorResolver.instantiateUsingFactoryMethod(ConstructorResolver.java:435)
	at org.springframework.beans.factory.support.AbstractAutowireCapableBeanFactory.instantiateUsingFactoryMethod(AbstractAutowireCapableBeanFactory.java:903)
	at org.springframework.beans.factory.support.AbstractAutowireCapableBeanFactory.createBeanInstance(AbstractAutowireCapableBeanFactory.java:817)
	at org.springframework.beans.factory.support.AbstractAutowireCapableBeanFactory.doCreateBean(AbstractAutowireCapableBeanFactory.java:440)
	at org.springframework.beans.factory.support.AbstractAutowireCapableBeanFactory$1.run(AbstractAutowireCapableBeanFactory.java:409)
	at java.security.AccessController.doPrivileged(Native Method)
	at org.springframework.beans.factory.support.AbstractAutowireCapableBeanFactory.createBean(AbstractAutowireCapableBeanFactory.java:380)
	at org.springframework.beans.factory.support.AbstractBeanFactory$1.getObject(AbstractBeanFactory.java:264)
	at org.springframework.beans.factory.support.DefaultSingletonBeanRegistry.getSingleton(DefaultSingletonBeanRegistry.java:222)
	at org.springframework.beans.factory.support.AbstractBeanFactory.doGetBean(AbstractBeanFactory.java:261)
	at org.springframework.beans.factory.support.AbstractBeanFactory.getBean(AbstractBeanFactory.java:185)
	at org.springframework.beans.factory.support.AbstractBeanFactory.getBean(AbstractBeanFactory.java:164)
	at org.springframework.beans.factory.support.DefaultListableBeanFactory.preInstantiateSingletons(DefaultListableBeanFactory.java:429)
	at org.springframework.context.support.AbstractApplicationContext.finishBeanFactoryInitialization(AbstractApplicationContext.java:728)
	at org.springframework.context.support.AbstractApplicationContext.refresh(AbstractApplicationContext.java:380)
	at org.springframework.web.context.ContextLoader.createWebApplicationContext(ContextLoader.java:255)
	at org.springframework.web.context.ContextLoader.initWebApplicationContext(ContextLoader.java:199)
	at org.springframework.web.context.ContextLoaderListener.contextInitialized(ContextLoaderListener.java:45)
	at com.archibus.servletx.WebCentralContextLoaderListener.contextInitialized(WebCentralContextLoaderListener.java:60)
	at org.mortbay.jetty.handler.ContextHandler.startContext(ContextHandler.java:547)
	at org.mortbay.jetty.servlet.Context.startContext(Context.java:136)
	at org.mortbay.jetty.webapp.WebAppContext.startContext(WebAppContext.java:1233)
	at org.mortbay.jetty.handler.ContextHandler.doStart(ContextHandler.java:516)
	at org.mortbay.jetty.webapp.WebAppContext.doStart(WebAppContext.java:459)
	at org.mortbay.component.AbstractLifeCycle.start(AbstractLifeCycle.java:42)
	at org.mortbay.jetty.handler.HandlerCollection.doStart(HandlerCollection.java:152)
	at org.mortbay.jetty.handler.ContextHandlerCollection.doStart(ContextHandlerCollection.java:156)
	at org.mortbay.component.AbstractLifeCycle.start(AbstractLifeCycle.java:42)
	at org.mortbay.jetty.handler.HandlerCollection.doStart(HandlerCollection.java:152)
	at org.mortbay.component.AbstractLifeCycle.start(AbstractLifeCycle.java:42)
	at org.mortbay.jetty.handler.HandlerWrapper.doStart(HandlerWrapper.java:130)
	at org.mortbay.jetty.Server.doStart(Server.java:222)
	at org.mortbay.component.AbstractLifeCycle.start(AbstractLifeCycle.java:42)
	at org.mortbay.xml.XmlConfiguration.main(XmlConfiguration.java:985)
	at sun.reflect.NativeMethodAccessorImpl.invoke0(Native Method)
	at sun.reflect.NativeMethodAccessorImpl.invoke(NativeMethodAccessorImpl.java:39)
	at sun.reflect.DelegatingMethodAccessorImpl.invoke(DelegatingMethodAccessorImpl.java:25)
	at java.lang.reflect.Method.invoke(Method.java:597)
	at org.mortbay.start.Main.invokeMain(Main.java:194)
	at org.mortbay.start.Main.start(Main.java:523)
	at org.mortbay.start.Main.main(Main.java:119)
Caused by: java.sql.SQLException: ORA-00904: "CHANGE_TYPE": 标识符无效

	at oracle.jdbc.driver.DatabaseError.throwSqlException(DatabaseError.java:124)
	... 85 more
]
