[ERROR][2014-08-07 16:35:15,390][WorkflowRuleImpl] - [com.archibus.app.common.space.service.RoomTransactionDataEventListener
	at com.archibus.jobmanager.EventHandlerAdapter.createEventHandler(EventHandlerAdapter.java:127)
	at com.archibus.jobmanager.EventHandlerAdapter.<init>(EventHandlerAdapter.java:81)
	at com.archibus.jobmanager.WorkflowRuleImpl.verifyEventHandlers(WorkflowRuleImpl.java:653)
	at com.archibus.jobmanager.WorkflowRuleImpl.<init>(WorkflowRuleImpl.java:552)
	at com.archibus.jobmanager.WorkflowRuleImpl.<init>(WorkflowRuleImpl.java:526)
	at com.archibus.jobmanager.WorkflowRulesContainerLoader.loadWorkflowRule(WorkflowRulesContainerLoader.java:381)
	at com.archibus.jobmanager.WorkflowRulesContainerLoader.loadWorkflowRule(WorkflowRulesContainerLoader.java:329)
	at com.archibus.jobmanager.WorkflowRulesContainerLoader.configure(WorkflowRulesContainerLoader.java:244)
	at com.archibus.jobmanager.WorkflowRulesContainerLoader.afterLoad(WorkflowRulesContainerLoader.java:87)
	at com.archibus.config.ClassCreator.load(ClassCreator.java:100)
	at com.archibus.config.ClassCreator.applyParametersAndLoad(ClassCreator.java:133)
	at com.archibus.config.SpringBeanClassCreator.createObject(SpringBeanClassCreator.java:46)
	at com.archibus.config.CacheAccessImpl$ObjectCreatorBaseImpl.createLoaderAndObject(CacheAccessImpl.java:201)
	at com.archibus.config.CacheAccessImpl$CachedObjectCreatorImpl.createObject(CacheAccessImpl.java:272)
	at com.archibus.config.CacheAccessImpl.createCached(CacheAccessImpl.java:153)
	at com.archibus.config.ProjectImpl.loadWorkflowRules(ProjectImpl.java:590)
	at com.archibus.config.ProjectImpl.loadWorkflowRules(ProjectImpl.java:541)
	at com.archibus.config.ProjectImpl.loadWorkflowRules(ProjectImpl.java:498)
	at com.archibus.config.ProjectLoader.openProject(ProjectLoader.java:263)
	at com.archibus.config.ProjectLoader.afterCached(ProjectLoader.java:150)
	at com.archibus.config.CacheAccessImpl$CachedObjectCreatorImpl.createObject(CacheAccessImpl.java:283)
	at com.archibus.config.CacheAccessImpl.createCached(CacheAccessImpl.java:153)
	at com.archibus.config.ProjectsFactory.readProjectConfigs(ProjectsFactory.java:142)
	at com.archibus.config.ProjectsFactory.access$000(ProjectsFactory.java:22)
	at com.archibus.config.ProjectsFactory$1.doWithContext(ProjectsFactory.java:58)
	at com.archibus.context.utility.ContextTemplate.doWithContextWrappedException(ContextTemplate.java:113)
	at com.archibus.config.ProjectsFactory.createProjects(ProjectsFactory.java:55)
	at sun.reflect.NativeMethodAccessorImpl.invoke0(Native Method)
	at sun.reflect.NativeMethodAccessorImpl.invoke(NativeMethodAccessorImpl.java:39)
	at sun.reflect.DelegatingMethodAccessorImpl.invoke(DelegatingMethodAccessorImpl.java:25)
	at java.lang.reflect.Method.invoke(Method.java:597)
	at org.springframework.beans.factory.support.SimpleInstantiationStrategy.instantiate(SimpleInstantiationStrategy.java:115)
	at org.springframework.beans.factory.support.ConstructorResolver.instantiateUsingFactoryMethod(ConstructorResolver.java:435)
	at org.springframework.beans.factory.support.AbstractAutowireCapableBeanFactory.instantiateUsingFactoryMethod(AbstractAutowireCapableBeanFactory.java:903)
	at org.springframework.beans.factory.support.AbstractAutowireCapableBeanFactory.createBeanInstance(AbstractAutowireCapableBeanFactory.java:817)
	at org.springframework.beans.factory.support.AbstractAutowireCapableBeanFactory.doCreateBean(AbstractAutowireCapableBeanFactory.java:440)
	at org.springframework.beans.factory.support.AbstractAutowireCapableBeanFactory$1.run(AbstractAutowireCapableBeanFactory.java:409)
	at java.security.AccessController.doPrivileged(Native Method)
	at org.springframework.beans.factory.support.AbstractAutowireCapableBeanFactory.createBean(AbstractAutowireCapableBeanFactory.java:380)
	at org.springframework.beans.factory.support.AbstractBeanFactory$1.getObject(AbstractBeanFactory.java:264)
	at org.springframework.beans.factory.support.DefaultSingletonBeanRegistry.getSingleton(DefaultSingletonBeanRegistry.java:222)
	at org.springframework.beans.factory.support.AbstractBeanFactory.doGetBean(AbstractBeanFactory.java:261)
	at org.springframework.beans.factory.support.AbstractBeanFactory.getBean(AbstractBeanFactory.java:185)
	at org.springframework.beans.factory.support.AbstractBeanFactory.getBean(AbstractBeanFactory.java:164)
	at org.springframework.beans.factory.support.DefaultListableBeanFactory.preInstantiateSingletons(DefaultListableBeanFactory.java:429)
	at org.springframework.context.support.AbstractApplicationContext.finishBeanFactoryInitialization(AbstractApplicationContext.java:728)
	at org.springframework.context.support.AbstractApplicationContext.refresh(AbstractApplicationContext.java:380)
	at org.springframework.web.context.ContextLoader.createWebApplicationContext(ContextLoader.java:255)
	at org.springframework.web.context.ContextLoader.initWebApplicationContext(ContextLoader.java:199)
	at org.springframework.web.context.ContextLoaderListener.contextInitialized(ContextLoaderListener.java:45)
	at com.archibus.servletx.WebCentralContextLoaderListener.contextInitialized(WebCentralContextLoaderListener.java:60)
	at org.mortbay.jetty.handler.ContextHandler.startContext(ContextHandler.java:547)
	at org.mortbay.jetty.servlet.Context.startContext(Context.java:136)
	at org.mortbay.jetty.webapp.WebAppContext.startContext(WebAppContext.java:1233)
	at org.mortbay.jetty.handler.ContextHandler.doStart(ContextHandler.java:516)
	at org.mortbay.jetty.webapp.WebAppContext.doStart(WebAppContext.java:459)
	at org.mortbay.component.AbstractLifeCycle.start(AbstractLifeCycle.java:42)
	at org.mortbay.jetty.handler.HandlerCollection.doStart(HandlerCollection.java:152)
	at org.mortbay.jetty.handler.ContextHandlerCollection.doStart(ContextHandlerCollection.java:156)
	at org.mortbay.component.AbstractLifeCycle.start(AbstractLifeCycle.java:42)
	at org.mortbay.jetty.handler.HandlerCollection.doStart(HandlerCollection.java:152)
	at org.mortbay.component.AbstractLifeCycle.start(AbstractLifeCycle.java:42)
	at org.mortbay.jetty.handler.HandlerWrapper.doStart(HandlerWrapper.java:130)
	at org.mortbay.jetty.Server.doStart(Server.java:222)
	at org.mortbay.component.AbstractLifeCycle.start(AbstractLifeCycle.java:42)
	at org.mortbay.xml.XmlConfiguration.main(XmlConfiguration.java:985)
	at sun.reflect.NativeMethodAccessorImpl.invoke0(Native Method)
	at sun.reflect.NativeMethodAccessorImpl.invoke(NativeMethodAccessorImpl.java:39)
	at sun.reflect.DelegatingMethodAccessorImpl.invoke(DelegatingMethodAccessorImpl.java:25)
	at java.lang.reflect.Method.invoke(Method.java:597)
	at org.mortbay.start.Main.invokeMain(Main.java:194)
	at org.mortbay.start.Main.start(Main.java:523)
	at org.mortbay.start.Main.main(Main.java:119)
Caused by: java.lang.ClassNotFoundException: com.archibus.app.common.space.service.RoomTransactionDataEventListener
	at java.net.URLClassLoader$1.run(URLClassLoader.java:202)
	... 72 more
]
[ERROR][2014-08-07 16:35:15,421][WorkflowRulesContainerLoader] - [Workflow rule is invalid: [AbSpaceRoomInventoryBAR-RoomTransactionRecorderForDataChangeEvent]]
[ERROR][2014-08-07 17:09:34,359][NotAuthenticated] - [View [/schema/ab-core/views/process-navigator/navigator-details.axvw] is prohibited]
[ERROR][2014-08-07 17:09:34,953][NotAuthenticated] - [Prohibited view was requested, forwarding to login view]
[ERROR][2014-08-07 17:13:08,375][WorkflowRuleImpl] - [com.archibus.app.common.space.service.RoomTransactionDataEventListener
	at com.archibus.jobmanager.EventHandlerAdapter.createEventHandler(EventHandlerAdapter.java:127)
	at com.archibus.jobmanager.EventHandlerAdapter.<init>(EventHandlerAdapter.java:81)
	at com.archibus.jobmanager.WorkflowRuleImpl.verifyEventHandlers(WorkflowRuleImpl.java:653)
	at com.archibus.jobmanager.WorkflowRuleImpl.<init>(WorkflowRuleImpl.java:552)
	at com.archibus.jobmanager.WorkflowRuleImpl.<init>(WorkflowRuleImpl.java:526)
	at com.archibus.jobmanager.WorkflowRulesContainerLoader.loadWorkflowRule(WorkflowRulesContainerLoader.java:381)
	at com.archibus.jobmanager.WorkflowRulesContainerLoader.loadWorkflowRule(WorkflowRulesContainerLoader.java:329)
	at com.archibus.jobmanager.WorkflowRulesContainerLoader.configure(WorkflowRulesContainerLoader.java:244)
	at com.archibus.jobmanager.WorkflowRulesContainerLoader.afterLoad(WorkflowRulesContainerLoader.java:87)
	at com.archibus.config.ClassCreator.load(ClassCreator.java:100)
	at com.archibus.config.ClassCreator.applyParametersAndLoad(ClassCreator.java:133)
	at com.archibus.config.SpringBeanClassCreator.createObject(SpringBeanClassCreator.java:46)
	at com.archibus.config.CacheAccessImpl$ObjectCreatorBaseImpl.createLoaderAndObject(CacheAccessImpl.java:201)
	at com.archibus.config.CacheAccessImpl$CachedObjectCreatorImpl.createObject(CacheAccessImpl.java:272)
	at com.archibus.config.CacheAccessImpl.createCached(CacheAccessImpl.java:153)
	at com.archibus.config.ProjectImpl.loadWorkflowRules(ProjectImpl.java:590)
	at com.archibus.config.ProjectImpl.loadWorkflowRules(ProjectImpl.java:541)
	at com.archibus.config.ProjectImpl.loadWorkflowRules(ProjectImpl.java:498)
	at com.archibus.config.ProjectLoader.openProject(ProjectLoader.java:263)
	at com.archibus.config.ProjectLoader.afterCached(ProjectLoader.java:150)
	at com.archibus.config.CacheAccessImpl$CachedObjectCreatorImpl.createObject(CacheAccessImpl.java:283)
	at com.archibus.config.CacheAccessImpl.createCached(CacheAccessImpl.java:153)
	at com.archibus.config.ProjectsFactory.readProjectConfigs(ProjectsFactory.java:142)
	at com.archibus.config.ProjectsFactory.access$000(ProjectsFactory.java:22)
	at com.archibus.config.ProjectsFactory$1.doWithContext(ProjectsFactory.java:58)
	at com.archibus.context.utility.ContextTemplate.doWithContextWrappedException(ContextTemplate.java:113)
	at com.archibus.config.ProjectsFactory.createProjects(ProjectsFactory.java:55)
	at sun.reflect.NativeMethodAccessorImpl.invoke0(Native Method)
	at sun.reflect.NativeMethodAccessorImpl.invoke(NativeMethodAccessorImpl.java:39)
	at sun.reflect.DelegatingMethodAccessorImpl.invoke(DelegatingMethodAccessorImpl.java:25)
	at java.lang.reflect.Method.invoke(Method.java:597)
	at org.springframework.beans.factory.support.SimpleInstantiationStrategy.instantiate(SimpleInstantiationStrategy.java:115)
	at org.springframework.beans.factory.support.ConstructorResolver.instantiateUsingFactoryMethod(ConstructorResolver.java:435)
	at org.springframework.beans.factory.support.AbstractAutowireCapableBeanFactory.instantiateUsingFactoryMethod(AbstractAutowireCapableBeanFactory.java:903)
	at org.springframework.beans.factory.support.AbstractAutowireCapableBeanFactory.createBeanInstance(AbstractAutowireCapableBeanFactory.java:817)
	at org.springframework.beans.factory.support.AbstractAutowireCapableBeanFactory.doCreateBean(AbstractAutowireCapableBeanFactory.java:440)
	at org.springframework.beans.factory.support.AbstractAutowireCapableBeanFactory$1.run(AbstractAutowireCapableBeanFactory.java:409)
	at java.security.AccessController.doPrivileged(Native Method)
	at org.springframework.beans.factory.support.AbstractAutowireCapableBeanFactory.createBean(AbstractAutowireCapableBeanFactory.java:380)
	at org.springframework.beans.factory.support.AbstractBeanFactory$1.getObject(AbstractBeanFactory.java:264)
	at org.springframework.beans.factory.support.DefaultSingletonBeanRegistry.getSingleton(DefaultSingletonBeanRegistry.java:222)
	at org.springframework.beans.factory.support.AbstractBeanFactory.doGetBean(AbstractBeanFactory.java:261)
	at org.springframework.beans.factory.support.AbstractBeanFactory.getBean(AbstractBeanFactory.java:185)
	at org.springframework.beans.factory.support.AbstractBeanFactory.getBean(AbstractBeanFactory.java:164)
	at org.springframework.beans.factory.support.DefaultListableBeanFactory.preInstantiateSingletons(DefaultListableBeanFactory.java:429)
	at org.springframework.context.support.AbstractApplicationContext.finishBeanFactoryInitialization(AbstractApplicationContext.java:728)
	at org.springframework.context.support.AbstractApplicationContext.refresh(AbstractApplicationContext.java:380)
	at org.springframework.web.context.ContextLoader.createWebApplicationContext(ContextLoader.java:255)
	at org.springframework.web.context.ContextLoader.initWebApplicationContext(ContextLoader.java:199)
	at org.springframework.web.context.ContextLoaderListener.contextInitialized(ContextLoaderListener.java:45)
	at com.archibus.servletx.WebCentralContextLoaderListener.contextInitialized(WebCentralContextLoaderListener.java:60)
	at org.mortbay.jetty.handler.ContextHandler.startContext(ContextHandler.java:547)
	at org.mortbay.jetty.servlet.Context.startContext(Context.java:136)
	at org.mortbay.jetty.webapp.WebAppContext.startContext(WebAppContext.java:1233)
	at org.mortbay.jetty.handler.ContextHandler.doStart(ContextHandler.java:516)
	at org.mortbay.jetty.webapp.WebAppContext.doStart(WebAppContext.java:459)
	at org.mortbay.component.AbstractLifeCycle.start(AbstractLifeCycle.java:42)
	at org.mortbay.jetty.handler.HandlerCollection.doStart(HandlerCollection.java:152)
	at org.mortbay.jetty.handler.ContextHandlerCollection.doStart(ContextHandlerCollection.java:156)
	at org.mortbay.component.AbstractLifeCycle.start(AbstractLifeCycle.java:42)
	at org.mortbay.jetty.handler.HandlerCollection.doStart(HandlerCollection.java:152)
	at org.mortbay.component.AbstractLifeCycle.start(AbstractLifeCycle.java:42)
	at org.mortbay.jetty.handler.HandlerWrapper.doStart(HandlerWrapper.java:130)
	at org.mortbay.jetty.Server.doStart(Server.java:222)
	at org.mortbay.component.AbstractLifeCycle.start(AbstractLifeCycle.java:42)
	at org.mortbay.xml.XmlConfiguration.main(XmlConfiguration.java:985)
	at sun.reflect.NativeMethodAccessorImpl.invoke0(Native Method)
	at sun.reflect.NativeMethodAccessorImpl.invoke(NativeMethodAccessorImpl.java:39)
	at sun.reflect.DelegatingMethodAccessorImpl.invoke(DelegatingMethodAccessorImpl.java:25)
	at java.lang.reflect.Method.invoke(Method.java:597)
	at org.mortbay.start.Main.invokeMain(Main.java:194)
	at org.mortbay.start.Main.start(Main.java:523)
	at org.mortbay.start.Main.main(Main.java:119)
Caused by: java.lang.ClassNotFoundException: com.archibus.app.common.space.service.RoomTransactionDataEventListener
	at java.net.URLClassLoader$1.run(URLClassLoader.java:202)
	... 72 more
]
[ERROR][2014-08-07 17:13:08,390][WorkflowRulesContainerLoader] - [Workflow rule is invalid: [AbSpaceRoomInventoryBAR-RoomTransactionRecorderForDataChangeEvent]]
[ERROR][2014-08-07 17:13:49,796][Authenticated] - [Service call [login] is prohibited: prohibitedMethod=[true], adminMethod=[false], isSystemAdministrator=[true]]
[ERROR][2014-08-07 17:18:59,968][ExceptionHandlerBase] - [Operation failed: Find file by the file path=[/schema/asc-bj-usms-eq-def-ctry.axvw]|4
	at com.archibus.config.ContextImpl.findFile(ContextImpl.java:983)
	at com.archibus.servletx.utility.FileHelper.findFile(FileHelper.java:134)
	at com.archibus.servletx.utility.FileIndex.getOrCreateFileIndexEntry(FileIndex.java:87)
	at com.archibus.servletx.utility.FileHelper.fileNameToServletPath(FileHelper.java:32)
	at com.archibus.servletx.controller.SecurityControllerImpl.resolveViewName(SecurityControllerImpl.java:368)
	at com.archibus.servletx.controller.SecurityControllerImpl.handle(SecurityControllerImpl.java:278)
	at com.archibus.servletx.controller.SecurityControllerImpl.handle(SecurityControllerImpl.java:231)
	at com.archibus.servletx.RenderingFilter.doFilterInternal(RenderingFilter.java:81)
	at com.archibus.servletx.FilterBeanBase.doFilter(FilterBeanBase.java:42)
	at sun.reflect.GeneratedMethodAccessor34.invoke(Unknown Source)
	at sun.reflect.DelegatingMethodAccessorImpl.invoke(DelegatingMethodAccessorImpl.java:25)
	at java.lang.reflect.Method.invoke(Method.java:597)
	at org.springframework.aop.support.AopUtils.invokeJoinpointUsingReflection(AopUtils.java:307)
	at org.springframework.aop.framework.ReflectiveMethodInvocation.invokeJoinpoint(ReflectiveMethodInvocation.java:182)
	at org.springframework.aop.framework.ReflectiveMethodInvocation.proceed(ReflectiveMethodInvocation.java:149)
	at com.archibus.service.interceptor.DelayedExceptionHandlingInterceptor.invoke(DelayedExceptionHandlingInterceptor.java:54)
	at org.springframework.aop.framework.ReflectiveMethodInvocation.proceed(ReflectiveMethodInvocation.java:171)
	at org.springframework.aop.framework.JdkDynamicAopProxy.invoke(JdkDynamicAopProxy.java:204)
	at $Proxy12.doFilter(Unknown Source)
	at org.springframework.security.util.FilterChainProxy$VirtualFilterChain.doFilter(FilterChainProxy.java:390)
	at com.archibus.servletx.SecurityFilter.doWithContext(SecurityFilter.java:70)
	at com.archibus.servletx.SecurityFilter.doFilterInternal(SecurityFilter.java:32)
	at com.archibus.servletx.FilterBeanBase.doFilter(FilterBeanBase.java:42)
	at sun.reflect.GeneratedMethodAccessor34.invoke(Unknown Source)
	at sun.reflect.DelegatingMethodAccessorImpl.invoke(DelegatingMethodAccessorImpl.java:25)
	at java.lang.reflect.Method.invoke(Method.java:597)
	at org.springframework.aop.support.AopUtils.invokeJoinpointUsingReflection(AopUtils.java:307)
	at org.springframework.aop.framework.ReflectiveMethodInvocation.invokeJoinpoint(ReflectiveMethodInvocation.java:182)
	at org.springframework.aop.framework.ReflectiveMethodInvocation.proceed(ReflectiveMethodInvocation.java:149)
	at com.archibus.service.interceptor.SecurityControllerInterceptor$1.doWithContext(SecurityControllerInterceptor.java:65)
	at com.archibus.context.utility.SecurityControllerTemplate.doWithContext(SecurityControllerTemplate.java:128)
	at com.archibus.service.interceptor.SecurityControllerInterceptor.invoke(SecurityControllerInterceptor.java:62)
	at org.springframework.aop.framework.ReflectiveMethodInvocation.proceed(ReflectiveMethodInvocation.java:171)
	at org.springframework.aop.framework.JdkDynamicAopProxy.invoke(JdkDynamicAopProxy.java:204)
	at $Proxy12.doFilter(Unknown Source)
	at org.springframework.security.util.FilterChainProxy$VirtualFilterChain.doFilter(FilterChainProxy.java:390)
	at com.archibus.servletx.ContextFilter.doFilterInternal(ContextFilter.java:68)
	at com.archibus.servletx.FilterBeanBase.doFilter(FilterBeanBase.java:42)
	at sun.reflect.GeneratedMethodAccessor34.invoke(Unknown Source)
	at sun.reflect.DelegatingMethodAccessorImpl.invoke(DelegatingMethodAccessorImpl.java:25)
	at java.lang.reflect.Method.invoke(Method.java:597)
	at org.springframework.aop.support.AopUtils.invokeJoinpointUsingReflection(AopUtils.java:307)
	at org.springframework.aop.framework.JdkDynamicAopProxy.invoke(JdkDynamicAopProxy.java:198)
	at $Proxy12.doFilter(Unknown Source)
	at org.springframework.security.util.FilterChainProxy$VirtualFilterChain.doFilter(FilterChainProxy.java:390)
	at org.springframework.security.context.HttpSessionContextIntegrationFilter.doFilterHttp(HttpSessionContextIntegrationFilter.java:235)
	at org.springframework.security.ui.SpringSecurityFilter.doFilter(SpringSecurityFilter.java:53)
	at sun.reflect.GeneratedMethodAccessor34.invoke(Unknown Source)
	at sun.reflect.DelegatingMethodAccessorImpl.invoke(DelegatingMethodAccessorImpl.java:25)
	at java.lang.reflect.Method.invoke(Method.java:597)
	at org.springframework.aop.support.AopUtils.invokeJoinpointUsingReflection(AopUtils.java:307)
	at org.springframework.aop.framework.ReflectiveMethodInvocation.invokeJoinpoint(ReflectiveMethodInvocation.java:182)
	at org.springframework.aop.framework.ReflectiveMethodInvocation.proceed(ReflectiveMethodInvocation.java:149)
	at com.archibus.service.interceptor.ExceptionHandlingInterceptor.invoke(ExceptionHandlingInterceptor.java:48)
	at org.springframework.aop.framework.ReflectiveMethodInvocation.proceed(ReflectiveMethodInvocation.java:171)
	at com.archibus.service.interceptor.ContextInterceptor$1.doWithContext(ContextInterceptor.java:57)
	at com.archibus.context.utility.ContextTemplate.doWithContext(ContextTemplate.java:97)
	at com.archibus.service.interceptor.ContextInterceptor.invoke(ContextInterceptor.java:54)
	at org.springframework.aop.framework.ReflectiveMethodInvocation.proceed(ReflectiveMethodInvocation.java:171)
	at org.springframework.aop.framework.JdkDynamicAopProxy.invoke(JdkDynamicAopProxy.java:204)
	at $Proxy12.doFilter(Unknown Source)
	at org.springframework.security.util.FilterChainProxy$VirtualFilterChain.doFilter(FilterChainProxy.java:390)
	at org.springframework.security.util.FilterChainProxy.doFilter(FilterChainProxy.java:175)
	at org.springframework.web.filter.DelegatingFilterProxy.invokeDelegate(DelegatingFilterProxy.java:236)
	at org.springframework.web.filter.DelegatingFilterProxy.doFilter(DelegatingFilterProxy.java:167)
	at org.mortbay.jetty.servlet.ServletHandler$CachedChain.doFilter(ServletHandler.java:1115)
	at org.mortbay.jetty.servlet.ServletHandler.handle(ServletHandler.java:361)
	at org.mortbay.jetty.security.SecurityHandler.handle(SecurityHandler.java:216)
	at org.mortbay.jetty.servlet.SessionHandler.handle(SessionHandler.java:181)
	at org.mortbay.jetty.handler.ContextHandler.handle(ContextHandler.java:757)
	at org.mortbay.jetty.webapp.WebAppContext.handle(WebAppContext.java:416)
	at org.mortbay.jetty.handler.ContextHandlerCollection.handle(ContextHandlerCollection.java:206)
	at org.mortbay.jetty.handler.HandlerCollection.handle(HandlerCollection.java:114)
	at org.mortbay.jetty.handler.HandlerWrapper.handle(HandlerWrapper.java:152)
	at org.mortbay.jetty.Server.handle(Server.java:324)
	at org.mortbay.jetty.HttpConnection.handleRequest(HttpConnection.java:502)
	at org.mortbay.jetty.HttpConnection$RequestHandler.headerComplete(HttpConnection.java:826)
	at org.mortbay.jetty.HttpParser.parseNext(HttpParser.java:523)
	at org.mortbay.jetty.HttpParser.parseAvailable(HttpParser.java:211)
	at org.mortbay.jetty.HttpConnection.handle(HttpConnection.java:377)
	at org.mortbay.io.nio.SelectChannelEndPoint.run(SelectChannelEndPoint.java:409)
	at org.mortbay.thread.QueuedThreadPool$PoolThread.run(QueuedThreadPool.java:497)
]
[ERROR][2014-08-07 17:18:59,984][ExceptionHandlerBase] - [Request =[GET /archibus/schema/asc-bj-usms-eq-def-ctry.axvw HTTP/1.1
Host: localhost:30000
User-Agent: Mozilla/5.0 (Windows NT 5.1; rv:31.0) Gecko/20100101 Firefox/31.0
Accept: text/html,application/xhtml+xml,application/xml;q=0.9,*/*;q=0.8
Accept-Language: zh-cn,zh;q=0.8,en-us;q=0.5,en;q=0.3
Accept-Encoding: gzip, deflate
Cookie: JSESSIONID=1aq3rtlqrzy9t
Connection: keep-alive
Referer: http://localhost:30000/archibus/schema/ab-core/views/process-navigator/navigator-details.axvw

], session=[1aq3rtlqrzy9t]]
[ERROR][2014-08-07 17:18:59,984][ExceptionHandlerRendering] - [Error is recoverable, showing error dialog]
[ERROR][2014-08-07 17:41:53,250][WorkflowRuleImpl] - [com.archibus.app.common.space.service.RoomTransactionDataEventListener
	at com.archibus.jobmanager.EventHandlerAdapter.createEventHandler(EventHandlerAdapter.java:127)
	at com.archibus.jobmanager.EventHandlerAdapter.<init>(EventHandlerAdapter.java:81)
	at com.archibus.jobmanager.WorkflowRuleImpl.verifyEventHandlers(WorkflowRuleImpl.java:653)
	at com.archibus.jobmanager.WorkflowRuleImpl.<init>(WorkflowRuleImpl.java:552)
	at com.archibus.jobmanager.WorkflowRuleImpl.<init>(WorkflowRuleImpl.java:526)
	at com.archibus.jobmanager.WorkflowRulesContainerLoader.loadWorkflowRule(WorkflowRulesContainerLoader.java:381)
	at com.archibus.jobmanager.WorkflowRulesContainerLoader.loadWorkflowRule(WorkflowRulesContainerLoader.java:329)
	at com.archibus.jobmanager.WorkflowRulesContainerLoader.configure(WorkflowRulesContainerLoader.java:244)
	at com.archibus.jobmanager.WorkflowRulesContainerLoader.afterLoad(WorkflowRulesContainerLoader.java:87)
	at com.archibus.config.ClassCreator.load(ClassCreator.java:100)
	at com.archibus.config.ClassCreator.applyParametersAndLoad(ClassCreator.java:133)
	at com.archibus.config.SpringBeanClassCreator.createObject(SpringBeanClassCreator.java:46)
	at com.archibus.config.CacheAccessImpl$ObjectCreatorBaseImpl.createLoaderAndObject(CacheAccessImpl.java:201)
	at com.archibus.config.CacheAccessImpl$CachedObjectCreatorImpl.createObject(CacheAccessImpl.java:272)
	at com.archibus.config.CacheAccessImpl.createCached(CacheAccessImpl.java:153)
	at com.archibus.config.ProjectImpl.loadWorkflowRules(ProjectImpl.java:590)
	at com.archibus.config.ProjectImpl.loadWorkflowRules(ProjectImpl.java:541)
	at com.archibus.config.ProjectImpl.loadWorkflowRules(ProjectImpl.java:498)
	at com.archibus.config.ProjectLoader.openProject(ProjectLoader.java:263)
	at com.archibus.config.ProjectLoader.afterCached(ProjectLoader.java:150)
	at com.archibus.config.CacheAccessImpl$CachedObjectCreatorImpl.createObject(CacheAccessImpl.java:283)
	at com.archibus.config.CacheAccessImpl.createCached(CacheAccessImpl.java:153)
	at com.archibus.config.ProjectsFactory.readProjectConfigs(ProjectsFactory.java:142)
	at com.archibus.config.ProjectsFactory.access$000(ProjectsFactory.java:22)
	at com.archibus.config.ProjectsFactory$1.doWithContext(ProjectsFactory.java:58)
	at com.archibus.context.utility.ContextTemplate.doWithContextWrappedException(ContextTemplate.java:113)
	at com.archibus.config.ProjectsFactory.createProjects(ProjectsFactory.java:55)
	at sun.reflect.NativeMethodAccessorImpl.invoke0(Native Method)
	at sun.reflect.NativeMethodAccessorImpl.invoke(NativeMethodAccessorImpl.java:39)
	at sun.reflect.DelegatingMethodAccessorImpl.invoke(DelegatingMethodAccessorImpl.java:25)
	at java.lang.reflect.Method.invoke(Method.java:597)
	at org.springframework.beans.factory.support.SimpleInstantiationStrategy.instantiate(SimpleInstantiationStrategy.java:115)
	at org.springframework.beans.factory.support.ConstructorResolver.instantiateUsingFactoryMethod(ConstructorResolver.java:435)
	at org.springframework.beans.factory.support.AbstractAutowireCapableBeanFactory.instantiateUsingFactoryMethod(AbstractAutowireCapableBeanFactory.java:903)
	at org.springframework.beans.factory.support.AbstractAutowireCapableBeanFactory.createBeanInstance(AbstractAutowireCapableBeanFactory.java:817)
	at org.springframework.beans.factory.support.AbstractAutowireCapableBeanFactory.doCreateBean(AbstractAutowireCapableBeanFactory.java:440)
	at org.springframework.beans.factory.support.AbstractAutowireCapableBeanFactory$1.run(AbstractAutowireCapableBeanFactory.java:409)
	at java.security.AccessController.doPrivileged(Native Method)
	at org.springframework.beans.factory.support.AbstractAutowireCapableBeanFactory.createBean(AbstractAutowireCapableBeanFactory.java:380)
	at org.springframework.beans.factory.support.AbstractBeanFactory$1.getObject(AbstractBeanFactory.java:264)
	at org.springframework.beans.factory.support.DefaultSingletonBeanRegistry.getSingleton(DefaultSingletonBeanRegistry.java:222)
	at org.springframework.beans.factory.support.AbstractBeanFactory.doGetBean(AbstractBeanFactory.java:261)
	at org.springframework.beans.factory.support.AbstractBeanFactory.getBean(AbstractBeanFactory.java:185)
	at org.springframework.beans.factory.support.AbstractBeanFactory.getBean(AbstractBeanFactory.java:164)
	at org.springframework.beans.factory.support.DefaultListableBeanFactory.preInstantiateSingletons(DefaultListableBeanFactory.java:429)
	at org.springframework.context.support.AbstractApplicationContext.finishBeanFactoryInitialization(AbstractApplicationContext.java:728)
	at org.springframework.context.support.AbstractApplicationContext.refresh(AbstractApplicationContext.java:380)
	at org.springframework.web.context.ContextLoader.createWebApplicationContext(ContextLoader.java:255)
	at org.springframework.web.context.ContextLoader.initWebApplicationContext(ContextLoader.java:199)
	at org.springframework.web.context.ContextLoaderListener.contextInitialized(ContextLoaderListener.java:45)
	at com.archibus.servletx.WebCentralContextLoaderListener.contextInitialized(WebCentralContextLoaderListener.java:60)
	at org.mortbay.jetty.handler.ContextHandler.startContext(ContextHandler.java:547)
	at org.mortbay.jetty.servlet.Context.startContext(Context.java:136)
	at org.mortbay.jetty.webapp.WebAppContext.startContext(WebAppContext.java:1233)
	at org.mortbay.jetty.handler.ContextHandler.doStart(ContextHandler.java:516)
	at org.mortbay.jetty.webapp.WebAppContext.doStart(WebAppContext.java:459)
	at org.mortbay.component.AbstractLifeCycle.start(AbstractLifeCycle.java:42)
	at org.mortbay.jetty.handler.HandlerCollection.doStart(HandlerCollection.java:152)
	at org.mortbay.jetty.handler.ContextHandlerCollection.doStart(ContextHandlerCollection.java:156)
	at org.mortbay.component.AbstractLifeCycle.start(AbstractLifeCycle.java:42)
	at org.mortbay.jetty.handler.HandlerCollection.doStart(HandlerCollection.java:152)
	at org.mortbay.component.AbstractLifeCycle.start(AbstractLifeCycle.java:42)
	at org.mortbay.jetty.handler.HandlerWrapper.doStart(HandlerWrapper.java:130)
	at org.mortbay.jetty.Server.doStart(Server.java:222)
	at org.mortbay.component.AbstractLifeCycle.start(AbstractLifeCycle.java:42)
	at org.mortbay.xml.XmlConfiguration.main(XmlConfiguration.java:985)
	at sun.reflect.NativeMethodAccessorImpl.invoke0(Native Method)
	at sun.reflect.NativeMethodAccessorImpl.invoke(NativeMethodAccessorImpl.java:39)
	at sun.reflect.DelegatingMethodAccessorImpl.invoke(DelegatingMethodAccessorImpl.java:25)
	at java.lang.reflect.Method.invoke(Method.java:597)
	at org.mortbay.start.Main.invokeMain(Main.java:194)
	at org.mortbay.start.Main.start(Main.java:523)
	at org.mortbay.start.Main.main(Main.java:119)
Caused by: java.lang.ClassNotFoundException: com.archibus.app.common.space.service.RoomTransactionDataEventListener
	at java.net.URLClassLoader$1.run(URLClassLoader.java:202)
	... 72 more
]
[ERROR][2014-08-07 17:41:53,250][WorkflowRulesContainerLoader] - [Workflow rule is invalid: [AbSpaceRoomInventoryBAR-RoomTransactionRecorderForDataChangeEvent]]
